#
# There is insufficient memory for the Java Runtime Environment to continue.
# Native memory allocation (mmap) failed to map 120061952 bytes for committing reserved memory.
# Possible reasons:
#   The system is out of physical RAM or swap space
#   In 32 bit mode, the process size limit was hit
# Possible solutions:
#   Reduce memory load on the system
#   Increase physical memory or swap space
#   Check if swap backing store is full
#   Use 64 bit Java on a 64 bit OS
#   Decrease Java heap size (-Xmx/-Xms)
#   Decrease number of Java threads
#   Decrease Java thread stack sizes (-Xss)
#   Set larger code cache with -XX:ReservedCodeCacheSize=
# This output file may be truncated or incomplete.
#
#  Out of Memory Error (os_linux.cpp:2627), pid=24514, tid=0x00007f928c9d6700
#
# JRE version: Java(TM) SE Runtime Environment (8.0_111-b14) (build 1.8.0_111-b14)
# Java VM: Java HotSpot(TM) 64-Bit Server VM (25.111-b14 mixed mode linux-amd64 compressed oops)
# Failed to write core dump. Core dumps have been disabled. To enable core dumping, try "ulimit -c unlimited" before starting Java again
#

---------------  T H R E A D  ---------------

Current thread (0x00007f92a4082000):  VMThread [stack: 0x00007f928c8d6000,0x00007f928c9d7000] [id=24527]

Stack: [0x00007f928c8d6000,0x00007f928c9d7000],  sp=0x00007f928c9d5220,  free space=1020k
Native frames: (J=compiled Java code, j=interpreted, Vv=VM code, C=native code)
V  [libjvm.so+0xac5c2a]  VMError::report_and_die()+0x2ba
V  [libjvm.so+0x4fc50b]  report_vm_out_of_memory(char const*, int, unsigned long, VMErrorType, char const*)+0x8b
V  [libjvm.so+0x922ae3]  os::Linux::commit_memory_impl(char*, unsigned long, bool)+0x103
V  [libjvm.so+0x923039]  os::pd_commit_memory(char*, unsigned long, unsigned long, bool)+0x29
V  [libjvm.so+0x91d33a]  os::commit_memory(char*, unsigned long, unsigned long, bool)+0x2a
V  [libjvm.so+0x991ac3]  PSVirtualSpace::expand_by(unsigned long)+0x53
V  [libjvm.so+0x992ec8]  PSYoungGen::resize_generation(unsigned long, unsigned long)+0xf8
V  [libjvm.so+0x992022]  PSYoungGen::resize(unsigned long, unsigned long)+0x22
V  [libjvm.so+0x98f2fb]  PSScavenge::invoke_no_policy()+0xf3b
V  [libjvm.so+0x98fa81]  PSScavenge::invoke()+0x41
V  [libjvm.so+0x9467d0]  ParallelScavengeHeap::failed_mem_allocate(unsigned long)+0x70
V  [libjvm.so+0xac7647]  VM_ParallelGCFailedAllocation::doit()+0x97
V  [libjvm.so+0xacf125]  VM_Operation::evaluate()+0x55
V  [libjvm.so+0xacd4fa]  VMThread::evaluate_operation(VM_Operation*)+0xba
V  [libjvm.so+0xacd87e]  VMThread::loop()+0x1ce
V  [libjvm.so+0xacdcf0]  VMThread::run()+0x70
V  [libjvm.so+0x924ea8]  java_start(Thread*)+0x108

VM_Operation (0x00007f92abed8ca0): ParallelGCFailedAllocation, mode: safepoint, requested by thread 0x00007f92a400c000


---------------  P R O C E S S  ---------------

Java Threads: ( => current thread )
  0x00007f92a40d7000 JavaThread "Service Thread" daemon [_thread_blocked, id=24536, stack(0x00007f928c0ce000,0x00007f928c1cf000)]
  0x00007f92a40ca000 JavaThread "C1 CompilerThread3" daemon [_thread_blocked, id=24535, stack(0x00007f928c1cf000,0x00007f928c2d0000)]
  0x00007f92a40c7800 JavaThread "C2 CompilerThread2" daemon [_thread_blocked, id=24534, stack(0x00007f928c2d0000,0x00007f928c3d1000)]
  0x00007f92a40c6000 JavaThread "C2 CompilerThread1" daemon [_thread_blocked, id=24533, stack(0x00007f928c3d1000,0x00007f928c4d2000)]
  0x00007f92a40c3000 JavaThread "C2 CompilerThread0" daemon [_thread_blocked, id=24532, stack(0x00007f928c4d2000,0x00007f928c5d3000)]
  0x00007f92a40c1800 JavaThread "Signal Dispatcher" daemon [_thread_blocked, id=24531, stack(0x00007f928c5d3000,0x00007f928c6d4000)]
  0x00007f92a408e800 JavaThread "Finalizer" daemon [_thread_blocked, id=24529, stack(0x00007f928c6d4000,0x00007f928c7d5000)]
  0x00007f92a408a000 JavaThread "Reference Handler" daemon [_thread_blocked, id=24528, stack(0x00007f928c7d5000,0x00007f928c8d6000)]
  0x00007f92a400c000 JavaThread "main" [_thread_blocked, id=24518, stack(0x00007f92abdda000,0x00007f92abedb000)]

Other Threads:
=>0x00007f92a4082000 VMThread [stack: 0x00007f928c8d6000,0x00007f928c9d7000] [id=24527]
  0x00007f92a40d9800 WatcherThread [stack: 0x00007f9287540000,0x00007f9287641000] [id=24537]

VM state:at safepoint (normal execution)

VM Mutex/Monitor currently owned by a thread:  ([mutex/lock_event])
[0x00007f92a40086d0] Threads_lock - owner thread: 0x00007f92a4082000
[0x00007f92a4008bd0] Heap_lock - owner thread: 0x00007f92a400c000

Heap:
 PSYoungGen      total 201728K, used 704K [0x00000000ec100000, 0x00000000f8c00000, 0x0000000100000000)
  eden space 196096K, 0% used [0x00000000ec100000,0x00000000ec100000,0x00000000f8080000)
  from space 5632K, 12% used [0x00000000f8080000,0x00000000f8130000,0x00000000f8600000)
  to   space 5120K, 0% used [0x00000000f8600000,0x00000000f8600000,0x00000000f8b00000)
 ParOldGen       total 40960K, used 8963K [0x00000000c4200000, 0x00000000c6a00000, 0x00000000ec100000)
  object space 40960K, 21% used [0x00000000c4200000,0x00000000c4ac0e48,0x00000000c6a00000)
 Metaspace       used 9810K, capacity 10294K, committed 10496K, reserved 1058816K
  class space    used 1145K, capacity 1271K, committed 1280K, reserved 1048576K

Card table byte_map: [0x00007f92a899f000,0x00007f92a8b7f000] byte_map_base: 0x00007f92a837e000

Marking Bits: (ParMarkBitMap*) 0x00007f92ab2a8220
 Begin Bits: [0x00007f928e210000, 0x00007f928f108000)
 End Bits:   [0x00007f928f108000, 0x00007f9290000000)

Polling page: 0x00007f92abef9000

CodeCache: size=245760Kb used=6182Kb max_used=6194Kb free=239577Kb
 bounds [0x00007f9295000000, 0x00007f9295620000, 0x00007f92a4000000]
 total_blobs=2299 nmethods=1960 adapters=252
 compilation: enabled

Compilation events (10 events):
Event: 9,656 Thread 0x00007f92a40ca000 1964       3       org.cloudbus.cloudsim.vms.VmUtilizationHistory::addUtilizationHistory (94 bytes)
Event: 9,718 Thread 0x00007f92a40ca000 nmethod 1964 0x00007f929560ac10 code [0x00007f929560ae20, 0x00007f929560b728]
Event: 9,718 Thread 0x00007f92a40ca000 1965       3       org.cloudbus.cloudsim.schedulers.cloudlet.CloudletSchedulerAbstract::getCloudletExecList (8 bytes)
Event: 9,725 Thread 0x00007f92a40ca000 nmethod 1965 0x00007f929560ba10 code [0x00007f929560bc00, 0x00007f929560c4d8]
Event: 9,725 Thread 0x00007f92a40ca000 1966       3       org.cloudbus.cloudsim.schedulers.cloudlet.CloudletSchedulerAbstract::updateProcessing (54 bytes)
Event: 9,742 Thread 0x00007f92a40ca000 nmethod 1966 0x00007f929560c9d0 code [0x00007f929560cd00, 0x00007f929560e5f8]
Event: 9,743 Thread 0x00007f92a40ca000 1967       3       org.cloudbus.cloudsim.schedulers.cloudlet.CloudletSchedulerAbstract::setCurrentMipsShare (74 bytes)
Event: 9,748 Thread 0x00007f92a40ca000 nmethod 1967 0x00007f929560f450 code [0x00007f929560f680, 0x00007f9295610338]
Event: 9,765 Thread 0x00007f92a40c6000 nmethod 1963 0x00007f9295613810 code [0x00007f92956139c0, 0x00007f9295613d28]
Event: 10,502 Thread 0x00007f92a40ca000 1968       3       java.util.stream.ReduceOps$12::makeSink (5 bytes)

GC Heap History (10 events):
Event: 4,123 GC heap after
Heap after GC invocations=6 (full 0):
 PSYoungGen      total 66560K, used 2934K [0x00000000ec100000, 0x00000000f0700000, 0x0000000100000000)
  eden space 61440K, 0% used [0x00000000ec100000,0x00000000ec100000,0x00000000efd00000)
  from space 5120K, 57% used [0x00000000f0200000,0x00000000f04ddba8,0x00000000f0700000)
  to   space 5120K, 0% used [0x00000000efd00000,0x00000000efd00000,0x00000000f0200000)
 ParOldGen       total 40960K, used 4457K [0x00000000c4200000, 0x00000000c6a00000, 0x00000000ec100000)
  object space 40960K, 10% used [0x00000000c4200000,0x00000000c465a4d0,0x00000000c6a00000)
 Metaspace       used 9708K, capacity 10218K, committed 10240K, reserved 1058816K
  class space    used 1144K, capacity 1271K, committed 1280K, reserved 1048576K
}
Event: 4,747 GC heap before
{Heap before GC invocations=7 (full 0):
 PSYoungGen      total 66560K, used 64374K [0x00000000ec100000, 0x00000000f0700000, 0x0000000100000000)
  eden space 61440K, 100% used [0x00000000ec100000,0x00000000efd00000,0x00000000efd00000)
  from space 5120K, 57% used [0x00000000f0200000,0x00000000f04ddba8,0x00000000f0700000)
  to   space 5120K, 0% used [0x00000000efd00000,0x00000000efd00000,0x00000000f0200000)
 ParOldGen       total 40960K, used 4457K [0x00000000c4200000, 0x00000000c6a00000, 0x00000000ec100000)
  object space 40960K, 10% used [0x00000000c4200000,0x00000000c465a4d0,0x00000000c6a00000)
 Metaspace       used 9752K, capacity 10230K, committed 10240K, reserved 1058816K
  class space    used 1144K, capacity 1271K, committed 1280K, reserved 1048576K
Event: 4,752 GC heap after
Heap after GC invocations=7 (full 0):
 PSYoungGen      total 66560K, used 1398K [0x00000000ec100000, 0x00000000f4300000, 0x0000000100000000)
  eden space 61440K, 0% used [0x00000000ec100000,0x00000000ec100000,0x00000000efd00000)
  from space 5120K, 27% used [0x00000000efd00000,0x00000000efe5dba8,0x00000000f0200000)
  to   space 5120K, 0% used [0x00000000f3e00000,0x00000000f3e00000,0x00000000f4300000)
 ParOldGen       total 40960K, used 6456K [0x00000000c4200000, 0x00000000c6a00000, 0x00000000ec100000)
  object space 40960K, 15% used [0x00000000c4200000,0x00000000c484e290,0x00000000c6a00000)
 Metaspace       used 9752K, capacity 10230K, committed 10240K, reserved 1058816K
  class space    used 1144K, capacity 1271K, committed 1280K, reserved 1048576K
}
Event: 5,371 GC heap before
{Heap before GC invocations=8 (full 0):
 PSYoungGen      total 66560K, used 62838K [0x00000000ec100000, 0x00000000f4300000, 0x0000000100000000)
  eden space 61440K, 100% used [0x00000000ec100000,0x00000000efd00000,0x00000000efd00000)
  from space 5120K, 27% used [0x00000000efd00000,0x00000000efe5dba8,0x00000000f0200000)
  to   space 5120K, 0% used [0x00000000f3e00000,0x00000000f3e00000,0x00000000f4300000)
 ParOldGen       total 40960K, used 6456K [0x00000000c4200000, 0x00000000c6a00000, 0x00000000ec100000)
  object space 40960K, 15% used [0x00000000c4200000,0x00000000c484e290,0x00000000c6a00000)
 Metaspace       used 9771K, capacity 10294K, committed 10496K, reserved 1058816K
  class space    used 1144K, capacity 1271K, committed 1280K, reserved 1048576K
Event: 5,373 GC heap after
Heap after GC invocations=8 (full 0):
 PSYoungGen      total 128000K, used 1494K [0x00000000ec100000, 0x00000000f4300000, 0x0000000100000000)
  eden space 122880K, 0% used [0x00000000ec100000,0x00000000ec100000,0x00000000f3900000)
  from space 5120K, 29% used [0x00000000f3e00000,0x00000000f3f75ba8,0x00000000f4300000)
  to   space 5120K, 0% used [0x00000000f3900000,0x00000000f3900000,0x00000000f3e00000)
 ParOldGen       total 40960K, used 6736K [0x00000000c4200000, 0x00000000c6a00000, 0x00000000ec100000)
  object space 40960K, 16% used [0x00000000c4200000,0x00000000c4894290,0x00000000c6a00000)
 Metaspace       used 9771K, capacity 10294K, committed 10496K, reserved 1058816K
  class space    used 1144K, capacity 1271K, committed 1280K, reserved 1048576K
}
Event: 7,066 GC heap before
{Heap before GC invocations=9 (full 0):
 PSYoungGen      total 128000K, used 124374K [0x00000000ec100000, 0x00000000f4300000, 0x0000000100000000)
  eden space 122880K, 100% used [0x00000000ec100000,0x00000000f3900000,0x00000000f3900000)
  from space 5120K, 29% used [0x00000000f3e00000,0x00000000f3f75ba8,0x00000000f4300000)
  to   space 5120K, 0% used [0x00000000f3900000,0x00000000f3900000,0x00000000f3e00000)
 ParOldGen       total 40960K, used 6736K [0x00000000c4200000, 0x00000000c6a00000, 0x00000000ec100000)
  object space 40960K, 16% used [0x00000000c4200000,0x00000000c4894290,0x00000000c6a00000)
 Metaspace       used 9803K, capacity 10294K, committed 10496K, reserved 1058816K
  class space    used 1145K, capacity 1271K, committed 1280K, reserved 1048576K
Event: 7,068 GC heap after
Heap after GC invocations=9 (full 0):
 PSYoungGen      total 128000K, used 1344K [0x00000000ec100000, 0x00000000f8b00000, 0x0000000100000000)
  eden space 122880K, 0% used [0x00000000ec100000,0x00000000ec100000,0x00000000f3900000)
  from space 5120K, 26% used [0x00000000f3900000,0x00000000f3a50000,0x00000000f3e00000)
  to   space 5120K, 0% used [0x00000000f8600000,0x00000000f8600000,0x00000000f8b00000)
 ParOldGen       total 40960K, used 7359K [0x00000000c4200000, 0x00000000c6a00000, 0x00000000ec100000)
  object space 40960K, 17% used [0x00000000c4200000,0x00000000c492fe38,0x00000000c6a00000)
 Metaspace       used 9803K, capacity 10294K, committed 10496K, reserved 1058816K
  class space    used 1145K, capacity 1271K, committed 1280K, reserved 1048576K
}
Event: 7,817 GC heap before
{Heap before GC invocations=10 (full 0):
 PSYoungGen      total 128000K, used 124224K [0x00000000ec100000, 0x00000000f8b00000, 0x0000000100000000)
  eden space 122880K, 100% used [0x00000000ec100000,0x00000000f3900000,0x00000000f3900000)
  from space 5120K, 26% used [0x00000000f3900000,0x00000000f3a50000,0x00000000f3e00000)
  to   space 5120K, 0% used [0x00000000f8600000,0x00000000f8600000,0x00000000f8b00000)
 ParOldGen       total 40960K, used 7359K [0x00000000c4200000, 0x00000000c6a00000, 0x00000000ec100000)
  object space 40960K, 17% used [0x00000000c4200000,0x00000000c492fe38,0x00000000c6a00000)
 Metaspace       used 9806K, capacity 10294K, committed 10496K, reserved 1058816K
  class space    used 1145K, capacity 1271K, committed 1280K, reserved 1048576K
Event: 7,820 GC heap after
Heap after GC invocations=10 (full 0):
 PSYoungGen      total 201216K, used 928K [0x00000000ec100000, 0x00000000f8c00000, 0x0000000100000000)
  eden space 196096K, 0% used [0x00000000ec100000,0x00000000ec100000,0x00000000f8080000)
  from space 5120K, 18% used [0x00000000f8600000,0x00000000f86e8000,0x00000000f8b00000)
  to   space 5632K, 0% used [0x00000000f8080000,0x00000000f8080000,0x00000000f8600000)
 ParOldGen       total 40960K, used 8095K [0x00000000c4200000, 0x00000000c6a00000, 0x00000000ec100000)
  object space 40960K, 19% used [0x00000000c4200000,0x00000000c49e7e38,0x00000000c6a00000)
 Metaspace       used 9806K, capacity 10294K, committed 10496K, reserved 1058816K
  class space    used 1145K, capacity 1271K, committed 1280K, reserved 1048576K
}
Event: 30,003 GC heap before
{Heap before GC invocations=11 (full 0):
 PSYoungGen      total 201216K, used 197024K [0x00000000ec100000, 0x00000000f8c00000, 0x0000000100000000)
  eden space 196096K, 100% used [0x00000000ec100000,0x00000000f8080000,0x00000000f8080000)
  from space 5120K, 18% used [0x00000000f8600000,0x00000000f86e8000,0x00000000f8b00000)
  to   space 5632K, 0% used [0x00000000f8080000,0x00000000f8080000,0x00000000f8600000)
 ParOldGen       total 40960K, used 8095K [0x00000000c4200000, 0x00000000c6a00000, 0x00000000ec100000)
  object space 40960K, 19% used [0x00000000c4200000,0x00000000c49e7e38,0x00000000c6a00000)
 Metaspace       used 9810K, capacity 10294K, committed 10496K, reserved 1058816K
  class space    used 1145K, capacity 1271K, committed 1280K, reserved 1048576K

Deoptimization events (10 events):
Event: 3,751 Thread 0x00007f92a400c000 Uncommon trap: reason=unstable_if action=reinterpret pc=0x00007f929545d4bc method=java.util.ArrayList$ArrayListSpliterator.forEachRemaining(Ljava/util/function/Consumer;)V @ 39
Event: 3,797 Thread 0x00007f92a400c000 Uncommon trap: reason=predicate action=maybe_recompile pc=0x00007f92953e3590 method=java.util.ArrayList.indexOf(Ljava/lang/Object;)I @ 44
Event: 3,797 Thread 0x00007f92a400c000 Uncommon trap: reason=unstable_if action=reinterpret pc=0x00007f92953e2f18 method=org.cloudbus.cloudsim.cloudlets.CloudletAbstract.equals(Ljava/lang/Object;)Z @ 29
Event: 3,797 Thread 0x00007f92a400c000 Uncommon trap: reason=unstable_if action=reinterpret pc=0x00007f92953e54d8 method=java.util.ArrayList.indexOf(Ljava/lang/Object;)I @ 41
Event: 3,799 Thread 0x00007f92a400c000 Uncommon trap: reason=bimorphic action=maybe_recompile pc=0x00007f9295459f88 method=java.util.stream.ReferencePipeline$3$1.accept(Ljava/lang/Object;)V @ 12
Event: 3,800 Thread 0x00007f92a400c000 Uncommon trap: reason=unstable_if action=reinterpret pc=0x00007f929541ad4c method=org.cloudbus.cloudsim.core.CloudSim.lambda$processFutureEventsHappeningAtSameTimeOfTheFirstOne$2(Lorg/cloudbus/cloudsim/core/events/SimEvent;Lorg/cloudbus/cloudsim/core/even
Event: 3,801 Thread 0x00007f92a400c000 Uncommon trap: reason=unstable_if action=reinterpret pc=0x00007f92954a8fa4 method=org.cloudbus.cloudsim.schedulers.cloudlet.CloudletSchedulerAbstract.getAvailableMipsByPe()D @ 17
Event: 3,801 Thread 0x00007f92a400c000 Uncommon trap: reason=bimorphic action=maybe_recompile pc=0x00007f9295459f88 method=java.util.stream.ReferencePipeline$3$1.accept(Ljava/lang/Object;)V @ 12
Event: 3,802 Thread 0x00007f92a400c000 Uncommon trap: reason=bimorphic action=maybe_recompile pc=0x00007f9295459f88 method=java.util.stream.ReferencePipeline$3$1.accept(Ljava/lang/Object;)V @ 12
Event: 3,803 Thread 0x00007f92a400c000 Uncommon trap: reason=bimorphic action=maybe_recompile pc=0x00007f9295459f88 method=java.util.stream.ReferencePipeline$3$1.accept(Ljava/lang/Object;)V @ 12

Internal exceptions (10 events):
Event: 0,572 Thread 0x00007f92a400c000 Exception <a 'java/security/PrivilegedActionException'> (0x00000000ec2d9b88) thrown at [/HUDSON3/workspace/8-2-build-linux-amd64/jdk8u111/7883/hotspot/src/share/vm/prims/jvm.cpp, line 1386]
Event: 0,706 Thread 0x00007f92a400c000 Exception <a 'java/io/FileNotFoundException'> (0x00000000ec46ccc8) thrown at [/HUDSON3/workspace/8-2-build-linux-amd64/jdk8u111/7883/hotspot/src/share/vm/prims/jni.cpp, line 709]
Event: 2,437 Thread 0x00007f92a400c000 Exception <a 'java/lang/NoSuchMethodError': java.lang.Object.lambda$static$0(Lorg/cloudbus/cloudsim/core/events/SimEvent;)Z> (0x00000000ecc12148) thrown at [/HUDSON3/workspace/8-2-build-linux-amd64/jdk8u111/7883/hotspot/src/share/vm/interpreter/linkResolv
Event: 2,461 Thread 0x00007f92a400c000 Exception <a 'java/lang/NoSuchFieldError': method resolution failed> (0x00000000ecc89e28) thrown at [/HUDSON3/workspace/8-2-build-linux-amd64/jdk8u111/7883/hotspot/src/share/vm/prims/methodHandles.cpp, line 1146]
Event: 2,463 Thread 0x00007f92a400c000 Exception <a 'java/lang/NoSuchFieldError': method resolution failed> (0x00000000ecc97148) thrown at [/HUDSON3/workspace/8-2-build-linux-amd64/jdk8u111/7883/hotspot/src/share/vm/prims/methodHandles.cpp, line 1146]
Event: 2,718 Thread 0x00007f92a400c000 Exception <a 'java/lang/NoSuchMethodError': java.lang.Object.lambda$static$0(Lorg/cloudbus/cloudsim/vms/Vm;)Z> (0x00000000ec21dc28) thrown at [/HUDSON3/workspace/8-2-build-linux-amd64/jdk8u111/7883/hotspot/src/share/vm/interpreter/linkResolver.cpp, line 5
Event: 2,847 Thread 0x00007f92a400c000 Exception <a 'java/lang/NoSuchMethodError': java.lang.Object.lambda$and$0(Ljava/util/function/Predicate;Ljava/lang/Object;)Z> (0x00000000ec3f11e0) thrown at [/HUDSON3/workspace/8-2-build-linux-amd64/jdk8u111/7883/hotspot/src/share/vm/interpreter/linkResol
Event: 2,869 Thread 0x00007f92a400c000 Exception <a 'java/lang/NoSuchMethodError': java.lang.Object.lambda$comparingLong$6043328a$1(Ljava/util/function/ToLongFunction;Ljava/lang/Object;Ljava/lang/Object;)I> (0x00000000ec430480) thrown at [/HUDSON3/workspace/8-2-build-linux-amd64/jdk8u111/7883/
Event: 2,876 Thread 0x00007f92a400c000 Exception <a 'java/lang/NoSuchMethodError': java.lang.Object.lambda$maxBy$1(Ljava/util/Comparator;Ljava/lang/Object;Ljava/lang/Object;)Ljava/lang/Object;> (0x00000000ec43c8a8) thrown at [/HUDSON3/workspace/8-2-build-linux-amd64/jdk8u111/7883/hotspot/src/s
Event: 2,893 Thread 0x00007f92a400c000 Exception <a 'java/lang/NoSuchMethodError': java.lang.Object.lambda$getResource$0(Ljava/lang/Class;Lorg/cloudbus/cloudsim/resources/ResourceManageable;)Z> (0x00000000ec474338) thrown at [/HUDSON3/workspace/8-2-build-linux-amd64/jdk8u111/7883/hotspot/src/s

Events (10 events):
Event: 5,953 loading class java/lang/Class$EnclosingMethodInfo done
Event: 5,955 Thread 0x00007f92a400c000 DEOPT PACKING pc=0x00007f9295508d7b sp=0x00007f92abed8a90
Event: 5,955 Thread 0x00007f92a400c000 DEOPT UNPACKING pc=0x00007f9295047633 sp=0x00007f92abed88d0 mode 0
Event: 7,066 Executing VM operation: ParallelGCFailedAllocation
Event: 7,068 Executing VM operation: ParallelGCFailedAllocation done
Event: 7,817 Executing VM operation: ParallelGCFailedAllocation
Event: 7,820 Executing VM operation: ParallelGCFailedAllocation done
Event: 8,456 loading class java/util/ArrayList$1
Event: 8,503 loading class java/util/ArrayList$1 done
Event: 20,783 Executing VM operation: ParallelGCFailedAllocation


Dynamic libraries:
00400000-00401000 r-xp 00000000 08:02 4457658                            /home/wictor/jdk1.8.0_111/bin/java
00600000-00601000 rw-p 00000000 08:02 4457658                            /home/wictor/jdk1.8.0_111/bin/java
01e7b000-01e9c000 rw-p 00000000 00:00 0                                  [heap]
c4200000-c6a00000 rw-p 00000000 00:00 0 
c6a00000-ec100000 ---p 00000000 00:00 0 
ec100000-f8c00000 rw-p 00000000 00:00 0 
ffe80000-100000000 ---p 00000000 00:00 0 
100000000-100140000 rw-p 00000000 00:00 0 
100140000-140000000 ---p 00000000 00:00 0 
7f9230000000-7f9230021000 rw-p 00000000 00:00 0 
7f9230021000-7f9234000000 ---p 00000000 00:00 0 
7f9238000000-7f92384a2000 rw-p 00000000 00:00 0 
7f92384a2000-7f923c000000 ---p 00000000 00:00 0 
7f923c000000-7f923c021000 rw-p 00000000 00:00 0 
7f923c021000-7f9240000000 ---p 00000000 00:00 0 
7f9240000000-7f924064f000 rw-p 00000000 00:00 0 
7f924064f000-7f9244000000 ---p 00000000 00:00 0 
7f9244000000-7f924458e000 rw-p 00000000 00:00 0 
7f924458e000-7f9248000000 ---p 00000000 00:00 0 
7f9248000000-7f9248021000 rw-p 00000000 00:00 0 
7f9248021000-7f924c000000 ---p 00000000 00:00 0 
7f924c000000-7f924c5da000 rw-p 00000000 00:00 0 
7f924c5da000-7f9250000000 ---p 00000000 00:00 0 
7f9250000000-7f9250021000 rw-p 00000000 00:00 0 
7f9250021000-7f9254000000 ---p 00000000 00:00 0 
7f9254000000-7f9254021000 rw-p 00000000 00:00 0 
7f9254021000-7f9258000000 ---p 00000000 00:00 0 
7f9258000000-7f9258021000 rw-p 00000000 00:00 0 
7f9258021000-7f925c000000 ---p 00000000 00:00 0 
7f925c000000-7f925c28d000 rw-p 00000000 00:00 0 
7f925c28d000-7f9260000000 ---p 00000000 00:00 0 
7f9260000000-7f9260021000 rw-p 00000000 00:00 0 
7f9260021000-7f9264000000 ---p 00000000 00:00 0 
7f9268000000-7f9268021000 rw-p 00000000 00:00 0 
7f9268021000-7f926c000000 ---p 00000000 00:00 0 
7f9270000000-7f9270021000 rw-p 00000000 00:00 0 
7f9270021000-7f9274000000 ---p 00000000 00:00 0 
7f9278000000-7f9278021000 rw-p 00000000 00:00 0 
7f9278021000-7f927c000000 ---p 00000000 00:00 0 
7f9280000000-7f9280021000 rw-p 00000000 00:00 0 
7f9280021000-7f9284000000 ---p 00000000 00:00 0 
7f928721a000-7f928731a000 rw-p 00000000 00:00 0 
7f928731a000-7f928741a000 ---p 00000000 00:00 0 
7f928741a000-7f9287424000 r--s 00115000 08:02 4457332                    /home/wictor/jdk1.8.0_111/jre/lib/ext/localedata.jar
7f9287424000-7f928742b000 r--s 00000000 08:02 1182551                    /usr/lib/x86_64-linux-gnu/gconv/gconv-modules.cache
7f928742b000-7f928744c000 r--p 00000000 08:02 1838760                    /usr/share/locale-langpack/pt_BR/LC_MESSAGES/libc.mo
7f928744c000-7f928744d000 r--s 00003000 08:02 4063295                    /home/wictor/.m2/repository/com/googlecode/json-simple/json-simple/1.1/json-simple-1.1.jar
7f928744d000-7f928744f000 r--s 0000a000 08:02 5148485                    /home/wictor/.m2/repository/org/json/json/20090211/json-20090211.jar
7f928744f000-7f9287451000 r--s 0000e000 08:02 5148487                    /home/wictor/.m2/repository/commons-logging/commons-logging/1.1.3/commons-logging-1.1.3.jar
7f9287451000-7f9287458000 r--s 0003f000 08:02 4199920                    /home/wictor/.m2/repository/commons-codec/commons-codec/1.10/commons-codec-1.10.jar
7f9287458000-7f928745f000 r--s 00050000 08:02 4199919                    /home/wictor/.m2/repository/org/apache/httpcomponents/httpcore-nio/4.4.5/httpcore-nio-4.4.5.jar
7f928745f000-7f9287463000 r--s 00028000 08:02 4199916                    /home/wictor/.m2/repository/org/apache/httpcomponents/httpasyncclient/4.1.2/httpasyncclient-4.1.2.jar
7f9287463000-7f928746a000 r--s 00049000 08:02 4199914                    /home/wictor/.m2/repository/org/apache/httpcomponents/httpcore/4.4.5/httpcore-4.4.5.jar
7f928746a000-7f9287477000 r--s 000a7000 08:02 4199912                    /home/wictor/.m2/repository/org/apache/httpcomponents/httpclient/4.5.2/httpclient-4.5.2.jar
7f9287477000-7f9287488000 r--s 0008a000 08:02 4199900                    /home/wictor/.m2/repository/joda-time/joda-time/2.9.9/joda-time-2.9.9.jar
7f9287488000-7f928749f000 r--s 00100000 08:02 4199899                    /home/wictor/.m2/repository/com/carrotsearch/hppc/0.7.1/hppc-0.7.1.jar
7f928749f000-7f9287540000 r--s 008f1000 08:02 4199857                    /home/wictor/.m2/repository/org/elasticsearch/elasticsearch/6.3.2/elasticsearch-6.3.2.jar
7f9287540000-7f9287541000 ---p 00000000 00:00 0 
7f9287541000-7f9287641000 rw-p 00000000 00:00 0 
7f9287641000-7f9288000000 r--p 00000000 08:02 925075                     /usr/lib/locale/locale-archive
7f9288000000-7f9288021000 rw-p 00000000 00:00 0 
7f9288021000-7f928c000000 ---p 00000000 00:00 0 
7f928c000000-7f928c002000 r--s 00008000 08:02 4199911                    /home/wictor/.m2/repository/org/elasticsearch/client/elasticsearch-rest-client/6.3.2/elasticsearch-rest-client-6.3.2.jar
7f928c002000-7f928c006000 r--s 000d5000 08:02 4199908                    /home/wictor/.m2/repository/org/elasticsearch/jna/4.5.1/jna-4.5.1.jar
7f928c006000-7f928c00b000 r--s 00036000 08:02 4199907                    /home/wictor/.m2/repository/org/apache/logging/log4j/log4j-api/2.9.1/log4j-api-2.9.1.jar
7f928c00b000-7f928c00d000 r--s 0001a000 08:02 4199904                    /home/wictor/.m2/repository/org/hdrhistogram/HdrHistogram/2.1.9/HdrHistogram-2.1.9.jar
7f928c00d000-7f928c00f000 r--s 0000b000 08:02 4199902                    /home/wictor/.m2/repository/com/tdunning/t-digest/3.2/t-digest-3.2.jar
7f928c00f000-7f928c012000 r--s 00011000 08:02 5115059                    /home/wictor/.m2/repository/net/sf/jopt-simple/jopt-simple/5.0.2/jopt-simple-5.0.2.jar
7f928c012000-7f928c013000 r--s 00003000 08:02 4199896                    /home/wictor/.m2/repository/org/elasticsearch/elasticsearch-cli/6.3.2/elasticsearch-cli-6.3.2.jar
7f928c013000-7f928c018000 r--s 00039000 08:02 4199894                    /home/wictor/.m2/repository/org/apache/lucene/lucene-suggest/7.3.1/lucene-suggest-7.3.1.jar
7f928c018000-7f928c01c000 r--s 00043000 08:02 4199893                    /home/wictor/.m2/repository/org/apache/lucene/lucene-spatial3d/7.3.1/lucene-spatial3d-7.3.1.jar
7f928c01c000-7f928c021000 r--s 00035000 08:02 4199890                    /home/wictor/.m2/repository/org/apache/lucene/lucene-spatial-extras/7.3.1/lucene-spatial-extras-7.3.1.jar
7f928c021000-7f928c022000 r--s 00003000 08:02 4199888                    /home/wictor/.m2/repository/org/apache/lucene/lucene-spatial/7.3.1/lucene-spatial-7.3.1.jar
7f928c022000-7f928c025000 r--s 0002a000 08:02 4199886                    /home/wictor/.m2/repository/org/apache/lucene/lucene-sandbox/7.3.1/lucene-sandbox-7.3.1.jar
7f928c025000-7f928c02e000 r--s 00055000 08:02 4199884                    /home/wictor/.m2/repository/org/apache/lucene/lucene-queryparser/7.3.1/lucene-queryparser-7.3.1.jar
7f928c02e000-7f928c035000 r--s 0003a000 08:02 4199882                    /home/wictor/.m2/repository/org/apache/lucene/lucene-queries/7.3.1/lucene-queries-7.3.1.jar
7f928c035000-7f928c038000 r--s 00014000 08:02 4199880                    /home/wictor/.m2/repository/org/apache/lucene/lucene-misc/7.3.1/lucene-misc-7.3.1.jar
7f928c038000-7f928c03a000 r--s 0000a000 08:02 4199878                    /home/wictor/.m2/repository/org/apache/lucene/lucene-memory/7.3.1/lucene-memory-7.3.1.jar
7f928c03a000-7f928c03e000 r--s 00020000 08:02 4199876                    /home/wictor/.m2/repository/org/apache/lucene/lucene-join/7.3.1/lucene-join-7.3.1.jar
7f928c03e000-7f928c042000 r--s 0002c000 08:02 4199874                    /home/wictor/.m2/repository/org/apache/lucene/lucene-highlighter/7.3.1/lucene-highlighter-7.3.1.jar
7f928c042000-7f928c045000 r--s 00013000 08:02 4199872                    /home/wictor/.m2/repository/org/apache/lucene/lucene-grouping/7.3.1/lucene-grouping-7.3.1.jar
7f928c045000-7f928c048000 r--s 00016000 08:02 4199871                    /home/wictor/.m2/repository/org/apache/lucene/lucene-backward-codecs/7.3.1/lucene-backward-codecs-7.3.1.jar
7f928c048000-7f928c05a000 r--s 0017b000 08:02 4199869                    /home/wictor/.m2/repository/org/apache/lucene/lucene-analyzers-common/7.3.1/lucene-analyzers-common-7.3.1.jar
7f928c05a000-7f928c089000 r--s 00289000 08:02 4199866                    /home/wictor/.m2/repository/org/apache/lucene/lucene-core/7.3.1/lucene-core-7.3.1.jar
7f928c089000-7f928c08b000 r--s 0000b000 08:02 4199865                    /home/wictor/.m2/repository/com/fasterxml/jackson/dataformat/jackson-dataformat-cbor/2.8.10/jackson-dataformat-cbor-2.8.10.jar
7f928c08b000-7f928c08d000 r--s 00011000 08:02 4199861                    /home/wictor/.m2/repository/com/fasterxml/jackson/dataformat/jackson-dataformat-smile/2.8.10/jackson-dataformat-smile-2.8.10.jar
7f928c08d000-7f928c091000 r--s 00042000 08:02 4199859                    /home/wictor/.m2/repository/com/fasterxml/jackson/core/jackson-core/2.8.10/jackson-core-2.8.10.jar
7f928c091000-7f928c097000 r--s 0003d000 08:02 4199855                    /home/wictor/.m2/repository/org/yaml/snakeyaml/1.17/snakeyaml-1.17.jar
7f928c097000-7f928c09a000 r--s 00019000 08:02 4199854                    /home/wictor/.m2/repository/org/elasticsearch/elasticsearch-x-content/6.3.2/elasticsearch-x-content-6.3.2.jar
7f928c09a000-7f928c09c000 r--s 00007000 08:02 4199853                    /home/wictor/.m2/repository/org/elasticsearch/elasticsearch-core/6.3.2/elasticsearch-core-6.3.2.jar
7f928c09c000-7f928c0a7000 r--s 00068000 08:02 4068781                    /home/wictor/.m2/repository/ch/qos/logback/logback-core/1.3.0-alpha4/logback-core-1.3.0-alpha4.jar
7f928c0a7000-7f928c0ce000 r--s 001f6000 08:02 5149939                    /home/wictor/.m2/repository/org/apache/commons/commons-math3/3.6.1/commons-math3-3.6.1.jar
7f928c0ce000-7f928c0d1000 ---p 00000000 00:00 0 
7f928c0d1000-7f928c1cf000 rw-p 00000000 00:00 0 
7f928c1cf000-7f928c1d2000 ---p 00000000 00:00 0 
7f928c1d2000-7f928c2d0000 rw-p 00000000 00:00 0 
7f928c2d0000-7f928c2d3000 ---p 00000000 00:00 0 
7f928c2d3000-7f928c3d1000 rw-p 00000000 00:00 0 
7f928c3d1000-7f928c3d4000 ---p 00000000 00:00 0 
7f928c3d4000-7f928c4d2000 rw-p 00000000 00:00 0 
7f928c4d2000-7f928c4d5000 ---p 00000000 00:00 0 
7f928c4d5000-7f928c5d3000 rw-p 00000000 00:00 0 
7f928c5d3000-7f928c5d6000 ---p 00000000 00:00 0 
7f928c5d6000-7f928c6d4000 rw-p 00000000 00:00 0 
7f928c6d4000-7f928c6d7000 ---p 00000000 00:00 0 
7f928c6d7000-7f928c7d5000 rw-p 00000000 00:00 0 
7f928c7d5000-7f928c7d8000 ---p 00000000 00:00 0 
7f928c7d8000-7f928c8d6000 rw-p 00000000 00:00 0 
7f928c8d6000-7f928c8d7000 ---p 00000000 00:00 0 
7f928c8d7000-7f9290000000 rw-p 00000000 00:00 0 
7f9290000000-7f9290021000 rw-p 00000000 00:00 0 
7f9290021000-7f9294000000 ---p 00000000 00:00 0 
7f9294000000-7f9294001000 r--s 00009000 08:02 4199862                    /home/wictor/.m2/repository/com/fasterxml/jackson/dataformat/jackson-dataformat-yaml/2.8.10/jackson-dataformat-yaml-2.8.10.jar
7f9294001000-7f929400a000 r--s 00097000 08:02 4068785                    /home/wictor/.m2/repository/com/sun/mail/javax.mail/1.6.0/javax.mail-1.6.0.jar
7f929400a000-7f92943d3000 rw-p 00000000 00:00 0 
7f92943d3000-7f92945ab000 r--s 03d2a000 08:02 4329949                    /home/wictor/jdk1.8.0_111/jre/lib/rt.jar
7f92945ab000-7f9295000000 rw-p 00000000 00:00 0 
7f9295000000-7f9295620000 rwxp 00000000 00:00 0 
7f9295620000-7f92a4000000 ---p 00000000 00:00 0 
7f92a4000000-7f92a479b000 rw-p 00000000 00:00 0 
7f92a479b000-7f92a8000000 ---p 00000000 00:00 0 
7f92a8000000-7f92a8002000 r--s 00009000 08:02 4594330                    /home/wictor/.m2/repository/org/slf4j/slf4j-api/1.8.0-beta2/slf4j-api-1.8.0-beta2.jar
7f92a8002000-7f92a8008000 r--s 00035000 08:02 4068782                    /home/wictor/.m2/repository/ch/qos/logback/logback-classic/1.3.0-alpha4/logback-classic-1.3.0-alpha4.jar
7f92a8008000-7f92a8057000 rw-p 00000000 00:00 0 
7f92a8057000-7f92a8058000 ---p 00000000 00:00 0 
7f92a8058000-7f92a8158000 rw-p 00000000 00:00 0 
7f92a8158000-7f92a8159000 ---p 00000000 00:00 0 
7f92a8159000-7f92a8259000 rw-p 00000000 00:00 0 
7f92a8259000-7f92a825a000 ---p 00000000 00:00 0 
7f92a825a000-7f92a835a000 rw-p 00000000 00:00 0 
7f92a835a000-7f92a835b000 ---p 00000000 00:00 0 
7f92a835b000-7f92a845b000 rw-p 00000000 00:00 0 
7f92a845b000-7f92a845c000 ---p 00000000 00:00 0 
7f92a845c000-7f92a855c000 rw-p 00000000 00:00 0 
7f92a855c000-7f92a855d000 ---p 00000000 00:00 0 
7f92a855d000-7f92a865d000 rw-p 00000000 00:00 0 
7f92a865d000-7f92a865e000 ---p 00000000 00:00 0 
7f92a865e000-7f92a875e000 rw-p 00000000 00:00 0 
7f92a875e000-7f92a875f000 ---p 00000000 00:00 0 
7f92a875f000-7f92a8873000 rw-p 00000000 00:00 0 
7f92a8873000-7f92a899f000 ---p 00000000 00:00 0 
7f92a899f000-7f92a89b3000 rw-p 00000000 00:00 0 
7f92a89b3000-7f92a8ade000 ---p 00000000 00:00 0 
7f92a8ade000-7f92a8b44000 rw-p 00000000 00:00 0 
7f92a8b44000-7f92a8b7e000 ---p 00000000 00:00 0 
7f92a8b7e000-7f92a8b98000 rw-p 00000000 00:00 0 
7f92a8b98000-7f92a8f3f000 ---p 00000000 00:00 0 
7f92a8f3f000-7f92a8f59000 r-xp 00000000 08:02 4457510                    /home/wictor/jdk1.8.0_111/jre/lib/amd64/libzip.so
7f92a8f59000-7f92a9159000 ---p 0001a000 08:02 4457510                    /home/wictor/jdk1.8.0_111/jre/lib/amd64/libzip.so
7f92a9159000-7f92a915a000 rw-p 0001a000 08:02 4457510                    /home/wictor/jdk1.8.0_111/jre/lib/amd64/libzip.so
7f92a915a000-7f92a9165000 r-xp 00000000 08:02 3543651                    /lib/x86_64-linux-gnu/libnss_files-2.23.so
7f92a9165000-7f92a9364000 ---p 0000b000 08:02 3543651                    /lib/x86_64-linux-gnu/libnss_files-2.23.so
7f92a9364000-7f92a9365000 r--p 0000a000 08:02 3543651                    /lib/x86_64-linux-gnu/libnss_files-2.23.so
7f92a9365000-7f92a9366000 rw-p 0000b000 08:02 3543651                    /lib/x86_64-linux-gnu/libnss_files-2.23.so
7f92a9366000-7f92a936c000 rw-p 00000000 00:00 0 
7f92a936c000-7f92a9377000 r-xp 00000000 08:02 3543661                    /lib/x86_64-linux-gnu/libnss_nis-2.23.so
7f92a9377000-7f92a9576000 ---p 0000b000 08:02 3543661                    /lib/x86_64-linux-gnu/libnss_nis-2.23.so
7f92a9576000-7f92a9577000 r--p 0000a000 08:02 3543661                    /lib/x86_64-linux-gnu/libnss_nis-2.23.so
7f92a9577000-7f92a9578000 rw-p 0000b000 08:02 3543661                    /lib/x86_64-linux-gnu/libnss_nis-2.23.so
7f92a9578000-7f92a958e000 r-xp 00000000 08:02 3543645                    /lib/x86_64-linux-gnu/libnsl-2.23.so
7f92a958e000-7f92a978d000 ---p 00016000 08:02 3543645                    /lib/x86_64-linux-gnu/libnsl-2.23.so
7f92a978d000-7f92a978e000 r--p 00015000 08:02 3543645                    /lib/x86_64-linux-gnu/libnsl-2.23.so
7f92a978e000-7f92a978f000 rw-p 00016000 08:02 3543645                    /lib/x86_64-linux-gnu/libnsl-2.23.so
7f92a978f000-7f92a9791000 rw-p 00000000 00:00 0 
7f92a9791000-7f92a9799000 r-xp 00000000 08:02 3543647                    /lib/x86_64-linux-gnu/libnss_compat-2.23.so
7f92a9799000-7f92a9998000 ---p 00008000 08:02 3543647                    /lib/x86_64-linux-gnu/libnss_compat-2.23.so
7f92a9998000-7f92a9999000 r--p 00007000 08:02 3543647                    /lib/x86_64-linux-gnu/libnss_compat-2.23.so
7f92a9999000-7f92a999a000 rw-p 00008000 08:02 3543647                    /lib/x86_64-linux-gnu/libnss_compat-2.23.so
7f92a999a000-7f92a99c5000 r-xp 00000000 08:02 4457487                    /home/wictor/jdk1.8.0_111/jre/lib/amd64/libjava.so
7f92a99c5000-7f92a9bc4000 ---p 0002b000 08:02 4457487                    /home/wictor/jdk1.8.0_111/jre/lib/amd64/libjava.so
7f92a9bc4000-7f92a9bc6000 rw-p 0002a000 08:02 4457487                    /home/wictor/jdk1.8.0_111/jre/lib/amd64/libjava.so
7f92a9bc6000-7f92a9bd3000 r-xp 00000000 08:02 4457459                    /home/wictor/jdk1.8.0_111/jre/lib/amd64/libverify.so
7f92a9bd3000-7f92a9dd2000 ---p 0000d000 08:02 4457459                    /home/wictor/jdk1.8.0_111/jre/lib/amd64/libverify.so
7f92a9dd2000-7f92a9dd4000 rw-p 0000c000 08:02 4457459                    /home/wictor/jdk1.8.0_111/jre/lib/amd64/libverify.so
7f92a9dd4000-7f92a9ddb000 r-xp 00000000 08:02 3543706                    /lib/x86_64-linux-gnu/librt-2.23.so
7f92a9ddb000-7f92a9fda000 ---p 00007000 08:02 3543706                    /lib/x86_64-linux-gnu/librt-2.23.so
7f92a9fda000-7f92a9fdb000 r--p 00006000 08:02 3543706                    /lib/x86_64-linux-gnu/librt-2.23.so
7f92a9fdb000-7f92a9fdc000 rw-p 00007000 08:02 3543706                    /lib/x86_64-linux-gnu/librt-2.23.so
7f92a9fdc000-7f92aa0e4000 r-xp 00000000 08:02 3543622                    /lib/x86_64-linux-gnu/libm-2.23.so
7f92aa0e4000-7f92aa2e3000 ---p 00108000 08:02 3543622                    /lib/x86_64-linux-gnu/libm-2.23.so
7f92aa2e3000-7f92aa2e4000 r--p 00107000 08:02 3543622                    /lib/x86_64-linux-gnu/libm-2.23.so
7f92aa2e4000-7f92aa2e5000 rw-p 00108000 08:02 3543622                    /lib/x86_64-linux-gnu/libm-2.23.so
7f92aa2e5000-7f92aafb2000 r-xp 00000000 08:02 4457387                    /home/wictor/jdk1.8.0_111/jre/lib/amd64/server/libjvm.so
7f92aafb2000-7f92ab1b1000 ---p 00ccd000 08:02 4457387                    /home/wictor/jdk1.8.0_111/jre/lib/amd64/server/libjvm.so
7f92ab1b1000-7f92ab28a000 rw-p 00ccc000 08:02 4457387                    /home/wictor/jdk1.8.0_111/jre/lib/amd64/server/libjvm.so
7f92ab28a000-7f92ab2d5000 rw-p 00000000 00:00 0 
7f92ab2d5000-7f92ab495000 r-xp 00000000 08:02 3543552                    /lib/x86_64-linux-gnu/libc-2.23.so
7f92ab495000-7f92ab695000 ---p 001c0000 08:02 3543552                    /lib/x86_64-linux-gnu/libc-2.23.so
7f92ab695000-7f92ab699000 r--p 001c0000 08:02 3543552                    /lib/x86_64-linux-gnu/libc-2.23.so
7f92ab699000-7f92ab69b000 rw-p 001c4000 08:02 3543552                    /lib/x86_64-linux-gnu/libc-2.23.so
7f92ab69b000-7f92ab69f000 rw-p 00000000 00:00 0 
7f92ab69f000-7f92ab6a2000 r-xp 00000000 08:02 3543576                    /lib/x86_64-linux-gnu/libdl-2.23.so
7f92ab6a2000-7f92ab8a1000 ---p 00003000 08:02 3543576                    /lib/x86_64-linux-gnu/libdl-2.23.so
7f92ab8a1000-7f92ab8a2000 r--p 00002000 08:02 3543576                    /lib/x86_64-linux-gnu/libdl-2.23.so
7f92ab8a2000-7f92ab8a3000 rw-p 00003000 08:02 3543576                    /lib/x86_64-linux-gnu/libdl-2.23.so
7f92ab8a3000-7f92ab8b8000 r-xp 00000000 08:02 4199294                    /home/wictor/jdk1.8.0_111/lib/amd64/jli/libjli.so
7f92ab8b8000-7f92abab8000 ---p 00015000 08:02 4199294                    /home/wictor/jdk1.8.0_111/lib/amd64/jli/libjli.so
7f92abab8000-7f92abab9000 rw-p 00015000 08:02 4199294                    /home/wictor/jdk1.8.0_111/lib/amd64/jli/libjli.so
7f92abab9000-7f92abad1000 r-xp 00000000 08:02 3543698                    /lib/x86_64-linux-gnu/libpthread-2.23.so
7f92abad1000-7f92abcd0000 ---p 00018000 08:02 3543698                    /lib/x86_64-linux-gnu/libpthread-2.23.so
7f92abcd0000-7f92abcd1000 r--p 00017000 08:02 3543698                    /lib/x86_64-linux-gnu/libpthread-2.23.so
7f92abcd1000-7f92abcd2000 rw-p 00018000 08:02 3543698                    /lib/x86_64-linux-gnu/libpthread-2.23.so
7f92abcd2000-7f92abcd6000 rw-p 00000000 00:00 0 
7f92abcd6000-7f92abcfc000 r-xp 00000000 08:02 3543524                    /lib/x86_64-linux-gnu/ld-2.23.so
7f92abcfc000-7f92abcfd000 r--s 00002000 08:02 4199852                    /home/wictor/.m2/repository/org/elasticsearch/elasticsearch-secure-sm/6.3.2/elasticsearch-secure-sm-6.3.2.jar
7f92abcfd000-7f92abd02000 r--s 00034000 08:02 4068775                    /home/wictor/.m2/repository/com/google/code/gson/gson/2.8.2/gson-2.8.2.jar
7f92abd02000-7f92abdda000 rw-p 00000000 00:00 0 
7f92abdda000-7f92abddd000 ---p 00000000 00:00 0 
7f92abddd000-7f92abedf000 rw-p 00000000 00:00 0 
7f92abedf000-7f92abee1000 r--s 0000e000 08:02 4068786                    /home/wictor/.m2/repository/javax/activation/activation/1.1/activation-1.1.jar
7f92abee1000-7f92abee9000 r--s 00072000 08:02 5149941                    /home/wictor/.m2/repository/org/apache/commons/commons-lang3/3.7/commons-lang3-3.7.jar
7f92abee9000-7f92abeeb000 r--s 0000f000 08:02 4199926                    /home/wictor/.m2/repository/org/elasticsearch/plugin/rank-eval-client/6.3.2/rank-eval-client-6.3.2.jar
7f92abeeb000-7f92abeed000 r--s 0000d000 08:02 4199925                    /home/wictor/.m2/repository/org/elasticsearch/plugin/aggs-matrix-stats-client/6.3.2/aggs-matrix-stats-client-6.3.2.jar
7f92abeed000-7f92abeef000 r--s 00011000 08:02 4199922                    /home/wictor/.m2/repository/org/elasticsearch/plugin/parent-join-client/6.3.2/parent-join-client-6.3.2.jar
7f92abeef000-7f92abef0000 r--s 0000a000 08:02 4199850                    /home/wictor/.m2/repository/org/elasticsearch/client/elasticsearch-rest-high-level-client/6.3.2/elasticsearch-rest-high-level-client-6.3.2.jar
7f92abef0000-7f92abef8000 rw-s 00000000 08:02 6422533                    /tmp/hsperfdata_wictor/24514
7f92abef8000-7f92abef9000 rw-p 00000000 00:00 0 
7f92abef9000-7f92abefa000 ---p 00000000 00:00 0 
7f92abefa000-7f92abefb000 rw-p 00000000 00:00 0 
7f92abefb000-7f92abefc000 r--p 00025000 08:02 3543524                    /lib/x86_64-linux-gnu/ld-2.23.so
7f92abefc000-7f92abefd000 rw-p 00026000 08:02 3543524                    /lib/x86_64-linux-gnu/ld-2.23.so
7f92abefd000-7f92abefe000 rw-p 00000000 00:00 0 
7ffe1a4cd000-7ffe1a4ef000 rw-p 00000000 00:00 0                          [stack]
7ffe1a52f000-7ffe1a532000 r--p 00000000 00:00 0                          [vvar]
7ffe1a532000-7ffe1a534000 r-xp 00000000 00:00 0                          [vdso]
ffffffffff600000-ffffffffff601000 r-xp 00000000 00:00 0                  [vsyscall]

VM Arguments:
java_command: org.cloudsimplus.examples.bigdata.AppTeste
java_class_path (initial): /home/wictor/Downloads/manoelcampos-cloudsim-plus-38d7106/cloudsim-plus-examples/target/classes:/home/wictor/.m2/repository/org/elasticsearch/client/elasticsearch-rest-high-level-client/6.3.2/elasticsearch-rest-high-level-client-6.3.2.jar:/home/wictor/.m2/repository/org/elasticsearch/plugin/parent-join-client/6.3.2/parent-join-client-6.3.2.jar:/home/wictor/.m2/repository/org/elasticsearch/plugin/aggs-matrix-stats-client/6.3.2/aggs-matrix-stats-client-6.3.2.jar:/home/wictor/.m2/repository/org/elasticsearch/plugin/rank-eval-client/6.3.2/rank-eval-client-6.3.2.jar:/home/wictor/Downloads/manoelcampos-cloudsim-plus-38d7106/cloudsim-plus/target/classes:/home/wictor/.m2/repository/org/apache/commons/commons-math3/3.6.1/commons-math3-3.6.1.jar:/home/wictor/.m2/repository/org/apache/commons/commons-lang3/3.7/commons-lang3-3.7.jar:/home/wictor/.m2/repository/com/google/code/gson/gson/2.8.2/gson-2.8.2.jar:/home/wictor/.m2/repository/ch/qos/logback/logback-core/1.3.0-alpha4/logback-core-1.3.0-alpha4.jar:/home/wictor/.m2/repository/ch/qos/logback/logback-classic/1.3.0-alpha4/logback-classic-1.3.0-alpha4.jar:/home/wictor/.m2/repository/com/sun/mail/javax.mail/1.6.0/javax.mail-1.6.0.jar:/home/wictor/.m2/repository/javax/activation/activation/1.1/activation-1.1.jar:/home/wictor/.m2/repository/org/slf4j/slf4j-api/1.8.0-beta2/slf4j-api-1.8.0-beta2.jar:/home/wictor/.m2/repository/org/elasticsearch/elasticsearch/6.3.2/elasticsearch-6.3.2.jar:/home/wictor/.m2/repository/org/elasticsearch/elasticsearch-core/6.3.2/elasticsearch-core-6.3.2.jar:/home/wictor/.m2/repository/org/elasticsearch/elasticsearch-secure-sm/6.3.2/elasticsearch-secure-sm-6.3.2.jar:/home/wictor/.m2/repository/org/elasticsearch/elasticsearch-x-content/6.3.2/elasticsearch-x-content-6.3.2.jar:/home/wictor/.m2/repository/org/yaml/snakeyaml/1.17/snakeyaml-1.17.jar:/home/wictor/.m2/repository/com/fasterxml/jackson/core/jackson-core/2.8.10/jackson-core-2.8.10.jar:/home/wictor/.m2/repository/com/fas
Launcher Type: SUN_STANDARD

Environment Variables:
JAVA_HOME=/home/wictor/jdk1.8.0_111
PATH=/home/wictor/bin:/home/wictor/.local/bin:/usr/local/sbin:/usr/local/bin:/usr/sbin:/usr/bin:/sbin:/bin:/usr/games:/usr/local/games:/snap/bin:/usr/lib/jvm/java-10-oracle/bin:/usr/lib/jvm/java-10-oracle/db/bin
LD_LIBRARY_PATH=/home/wictor/jdk1.8.0_111/jre/lib/amd64:/home/wictor/jdk1.8.0_111/jre/lib/i386:
SHELL=/bin/bash
DISPLAY=:1

Signal Handlers:
SIGSEGV: [libjvm.so+0xac64b0], sa_mask[0]=11111111011111111101111111111110, sa_flags=SA_RESTART|SA_SIGINFO
SIGBUS: [libjvm.so+0xac64b0], sa_mask[0]=11111111011111111101111111111110, sa_flags=SA_RESTART|SA_SIGINFO
SIGFPE: [libjvm.so+0x91f950], sa_mask[0]=11111111011111111101111111111110, sa_flags=SA_RESTART|SA_SIGINFO
SIGPIPE: [libjvm.so+0x91f950], sa_mask[0]=11111111011111111101111111111110, sa_flags=SA_RESTART|SA_SIGINFO
SIGXFSZ: [libjvm.so+0x91f950], sa_mask[0]=11111111011111111101111111111110, sa_flags=