#
# There is insufficient memory for the Java Runtime Environment to continue.
# Native memory allocation (mmap) failed to map 160432128 bytes for committing reserved memory.
# Possible reasons:
#   The system is out of physical RAM or swap space
#   In 32 bit mode, the process size limit was hit
# Possible solutions:
#   Reduce memory load on the system
#   Increase physical memory or swap space
#   Check if swap backing store is full
#   Use 64 bit Java on a 64 bit OS
#   Decrease Java heap size (-Xmx/-Xms)
#   Decrease number of Java threads
#   Decrease Java thread stack sizes (-Xss)
#   Set larger code cache with -XX:ReservedCodeCacheSize=
# This output file may be truncated or incomplete.
#
#  Out of Memory Error (os_linux.cpp:2627), pid=10441, tid=0x00007f76e0dfb700
#
# JRE version: Java(TM) SE Runtime Environment (8.0_111-b14) (build 1.8.0_111-b14)
# Java VM: Java HotSpot(TM) 64-Bit Server VM (25.111-b14 mixed mode linux-amd64 compressed oops)
# Failed to write core dump. Core dumps have been disabled. To enable core dumping, try "ulimit -c unlimited" before starting Java again
#

---------------  T H R E A D  ---------------

Current thread (0x00007f76f8082000):  VMThread [stack: 0x00007f76e0cfb000,0x00007f76e0dfc000] [id=10454]

Stack: [0x00007f76e0cfb000,0x00007f76e0dfc000],  sp=0x00007f76e0dfa320,  free space=1020k
Native frames: (J=compiled Java code, j=interpreted, Vv=VM code, C=native code)
V  [libjvm.so+0xac5c2a]  VMError::report_and_die()+0x2ba
V  [libjvm.so+0x4fc50b]  report_vm_out_of_memory(char const*, int, unsigned long, VMErrorType, char const*)+0x8b
V  [libjvm.so+0x922ae3]  os::Linux::commit_memory_impl(char*, unsigned long, bool)+0x103
V  [libjvm.so+0x923039]  os::pd_commit_memory(char*, unsigned long, unsigned long, bool)+0x29
V  [libjvm.so+0x91d33a]  os::commit_memory(char*, unsigned long, unsigned long, bool)+0x2a
V  [libjvm.so+0x991ac3]  PSVirtualSpace::expand_by(unsigned long)+0x53
V  [libjvm.so+0x982380]  PSOldGen::expand(unsigned long)+0x170
V  [libjvm.so+0x98258b]  PSOldGen::resize(unsigned long)+0x1cb
V  [libjvm.so+0x98a291]  PSParallelCompact::invoke_no_policy(bool)+0x991
V  [libjvm.so+0x98fbed]  PSScavenge::invoke()+0x1ad
V  [libjvm.so+0x9467d0]  ParallelScavengeHeap::failed_mem_allocate(unsigned long)+0x70
V  [libjvm.so+0xac7647]  VM_ParallelGCFailedAllocation::doit()+0x97
V  [libjvm.so+0xacf125]  VM_Operation::evaluate()+0x55
V  [libjvm.so+0xacd4fa]  VMThread::evaluate_operation(VM_Operation*)+0xba
V  [libjvm.so+0xacd87e]  VMThread::loop()+0x1ce
V  [libjvm.so+0xacdcf0]  VMThread::run()+0x70
V  [libjvm.so+0x924ea8]  java_start(Thread*)+0x108

VM_Operation (0x00007f77002f12e0): ParallelGCFailedAllocation, mode: safepoint, requested by thread 0x00007f76f800c000


---------------  P R O C E S S  ---------------

Java Threads: ( => current thread )
  0x00007f76f80d5000 JavaThread "Service Thread" daemon [_thread_blocked, id=10462, stack(0x00007f76dbafb000,0x00007f76dbbfc000)]
  0x00007f76f80c9800 JavaThread "C1 CompilerThread3" daemon [_thread_blocked, id=10461, stack(0x00007f76dbbfc000,0x00007f76dbcfd000)]
  0x00007f76f80c7800 JavaThread "C2 CompilerThread2" daemon [_thread_blocked, id=10460, stack(0x00007f76dbcfd000,0x00007f76dbdfe000)]
  0x00007f76f80c5800 JavaThread "C2 CompilerThread1" daemon [_thread_blocked, id=10459, stack(0x00007f76dbdfe000,0x00007f76dbeff000)]
  0x00007f76f80c3000 JavaThread "C2 CompilerThread0" daemon [_thread_blocked, id=10458, stack(0x00007f76dbeff000,0x00007f76dc000000)]
  0x00007f76f80c1800 JavaThread "Signal Dispatcher" daemon [_thread_blocked, id=10457, stack(0x00007f76e0039000,0x00007f76e013a000)]
  0x00007f76f808e800 JavaThread "Finalizer" daemon [_thread_blocked, id=10456, stack(0x00007f76e0af9000,0x00007f76e0bfa000)]
  0x00007f76f8089800 JavaThread "Reference Handler" daemon [_thread_blocked, id=10455, stack(0x00007f76e0bfa000,0x00007f76e0cfb000)]
  0x00007f76f800c000 JavaThread "main" [_thread_blocked, id=10445, stack(0x00007f77001f2000,0x00007f77002f3000)]

Other Threads:
=>0x00007f76f8082000 VMThread [stack: 0x00007f76e0cfb000,0x00007f76e0dfc000] [id=10454]
  0x00007f76f80d8000 WatcherThread [stack: 0x00007f76db9fa000,0x00007f76dbafb000] [id=10463]

VM state:at safepoint (normal execution)

VM Mutex/Monitor currently owned by a thread:  ([mutex/lock_event])
[0x00007f76f8007f10] ExpandHeap_lock - owner thread: 0x00007f76f8082000
[0x00007f76f8008590] Threads_lock - owner thread: 0x00007f76f8082000
[0x00007f76f8008a90] Heap_lock - owner thread: 0x00007f76f800c000

Heap:
 PSYoungGen      total 218112K, used 54057K [0x00000000ec100000, 0x0000000100000000, 0x0000000100000000)
  eden space 109568K, 0% used [0x00000000ec100000,0x00000000ec100000,0x00000000f2c00000)
  from space 108544K, 49% used [0x00000000f9600000,0x00000000fcaca418,0x0000000100000000)
  to   space 108544K, 0% used [0x00000000f2c00000,0x00000000f2c00000,0x00000000f9600000)
 ParOldGen       total 319488K, used 319332K [0x00000000c4200000, 0x00000000d7a00000, 0x00000000ec100000)
  object space 319488K, 99% used [0x00000000c4200000,0x00000000d79d93c8,0x00000000d7a00000)
 Metaspace       used 9648K, capacity 10156K, committed 10240K, reserved 1058816K
  class space    used 1134K, capacity 1264K, committed 1280K, reserved 1048576K

Card table byte_map: [0x00007f76fcdb7000,0x00007f76fcf97000] byte_map_base: 0x00007f76fc796000

Marking Bits: (ParMarkBitMap*) 0x00007f76ff6c0220
 Begin Bits: [0x00007f76e2210000, 0x00007f76e3108000)
 End Bits:   [0x00007f76e3108000, 0x00007f76e4000000)

Polling page: 0x00007f7700311000

CodeCache: size=245760Kb used=6728Kb max_used=6746Kb free=239031Kb
 bounds [0x00007f76e9000000, 0x00007f76e96b0000, 0x00007f76f8000000]
 total_blobs=2308 nmethods=1971 adapters=250
 compilation: enabled

Compilation events (10 events):
Event: 491,906 Thread 0x00007f76f80c7800 1989       4       org.cloudbus.cloudsim.hosts.HostSimple::updateProcessing (91 bytes)
Event: 493,807 Thread 0x00007f76f80c7800 nmethod 1989 0x00007f76e96989d0 code [0x00007f76e9699200, 0x00007f76e969ebc8]
Event: 639,631 Thread 0x00007f76f80c9800 1990       3       org.cloudbus.cloudsim.core.CloudSim::send (40 bytes)
Event: 639,635 Thread 0x00007f76f80c9800 nmethod 1990 0x00007f76e9126ed0 code [0x00007f76e9127080, 0x00007f76e9127608]
Event: 666,218 Thread 0x00007f76f80c3000 1991 %     4       org.cloudbus.cloudsim.core.CloudSim::eventLoop @ 0 (70 bytes)
Event: 666,224 Thread 0x00007f76f80c3000 nmethod 1991% 0x00007f76e910b650 code [0x00007f76e910b800, 0x00007f76e910ba48]
Event: 674,755 Thread 0x00007f76f80c5800 1992       4       org.cloudbus.cloudsim.core.CloudSim::send (40 bytes)
Event: 674,758 Thread 0x00007f76f80c5800 nmethod 1992 0x00007f76e910cb50 code [0x00007f76e910cce0, 0x00007f76e910cf48]
Event: 750,102 Thread 0x00007f76f80c3000 1993       4       org.cloudbus.cloudsim.core.CloudSimEntity::schedule (10 bytes)
Event: 750,110 Thread 0x00007f76f80c3000 nmethod 1993 0x00007f76e910c210 code [0x00007f76e910c3a0, 0x00007f76e910c648]

GC Heap History (10 events):
Event: 657,308 GC heap after
Heap after GC invocations=74 (full 4):
 PSYoungGen      total 217088K, used 97254K [0x00000000ec100000, 0x0000000100000000, 0x0000000100000000)
  eden space 109568K, 0% used [0x00000000ec100000,0x00000000ec100000,0x00000000f2c00000)
  from space 107520K, 90% used [0x00000000f9700000,0x00000000ff5f98c8,0x0000000100000000)
  to   space 108544K, 0% used [0x00000000f2c00000,0x00000000f2c00000,0x00000000f9600000)
 ParOldGen       total 319488K, used 256681K [0x00000000c4200000, 0x00000000d7a00000, 0x00000000ec100000)
  object space 319488K, 80% used [0x00000000c4200000,0x00000000d3caa658,0x00000000d7a00000)
 Metaspace       used 9656K, capacity 10170K, committed 10240K, reserved 1058816K
  class space    used 1138K, capacity 1271K, committed 1280K, reserved 1048576K
}
Event: 680,823 GC heap before
{Heap before GC invocations=75 (full 4):
 PSYoungGen      total 217088K, used 206822K [0x00000000ec100000, 0x0000000100000000, 0x0000000100000000)
  eden space 109568K, 100% used [0x00000000ec100000,0x00000000f2c00000,0x00000000f2c00000)
  from space 107520K, 90% used [0x00000000f9700000,0x00000000ff5f98c8,0x0000000100000000)
  to   space 108544K, 0% used [0x00000000f2c00000,0x00000000f2c00000,0x00000000f9600000)
 ParOldGen       total 319488K, used 256681K [0x00000000c4200000, 0x00000000d7a00000, 0x00000000ec100000)
  object space 319488K, 80% used [0x00000000c4200000,0x00000000d3caa658,0x00000000d7a00000)
 Metaspace       used 9656K, capacity 10170K, committed 10240K, reserved 1058816K
  class space    used 1138K, capacity 1271K, committed 1280K, reserved 1048576K
Event: 680,875 GC heap after
Heap after GC invocations=75 (full 4):
 PSYoungGen      total 218112K, used 94982K [0x00000000ec100000, 0x0000000100000000, 0x0000000100000000)
  eden space 109568K, 0% used [0x00000000ec100000,0x00000000ec100000,0x00000000f2c00000)
  from space 108544K, 87% used [0x00000000f2c00000,0x00000000f88c18c8,0x00000000f9600000)
  to   space 108544K, 0% used [0x00000000f9600000,0x00000000f9600000,0x0000000100000000)
 ParOldGen       total 319488K, used 265025K [0x00000000c4200000, 0x00000000d7a00000, 0x00000000ec100000)
  object space 319488K, 82% used [0x00000000c4200000,0x00000000d44d0658,0x00000000d7a00000)
 Metaspace       used 9656K, capacity 10170K, committed 10240K, reserved 1058816K
  class space    used 1138K, capacity 1271K, committed 1280K, reserved 1048576K
}
Event: 705,038 GC heap before
{Heap before GC invocations=76 (full 4):
 PSYoungGen      total 218112K, used 204550K [0x00000000ec100000, 0x0000000100000000, 0x0000000100000000)
  eden space 109568K, 100% used [0x00000000ec100000,0x00000000f2c00000,0x00000000f2c00000)
  from space 108544K, 87% used [0x00000000f2c00000,0x00000000f88c18c8,0x00000000f9600000)
  to   space 108544K, 0% used [0x00000000f9600000,0x00000000f9600000,0x0000000100000000)
 ParOldGen       total 319488K, used 265025K [0x00000000c4200000, 0x00000000d7a00000, 0x00000000ec100000)
  object space 319488K, 82% used [0x00000000c4200000,0x00000000d44d0658,0x00000000d7a00000)
 Metaspace       used 9656K, capacity 10170K, committed 10240K, reserved 1058816K
  class space    used 1138K, capacity 1271K, committed 1280K, reserved 1048576K
Event: 705,104 GC heap after
Heap after GC invocations=76 (full 4):
 PSYoungGen      total 218112K, used 91250K [0x00000000ec100000, 0x0000000100000000, 0x0000000100000000)
  eden space 109568K, 0% used [0x00000000ec100000,0x00000000ec100000,0x00000000f2c00000)
  from space 108544K, 84% used [0x00000000f9600000,0x00000000fef1cb20,0x0000000100000000)
  to   space 108544K, 0% used [0x00000000f2c00000,0x00000000f2c00000,0x00000000f9600000)
 ParOldGen       total 319488K, used 274773K [0x00000000c4200000, 0x00000000d7a00000, 0x00000000ec100000)
  object space 319488K, 86% used [0x00000000c4200000,0x00000000d4e55400,0x00000000d7a00000)
 Metaspace       used 9656K, capacity 10170K, committed 10240K, reserved 1058816K
  class space    used 1138K, capacity 1271K, committed 1280K, reserved 1048576K
}
Event: 730,570 GC heap before
{Heap before GC invocations=77 (full 4):
 PSYoungGen      total 218112K, used 200818K [0x00000000ec100000, 0x0000000100000000, 0x0000000100000000)
  eden space 109568K, 100% used [0x00000000ec100000,0x00000000f2c00000,0x00000000f2c00000)
  from space 108544K, 84% used [0x00000000f9600000,0x00000000fef1cb20,0x0000000100000000)
  to   space 108544K, 0% used [0x00000000f2c00000,0x00000000f2c00000,0x00000000f9600000)
 ParOldGen       total 319488K, used 274773K [0x00000000c4200000, 0x00000000d7a00000, 0x00000000ec100000)
  object space 319488K, 86% used [0x00000000c4200000,0x00000000d4e55400,0x00000000d7a00000)
 Metaspace       used 9656K, capacity 10170K, committed 10240K, reserved 1058816K
  class space    used 1138K, capacity 1271K, committed 1280K, reserved 1048576K
Event: 730,626 GC heap after
Heap after GC invocations=77 (full 4):
 PSYoungGen      total 218112K, used 83986K [0x00000000ec100000, 0x0000000100000000, 0x0000000100000000)
  eden space 109568K, 0% used [0x00000000ec100000,0x00000000ec100000,0x00000000f2c00000)
  from space 108544K, 77% used [0x00000000f2c00000,0x00000000f7e04b20,0x00000000f9600000)
  to   space 108544K, 0% used [0x00000000f9600000,0x00000000f9600000,0x0000000100000000)
 ParOldGen       total 319488K, used 288197K [0x00000000c4200000, 0x00000000d7a00000, 0x00000000ec100000)
  object space 319488K, 90% used [0x00000000c4200000,0x00000000d5b71400,0x00000000d7a00000)
 Metaspace       used 9656K, capacity 10170K, committed 10240K, reserved 1058816K
  class space    used 1138K, capacity 1271K, committed 1280K, reserved 1048576K
}
Event: 755,830 GC heap before
{Heap before GC invocations=78 (full 4):
 PSYoungGen      total 218112K, used 193554K [0x00000000ec100000, 0x0000000100000000, 0x0000000100000000)
  eden space 109568K, 100% used [0x00000000ec100000,0x00000000f2c00000,0x00000000f2c00000)
  from space 108544K, 77% used [0x00000000f2c00000,0x00000000f7e04b20,0x00000000f9600000)
  to   space 108544K, 0% used [0x00000000f9600000,0x00000000f9600000,0x0000000100000000)
 ParOldGen       total 319488K, used 288197K [0x00000000c4200000, 0x00000000d7a00000, 0x00000000ec100000)
  object space 319488K, 90% used [0x00000000c4200000,0x00000000d5b71400,0x00000000d7a00000)
 Metaspace       used 9656K, capacity 10170K, committed 10240K, reserved 1058816K
  class space    used 1138K, capacity 1271K, committed 1280K, reserved 1048576K
Event: 755,889 GC heap after
Heap after GC invocations=78 (full 4):
 PSYoungGen      total 218112K, used 74706K [0x00000000ec100000, 0x0000000100000000, 0x0000000100000000)
  eden space 109568K, 0% used [0x00000000ec100000,0x00000000ec100000,0x00000000f2c00000)
  from space 108544K, 68% used [0x00000000f9600000,0x00000000fdef4b20,0x0000000100000000)
  to   space 108544K, 0% used [0x00000000f2c00000,0x00000000f2c00000,0x00000000f9600000)
 ParOldGen       total 319488K, used 303533K [0x00000000c4200000, 0x00000000d7a00000, 0x00000000ec100000)
  object space 319488K, 95% used [0x00000000c4200000,0x00000000d6a6b400,0x00000000d7a00000)
 Metaspace       used 9656K, capacity 10170K, committed 10240K, reserved 1058816K
  class space    used 1138K, capacity 1271K, committed 1280K, reserved 1048576K
}
Event: 755,892 GC heap before
{Heap before GC invocations=79 (full 5):
 PSYoungGen      total 218112K, used 74706K [0x00000000ec100000, 0x0000000100000000, 0x0000000100000000)
  eden space 109568K, 0% used [0x00000000ec100000,0x00000000ec100000,0x00000000f2c00000)
  from space 108544K, 68% used [0x00000000f9600000,0x00000000fdef4b20,0x0000000100000000)
  to   space 108544K, 0% used [0x00000000f2c00000,0x00000000f2c00000,0x00000000f9600000)
 ParOldGen       total 319488K, used 303533K [0x00000000c4200000, 0x00000000d7a00000, 0x00000000ec100000)
  object space 319488K, 95% used [0x00000000c4200000,0x00000000d6a6b400,0x00000000d7a00000)
 Metaspace       used 9656K, capacity 10170K, committed 10240K, reserved 1058816K
  class space    used 1138K, capacity 1271K, committed 1280K, reserved 1048576K

Deoptimization events (10 events):
Event: 9,725 Thread 0x00007f76f800c000 Uncommon trap: reason=predicate action=maybe_recompile pc=0x00007f76e9384630 method=java.util.ArrayList.indexOf(Ljava/lang/Object;)I @ 44
Event: 9,725 Thread 0x00007f76f800c000 Uncommon trap: reason=unstable_if action=reinterpret pc=0x00007f76e93e7758 method=java.util.ArrayList.indexOf(Ljava/lang/Object;)I @ 41
Event: 9,725 Thread 0x00007f76f800c000 Uncommon trap: reason=unstable_if action=reinterpret pc=0x00007f76e93b0068 method=java.util.ArrayList.indexOf(Ljava/lang/Object;)I @ 41
Event: 9,726 Thread 0x00007f76f800c000 Uncommon trap: reason=unstable_if action=reinterpret pc=0x00007f76e93eeecc method=org.cloudbus.cloudsim.core.CloudSim.lambda$processFutureEventsHappeningAtSameTimeOfTheFirstOne$2(Lorg/cloudbus/cloudsim/core/events/SimEvent;Lorg/cloudbus/cloudsim/core/even
Event: 164,554 Thread 0x00007f76f800c000 Uncommon trap: reason=unstable_if action=reinterpret pc=0x00007f76e9642748 method=org.cloudbus.cloudsim.resources.ResourceAbstract.isAmountAvailable(J)Z @ 6
Event: 164,571 Thread 0x00007f76f800c000 Uncommon trap: reason=unstable_if action=reinterpret pc=0x00007f76e94c8b08 method=org.cloudbus.cloudsim.schedulers.cloudlet.CloudletSchedulerAbstract.getAvailableMipsByPe()D @ 17
Event: 164,622 Thread 0x00007f76f800c000 Uncommon trap: reason=unstable_if action=reinterpret pc=0x00007f76e94c0478 method=org.cloudbus.cloudsim.schedulers.cloudlet.CloudletSchedulerAbstract.getAvailableMipsByPe()D @ 17
Event: 388,918 Thread 0x00007f76f800c000 Uncommon trap: reason=unstable_if action=reinterpret pc=0x00007f76e965e8ac method=org.cloudbus.cloudsim.resources.ResourceAbstract.isResourceAmountBeingUsed(J)Z @ 6
Event: 388,966 Thread 0x00007f76f800c000 Uncommon trap: reason=unstable_if action=reinterpret pc=0x00007f76e963cc50 method=org.cloudbus.cloudsim.resources.ResourceAbstract.isResourceAmountBeingUsed(J)Z @ 6
Event: 638,774 Thread 0x00007f76f800c000 Uncommon trap: reason=unstable_if action=reinterpret pc=0x00007f76e954729c method=java.util.TreeMap.fixAfterInsertion(Ljava/util/TreeMap$Entry;)V @ 212

Internal exceptions (10 events):
Event: 0,214 Thread 0x00007f76f800c000 Exception <a 'java/security/PrivilegedActionException'> (0x00000000ec2fd650) thrown at [/HUDSON3/workspace/8-2-build-linux-amd64/jdk8u111/7883/hotspot/src/share/vm/prims/jvm.cpp, line 1386]
Event: 0,273 Thread 0x00007f76f800c000 Exception <a 'java/io/FileNotFoundException'> (0x00000000ec48ce48) thrown at [/HUDSON3/workspace/8-2-build-linux-amd64/jdk8u111/7883/hotspot/src/share/vm/prims/jni.cpp, line 709]
Event: 0,514 Thread 0x00007f76f800c000 Exception <a 'java/lang/NoSuchMethodError': java.lang.Object.lambda$static$0(Lorg/cloudbus/cloudsim/core/events/SimEvent;)Z> (0x00000000ecbf7ac0) thrown at [/HUDSON3/workspace/8-2-build-linux-amd64/jdk8u111/7883/hotspot/src/share/vm/interpreter/linkResolv
Event: 0,527 Thread 0x00007f76f800c000 Exception <a 'java/lang/NoSuchFieldError': method resolution failed> (0x00000000ecc6f840) thrown at [/HUDSON3/workspace/8-2-build-linux-amd64/jdk8u111/7883/hotspot/src/share/vm/prims/methodHandles.cpp, line 1146]
Event: 0,528 Thread 0x00007f76f800c000 Exception <a 'java/lang/NoSuchFieldError': method resolution failed> (0x00000000ecc7cb60) thrown at [/HUDSON3/workspace/8-2-build-linux-amd64/jdk8u111/7883/hotspot/src/share/vm/prims/methodHandles.cpp, line 1146]
Event: 0,660 Thread 0x00007f76f800c000 Exception <a 'java/lang/NoSuchMethodError': java.lang.Object.lambda$static$0(Lorg/cloudbus/cloudsim/vms/Vm;)Z> (0x00000000ec8f83d8) thrown at [/HUDSON3/workspace/8-2-build-linux-amd64/jdk8u111/7883/hotspot/src/share/vm/interpreter/linkResolver.cpp, line 5
Event: 0,754 Thread 0x00007f76f800c000 Exception <a 'java/lang/NoSuchMethodError': java.lang.Object.lambda$and$0(Ljava/util/function/Predicate;Ljava/lang/Object;)Z> (0x00000000ed371d70) thrown at [/HUDSON3/workspace/8-2-build-linux-amd64/jdk8u111/7883/hotspot/src/share/vm/interpreter/linkResol
Event: 0,765 Thread 0x00007f76f800c000 Exception <a 'java/lang/NoSuchMethodError': java.lang.Object.lambda$comparingLong$6043328a$1(Ljava/util/function/ToLongFunction;Ljava/lang/Object;Ljava/lang/Object;)I> (0x00000000ed3a9a88) thrown at [/HUDSON3/workspace/8-2-build-linux-amd64/jdk8u111/7883/
Event: 0,767 Thread 0x00007f76f800c000 Exception <a 'java/lang/NoSuchMethodError': java.lang.Object.lambda$maxBy$1(Ljava/util/Comparator;Ljava/lang/Object;Ljava/lang/Object;)Ljava/lang/Object;> (0x00000000ed3b5e60) thrown at [/HUDSON3/workspace/8-2-build-linux-amd64/jdk8u111/7883/hotspot/src/s
Event: 0,779 Thread 0x00007f76f800c000 Exception <a 'java/lang/NoSuchMethodError': java.lang.Object.lambda$getResource$0(Ljava/lang/Class;Lorg/cloudbus/cloudsim/resources/ResourceManageable;)Z> (0x00000000ed41f878) thrown at [/HUDSON3/workspace/8-2-build-linux-amd64/jdk8u111/7883/hotspot/src/s

Events (10 events):
Event: 638,774 Thread 0x00007f76f800c000 DEOPT UNPACKING pc=0x00007f76e9005229 sp=0x00007f77002f1248 mode 2
Event: 657,259 Executing VM operation: ParallelGCFailedAllocation
Event: 657,308 Executing VM operation: ParallelGCFailedAllocation done
Event: 680,823 Executing VM operation: ParallelGCFailedAllocation
Event: 680,875 Executing VM operation: ParallelGCFailedAllocation done
Event: 705,038 Executing VM operation: ParallelGCFailedAllocation
Event: 705,104 Executing VM operation: ParallelGCFailedAllocation done
Event: 730,570 Executing VM operation: ParallelGCFailedAllocation
Event: 730,626 Executing VM operation: ParallelGCFailedAllocation done
Event: 755,830 Executing VM operation: ParallelGCFailedAllocation


Dynamic libraries:
00400000-00401000 r-xp 00000000 08:02 4457658                            /home/wictor/jdk1.8.0_111/bin/java
00600000-00601000 rw-p 00000000 08:02 4457658                            /home/wictor/jdk1.8.0_111/bin/java
01766000-01787000 rw-p 00000000 00:00 0                                  [heap]
c4200000-d7a00000 rw-p 00000000 00:00 0 
e1300000-ec100000 ---p 00000000 00:00 0 
ec100000-100000000 rw-p 00000000 00:00 0 
100000000-100140000 rw-p 00000000 00:00 0 
100140000-140000000 ---p 00000000 00:00 0 
7f7684000000-7f7684021000 rw-p 00000000 00:00 0 
7f7684021000-7f7688000000 ---p 00000000 00:00 0 
7f768c000000-7f768c42a000 rw-p 00000000 00:00 0 
7f768c42a000-7f7690000000 ---p 00000000 00:00 0 
7f7690000000-7f7690021000 rw-p 00000000 00:00 0 
7f7690021000-7f7694000000 ---p 00000000 00:00 0 
7f7694000000-7f7695388000 rw-p 00000000 00:00 0 
7f7695388000-7f7698000000 ---p 00000000 00:00 0 
7f7698000000-7f7699374000 rw-p 00000000 00:00 0 
7f7699374000-7f769c000000 ---p 00000000 00:00 0 
7f769c000000-7f769c021000 rw-p 00000000 00:00 0 
7f769c021000-7f76a0000000 ---p 00000000 00:00 0 
7f76a0000000-7f76a12b8000 rw-p 00000000 00:00 0 
7f76a12b8000-7f76a4000000 ---p 00000000 00:00 0 
7f76a4000000-7f76a4021000 rw-p 00000000 00:00 0 
7f76a4021000-7f76a8000000 ---p 00000000 00:00 0 
7f76a8000000-7f76a8021000 rw-p 00000000 00:00 0 
7f76a8021000-7f76ac000000 ---p 00000000 00:00 0 
7f76ac000000-7f76ac021000 rw-p 00000000 00:00 0 
7f76ac021000-7f76b0000000 ---p 00000000 00:00 0 
7f76b0000000-7f76b02a0000 rw-p 00000000 00:00 0 
7f76b02a0000-7f76b4000000 ---p 00000000 00:00 0 
7f76b4000000-7f76b4021000 rw-p 00000000 00:00 0 
7f76b4021000-7f76b8000000 ---p 00000000 00:00 0 
7f76bc000000-7f76bc021000 rw-p 00000000 00:00 0 
7f76bc021000-7f76c0000000 ---p 00000000 00:00 0 
7f76c4000000-7f76c4021000 rw-p 00000000 00:00 0 
7f76c4021000-7f76c8000000 ---p 00000000 00:00 0 
7f76cc000000-7f76cc021000 rw-p 00000000 00:00 0 
7f76cc021000-7f76d0000000 ---p 00000000 00:00 0 
7f76d4000000-7f76d4021000 rw-p 00000000 00:00 0 
7f76d4021000-7f76d8000000 ---p 00000000 00:00 0 
7f76db635000-7f76db6f5000 rw-p 00000000 00:00 0 
7f76db6f5000-7f76db835000 ---p 00000000 00:00 0 
7f76db835000-7f76db83f000 r--s 00115000 08:02 4457332                    /home/wictor/jdk1.8.0_111/jre/lib/ext/localedata.jar
7f76db83f000-7f76db846000 r--s 00000000 08:02 1182551                    /usr/lib/x86_64-linux-gnu/gconv/gconv-modules.cache
7f76db846000-7f76db867000 r--p 00000000 08:02 1838760                    /usr/share/locale-langpack/pt_BR/LC_MESSAGES/libc.mo
7f76db867000-7f76db869000 r--s 0000e000 08:02 5148487                    /home/wictor/.m2/repository/commons-logging/commons-logging/1.1.3/commons-logging-1.1.3.jar
7f76db869000-7f76db870000 r--s 0003f000 08:02 4199920                    /home/wictor/.m2/repository/commons-codec/commons-codec/1.10/commons-codec-1.10.jar
7f76db870000-7f76db877000 r--s 00050000 08:02 4199919                    /home/wictor/.m2/repository/org/apache/httpcomponents/httpcore-nio/4.4.5/httpcore-nio-4.4.5.jar
7f76db877000-7f76db87b000 r--s 00028000 08:02 4199916                    /home/wictor/.m2/repository/org/apache/httpcomponents/httpasyncclient/4.1.2/httpasyncclient-4.1.2.jar
7f76db87b000-7f76db882000 r--s 00049000 08:02 4199914                    /home/wictor/.m2/repository/org/apache/httpcomponents/httpcore/4.4.5/httpcore-4.4.5.jar
7f76db882000-7f76db88f000 r--s 000a7000 08:02 4199912                    /home/wictor/.m2/repository/org/apache/httpcomponents/httpclient/4.5.2/httpclient-4.5.2.jar
7f76db88f000-7f76db891000 r--s 00008000 08:02 4199911                    /home/wictor/.m2/repository/org/elasticsearch/client/elasticsearch-rest-client/6.3.2/elasticsearch-rest-client-6.3.2.jar
7f76db891000-7f76db895000 r--s 000d5000 08:02 4199908                    /home/wictor/.m2/repository/org/elasticsearch/jna/4.5.1/jna-4.5.1.jar
7f76db895000-7f76db89a000 r--s 00036000 08:02 4199907                    /home/wictor/.m2/repository/org/apache/logging/log4j/log4j-api/2.9.1/log4j-api-2.9.1.jar
7f76db89a000-7f76db89c000 r--s 0001a000 08:02 4199904                    /home/wictor/.m2/repository/org/hdrhistogram/HdrHistogram/2.1.9/HdrHistogram-2.1.9.jar
7f76db89c000-7f76db89e000 r--s 0000b000 08:02 4199902                    /home/wictor/.m2/repository/com/tdunning/t-digest/3.2/t-digest-3.2.jar
7f76db89e000-7f76db8af000 r--s 0008a000 08:02 4199900                    /home/wictor/.m2/repository/joda-time/joda-time/2.9.9/joda-time-2.9.9.jar
7f76db8af000-7f76db8c6000 r--s 00100000 08:02 4199899                    /home/wictor/.m2/repository/com/carrotsearch/hppc/0.7.1/hppc-0.7.1.jar
7f76db8c6000-7f76db8c9000 r--s 00011000 08:02 5115059                    /home/wictor/.m2/repository/net/sf/jopt-simple/jopt-simple/5.0.2/jopt-simple-5.0.2.jar
7f76db8c9000-7f76db8ca000 r--s 00003000 08:02 4199896                    /home/wictor/.m2/repository/org/elasticsearch/elasticsearch-cli/6.3.2/elasticsearch-cli-6.3.2.jar
7f76db8ca000-7f76db8cf000 r--s 00039000 08:02 4199894                    /home/wictor/.m2/repository/org/apache/lucene/lucene-suggest/7.3.1/lucene-suggest-7.3.1.jar
7f76db8cf000-7f76db8d3000 r--s 00043000 08:02 4199893                    /home/wictor/.m2/repository/org/apache/lucene/lucene-spatial3d/7.3.1/lucene-spatial3d-7.3.1.jar
7f76db8d3000-7f76db8d8000 r--s 00035000 08:02 4199890                    /home/wictor/.m2/repository/org/apache/lucene/lucene-spatial-extras/7.3.1/lucene-spatial-extras-7.3.1.jar
7f76db8d8000-7f76db8db000 r--s 0002a000 08:02 4199886                    /home/wictor/.m2/repository/org/apache/lucene/lucene-sandbox/7.3.1/lucene-sandbox-7.3.1.jar
7f76db8db000-7f76db8e4000 r--s 00055000 08:02 4199884                    /home/wictor/.m2/repository/org/apache/lucene/lucene-queryparser/7.3.1/lucene-queryparser-7.3.1.jar
7f76db8e4000-7f76db8eb000 r--s 0003a000 08:02 4199882                    /home/wictor/.m2/repository/org/apache/lucene/lucene-queries/7.3.1/lucene-queries-7.3.1.jar
7f76db8eb000-7f76db8ee000 r--s 00014000 08:02 4199880                    /home/wictor/.m2/repository/org/apache/lucene/lucene-misc/7.3.1/lucene-misc-7.3.1.jar
7f76db8ee000-7f76db8f0000 r--s 0000a000 08:02 4199878                    /home/wictor/.m2/repository/org/apache/lucene/lucene-memory/7.3.1/lucene-memory-7.3.1.jar
7f76db8f0000-7f76db8f4000 r--s 00020000 08:02 4199876                    /home/wictor/.m2/repository/org/apache/lucene/lucene-join/7.3.1/lucene-join-7.3.1.jar
7f76db8f4000-7f76db8f8000 r--s 0002c000 08:02 4199874                    /home/wictor/.m2/repository/org/apache/lucene/lucene-highlighter/7.3.1/lucene-highlighter-7.3.1.jar
7f76db8f8000-7f76db8fb000 r--s 00013000 08:02 4199872                    /home/wictor/.m2/repository/org/apache/lucene/lucene-grouping/7.3.1/lucene-grouping-7.3.1.jar
7f76db8fb000-7f76db8fe000 r--s 00016000 08:02 4199871                    /home/wictor/.m2/repository/org/apache/lucene/lucene-backward-codecs/7.3.1/lucene-backward-codecs-7.3.1.jar
7f76db8fe000-7f76db910000 r--s 0017b000 08:02 4199869                    /home/wictor/.m2/repository/org/apache/lucene/lucene-analyzers-common/7.3.1/lucene-analyzers-common-7.3.1.jar
7f76db910000-7f76db93f000 r--s 00289000 08:02 4199866                    /home/wictor/.m2/repository/org/apache/lucene/lucene-core/7.3.1/lucene-core-7.3.1.jar
7f76db93f000-7f76db941000 r--s 0000b000 08:02 4199865                    /home/wictor/.m2/repository/com/fasterxml/jackson/dataformat/jackson-dataformat-cbor/2.8.10/jackson-dataformat-cbor-2.8.10.jar
7f76db941000-7f76db943000 r--s 00011000 08:02 4199861                    /home/wictor/.m2/repository/com/fasterxml/jackson/dataformat/jackson-dataformat-smile/2.8.10/jackson-dataformat-smile-2.8.10.jar
7f76db943000-7f76db947000 r--s 00042000 08:02 4199859                    /home/wictor/.m2/repository/com/fasterxml/jackson/core/jackson-core/2.8.10/jackson-core-2.8.10.jar
7f76db947000-7f76db94d000 r--s 0003d000 08:02 4199855                    /home/wictor/.m2/repository/org/yaml/snakeyaml/1.17/snakeyaml-1.17.jar
7f76db94d000-7f76db950000 r--s 00019000 08:02 4199854                    /home/wictor/.m2/repository/org/elasticsearch/elasticsearch-x-content/6.3.2/elasticsearch-x-content-6.3.2.jar
7f76db950000-7f76db9f1000 r--s 008f1000 08:02 4199857                    /home/wictor/.m2/repository/org/elasticsearch/elasticsearch/6.3.2/elasticsearch-6.3.2.jar
7f76db9f1000-7f76db9fa000 r--s 00097000 08:02 4068785                    /home/wictor/.m2/repository/com/sun/mail/javax.mail/1.6.0/javax.mail-1.6.0.jar
7f76db9fa000-7f76db9fb000 ---p 00000000 00:00 0 
7f76db9fb000-7f76dbafb000 rw-p 00000000 00:00 0 
7f76dbafb000-7f76dbafe000 ---p 00000000 00:00 0 
7f76dbafe000-7f76dbbfc000 rw-p 00000000 00:00 0 
7f76dbbfc000-7f76dbbff000 ---p 00000000 00:00 0 
7f76dbbff000-7f76dbcfd000 rw-p 00000000 00:00 0 
7f76dbcfd000-7f76dbd00000 ---p 00000000 00:00 0 
7f76dbd00000-7f76dbdfe000 rw-p 00000000 00:00 0 
7f76dbdfe000-7f76dbe01000 ---p 00000000 00:00 0 
7f76dbe01000-7f76dbeff000 rw-p 00000000 00:00 0 
7f76dbeff000-7f76dbf02000 ---p 00000000 00:00 0 
7f76dbf02000-7f76dc000000 rw-p 00000000 00:00 0 
7f76dc000000-7f76dc021000 rw-p 00000000 00:00 0 
7f76dc021000-7f76e0000000 ---p 00000000 00:00 0 
7f76e0000000-7f76e0001000 r--s 00003000 08:02 4199888                    /home/wictor/.m2/repository/org/apache/lucene/lucene-spatial/7.3.1/lucene-spatial-7.3.1.jar
7f76e0001000-7f76e0007000 r--s 00035000 08:02 4068782                    /home/wictor/.m2/repository/ch/qos/logback/logback-classic/1.3.0-alpha4/logback-classic-1.3.0-alpha4.jar
7f76e0007000-7f76e0012000 r--s 00068000 08:02 4068781                    /home/wictor/.m2/repository/ch/qos/logback/logback-core/1.3.0-alpha4/logback-core-1.3.0-alpha4.jar
7f76e0012000-7f76e0039000 r--s 001f6000 08:02 5149939                    /home/wictor/.m2/repository/org/apache/commons/commons-math3/3.6.1/commons-math3-3.6.1.jar
7f76e0039000-7f76e003c000 ---p 00000000 00:00 0 
7f76e003c000-7f76e013a000 rw-p 00000000 00:00 0 
7f76e013a000-7f76e0af9000 r--p 00000000 08:02 925075                     /usr/lib/locale/locale-archive
7f76e0af9000-7f76e0afc000 ---p 00000000 00:00 0 
7f76e0afc000-7f76e0bfa000 rw-p 00000000 00:00 0 
7f76e0bfa000-7f76e0bfd000 ---p 00000000 00:00 0 
7f76e0bfd000-7f76e0cfb000 rw-p 00000000 00:00 0 
7f76e0cfb000-7f76e0cfc000 ---p 00000000 00:00 0 
7f76e0cfc000-7f76e4000000 rw-p 00000000 00:00 0 
7f76e4000000-7f76e4021000 rw-p 00000000 00:00 0 
7f76e4021000-7f76e8000000 ---p 00000000 00:00 0 
7f76e8000000-7f76e8001000 r--s 00009000 08:02 4199862                    /home/wictor/.m2/repository/com/fasterxml/jackson/dataformat/jackson-dataformat-yaml/2.8.10/jackson-dataformat-yaml-2.8.10.jar
7f76e8001000-7f76e8003000 r--s 00007000 08:02 4199853                    /home/wictor/.m2/repository/org/elasticsearch/elasticsearch-core/6.3.2/elasticsearch-core-6.3.2.jar
7f76e8003000-7f76e8005000 r--s 00009000 08:02 4594330                    /home/wictor/.m2/repository/org/slf4j/slf4j-api/1.8.0-beta2/slf4j-api-1.8.0-beta2.jar
7f76e8005000-7f76e9000000 rw-p 00000000 00:00 0 
7f76e9000000-7f76e96b0000 rwxp 00000000 00:00 0 
7f76e96b0000-7f76f8000000 ---p 00000000 00:00 0 
7f76f8000000-7f76f865a000 rw-p 00000000 00:00 0 
7f76f865a000-7f76fc000000 ---p 00000000 00:00 0 
7f76fc000000-7f76fc042000 rw-p 00000000 00:00 0 
7f76fc042000-7f76fc21a000 r--s 03d2a000 08:02 4329949                    /home/wictor/jdk1.8.0_111/jre/lib/rt.jar
7f76fc21a000-7f76fc46f000 rw-p 00000000 00:00 0 
7f76fc46f000-7f76fc470000 ---p 00000000 00:00 0 
7f76fc470000-7f76fc570000 rw-p 00000000 00:00 0 
7f76fc570000-7f76fc571000 ---p 00000000 00:00 0 
7f76fc571000-7f76fc671000 rw-p 00000000 00:00 0 
7f76fc671000-7f76fc672000 ---p 00000000 00:00 0 
7f76fc672000-7f76fc772000 rw-p 00000000 00:00 0 
7f76fc772000-7f76fc773000 ---p 00000000 00:00 0 
7f76fc773000-7f76fc873000 rw-p 00000000 00:00 0 
7f76fc873000-7f76fc874000 ---p 00000000 00:00 0 
7f76fc874000-7f76fc974000 rw-p 00000000 00:00 0 
7f76fc974000-7f76fc975000 ---p 00000000 00:00 0 
7f76fc975000-7f76fca75000 rw-p 00000000 00:00 0 
7f76fca75000-7f76fca76000 ---p 00000000 00:00 0 
7f76fca76000-7f76fcb76000 rw-p 00000000 00:00 0 
7f76fcb76000-7f76fcb77000 ---p 00000000 00:00 0 
7f76fcb77000-7f76fcd13000 rw-p 00000000 00:00 0 
7f76fcd13000-7f76fcdb7000 ---p 00000000 00:00 0 
7f76fcdb7000-7f76fce53000 rw-p 00000000 00:00 0 
7f76fce53000-7f76fcef6000 ---p 00000000 00:00 0 
7f76fcef6000-7f76fcf96000 rw-p 00000000 00:00 0 
7f76fcf96000-7f76fcfb2000 rw-p 00000000 00:00 0 
7f76fcfb2000-7f76fd357000 ---p 00000000 00:00 0 
7f76fd357000-7f76fd371000 r-xp 00000000 08:02 4457510                    /home/wictor/jdk1.8.0_111/jre/lib/amd64/libzip.so
7f76fd371000-7f76fd571000 ---p 0001a000 08:02 4457510                    /home/wictor/jdk1.8.0_111/jre/lib/amd64/libzip.so
7f76fd571000-7f76fd572000 rw-p 0001a000 08:02 4457510                    /home/wictor/jdk1.8.0_111/jre/lib/amd64/libzip.so
7f76fd572000-7f76fd57d000 r-xp 00000000 08:02 3543651                    /lib/x86_64-linux-gnu/libnss_files-2.23.so
7f76fd57d000-7f76fd77c000 ---p 0000b000 08:02 3543651                    /lib/x86_64-linux-gnu/libnss_files-2.23.so
7f76fd77c000-7f76fd77d000 r--p 0000a000 08:02 3543651                    /lib/x86_64-linux-gnu/libnss_files-2.23.so
7f76fd77d000-7f76fd77e000 rw-p 0000b000 08:02 3543651                    /lib/x86_64-linux-gnu/libnss_files-2.23.so
7f76fd77e000-7f76fd784000 rw-p 00000000 00:00 0 
7f76fd784000-7f76fd78f000 r-xp 00000000 08:02 3543661                    /lib/x86_64-linux-gnu/libnss_nis-2.23.so
7f76fd78f000-7f76fd98e000 ---p 0000b000 08:02 3543661                    /lib/x86_64-linux-gnu/libnss_nis-2.23.so
7f76fd98e000-7f76fd98f000 r--p 0000a000 08:02 3543661                    /lib/x86_64-linux-gnu/libnss_nis-2.23.so
7f76fd98f000-7f76fd990000 rw-p 0000b000 08:02 3543661                    /lib/x86_64-linux-gnu/libnss_nis-2.23.so
7f76fd990000-7f76fd9a6000 r-xp 00000000 08:02 3543645                    /lib/x86_64-linux-gnu/libnsl-2.23.so
7f76fd9a6000-7f76fdba5000 ---p 00016000 08:02 3543645                    /lib/x86_64-linux-gnu/libnsl-2.23.so
7f76fdba5000-7f76fdba6000 r--p 00015000 08:02 3543645                    /lib/x86_64-linux-gnu/libnsl-2.23.so
7f76fdba6000-7f76fdba7000 rw-p 00016000 08:02 3543645                    /lib/x86_64-linux-gnu/libnsl-2.23.so
7f76fdba7000-7f76fdba9000 rw-p 00000000 00:00 0 
7f76fdba9000-7f76fdbb1000 r-xp 00000000 08:02 3543647                    /lib/x86_64-linux-gnu/libnss_compat-2.23.so
7f76fdbb1000-7f76fddb0000 ---p 00008000 08:02 3543647                    /lib/x86_64-linux-gnu/libnss_compat-2.23.so
7f76fddb0000-7f76fddb1000 r--p 00007000 08:02 3543647                    /lib/x86_64-linux-gnu/libnss_compat-2.23.so
7f76fddb1000-7f76fddb2000 rw-p 00008000 08:02 3543647                    /lib/x86_64-linux-gnu/libnss_compat-2.23.so
7f76fddb2000-7f76fdddd000 r-xp 00000000 08:02 4457487                    /home/wictor/jdk1.8.0_111/jre/lib/amd64/libjava.so
7f76fdddd000-7f76fdfdc000 ---p 0002b000 08:02 4457487                    /home/wictor/jdk1.8.0_111/jre/lib/amd64/libjava.so
7f76fdfdc000-7f76fdfde000 rw-p 0002a000 08:02 4457487                    /home/wictor/jdk1.8.0_111/jre/lib/amd64/libjava.so
7f76fdfde000-7f76fdfeb000 r-xp 00000000 08:02 4457459                    /home/wictor/jdk1.8.0_111/jre/lib/amd64/libverify.so
7f76fdfeb000-7f76fe1ea000 ---p 0000d000 08:02 4457459                    /home/wictor/jdk1.8.0_111/jre/lib/amd64/libverify.so
7f76fe1ea000-7f76fe1ec000 rw-p 0000c000 08:02 4457459                    /home/wictor/jdk1.8.0_111/jre/lib/amd64/libverify.so
7f76fe1ec000-7f76fe1f3000 r-xp 00000000 08:02 3543706                    /lib/x86_64-linux-gnu/librt-2.23.so
7f76fe1f3000-7f76fe3f2000 ---p 00007000 08:02 3543706                    /lib/x86_64-linux-gnu/librt-2.23.so
7f76fe3f2000-7f76fe3f3000 r--p 00006000 08:02 3543706                    /lib/x86_64-linux-gnu/librt-2.23.so
7f76fe3f3000-7f76fe3f4000 rw-p 00007000 08:02 3543706                    /lib/x86_64-linux-gnu/librt-2.23.so
7f76fe3f4000-7f76fe4fc000 r-xp 00000000 08:02 3543622                    /lib/x86_64-linux-gnu/libm-2.23.so
7f76fe4fc000-7f76fe6fb000 ---p 00108000 08:02 3543622                    /lib/x86_64-linux-gnu/libm-2.23.so
7f76fe6fb000-7f76fe6fc000 r--p 00107000 08:02 3543622                    /lib/x86_64-linux-gnu/libm-2.23.so
7f76fe6fc000-7f76fe6fd000 rw-p 00108000 08:02 3543622                    /lib/x86_64-linux-gnu/libm-2.23.so
7f76fe6fd000-7f76ff3ca000 r-xp 00000000 08:02 4457387                    /home/wictor/jdk1.8.0_111/jre/lib/amd64/server/libjvm.so
7f76ff3ca000-7f76ff5c9000 ---p 00ccd000 08:02 4457387                    /home/wictor/jdk1.8.0_111/jre/lib/amd64/server/libjvm.so
7f76ff5c9000-7f76ff6a2000 rw-p 00ccc000 08:02 4457387                    /home/wictor/jdk1.8.0_111/jre/lib/amd64/server/libjvm.so
7f76ff6a2000-7f76ff6ed000 rw-p 00000000 00:00 0 
7f76ff6ed000-7f76ff8ad000 r-xp 00000000 08:02 3543552                    /lib/x86_64-linux-gnu/libc-2.23.so
7f76ff8ad000-7f76ffaad000 ---p 001c0000 08:02 3543552                    /lib/x86_64-linux-gnu/libc-2.23.so
7f76ffaad000-7f76ffab1000 r--p 001c0000 08:02 3543552                    /lib/x86_64-linux-gnu/libc-2.23.so
7f76ffab1000-7f76ffab3000 rw-p 001c4000 08:02 3543552                    /lib/x86_64-linux-gnu/libc-2.23.so
7f76ffab3000-7f76ffab7000 rw-p 00000000 00:00 0 
7f76ffab7000-7f76ffaba000 r-xp 00000000 08:02 3543576                    /lib/x86_64-linux-gnu/libdl-2.23.so
7f76ffaba000-7f76ffcb9000 ---p 00003000 08:02 3543576                    /lib/x86_64-linux-gnu/libdl-2.23.so
7f76ffcb9000-7f76ffcba000 r--p 00002000 08:02 3543576                    /lib/x86_64-linux-gnu/libdl-2.23.so
7f76ffcba000-7f76ffcbb000 rw-p 00003000 08:02 3543576                    /lib/x86_64-linux-gnu/libdl-2.23.so
7f76ffcbb000-7f76ffcd0000 r-xp 00000000 08:02 4199294                    /home/wictor/jdk1.8.0_111/lib/amd64/jli/libjli.so
7f76ffcd0000-7f76ffed0000 ---p 00015000 08:02 4199294                    /home/wictor/jdk1.8.0_111/lib/amd64/jli/libjli.so
7f76ffed0000-7f76ffed1000 rw-p 00015000 08:02 4199294                    /home/wictor/jdk1.8.0_111/lib/amd64/jli/libjli.so
7f76ffed1000-7f76ffee9000 r-xp 00000000 08:02 3543698                    /lib/x86_64-linux-gnu/libpthread-2.23.so
7f76ffee9000-7f77000e8000 ---p 00018000 08:02 3543698                    /lib/x86_64-linux-gnu/libpthread-2.23.so
7f77000e8000-7f77000e9000 r--p 00017000 08:02 3543698                    /lib/x86_64-linux-gnu/libpthread-2.23.so
7f77000e9000-7f77000ea000 rw-p 00018000 08:02 3543698                    /lib/x86_64-linux-gnu/libpthread-2.23.so
7f77000ea000-7f77000ee000 rw-p 00000000 00:00 0 
7f77000ee000-7f7700114000 r-xp 00000000 08:02 3543524                    /lib/x86_64-linux-gnu/ld-2.23.so
7f7700114000-7f7700115000 r--s 00002000 08:02 4199852                    /home/wictor/.m2/repository/org/elasticsearch/elasticsearch-secure-sm/6.3.2/elasticsearch-secure-sm-6.3.2.jar
7f7700115000-7f770011a000 r--s 00034000 08:02 4068775                    /home/wictor/.m2/repository/com/google/code/gson/gson/2.8.2/gson-2.8.2.jar
7f770011a000-7f77001f2000 rw-p 00000000 00:00 0 
7f77001f2000-7f77001f5000 ---p 00000000 00:00 0 
7f77001f5000-7f77002f7000 rw-p 00000000 00:00 0 
7f77002f7000-7f77002f9000 r--s 0000e000 08:02 4068786                    /home/wictor/.m2/repository/javax/activation/activation/1.1/activation-1.1.jar
7f77002f9000-7f7700301000 r--s 00072000 08:02 5149941                    /home/wictor/.m2/repository/org/apache/commons/commons-lang3/3.7/commons-lang3-3.7.jar
7f7700301000-7f7700303000 r--s 0000f000 08:02 4199926                    /home/wictor/.m2/repository/org/elasticsearch/plugin/rank-eval-client/6.3.2/rank-eval-client-6.3.2.jar
7f7700303000-7f7700305000 r--s 0000d000 08:02 4199925                    /home/wictor/.m2/repository/org/elasticsearch/plugin/aggs-matrix-stats-client/6.3.2/aggs-matrix-stats-client-6.3.2.jar
7f7700305000-7f7700307000 r--s 00011000 08:02 4199922                    /home/wictor/.m2/repository/org/elasticsearch/plugin/parent-join-client/6.3.2/parent-join-client-6.3.2.jar
7f7700307000-7f7700308000 r--s 0000a000 08:02 4199850                    /home/wictor/.m2/repository/org/elasticsearch/client/elasticsearch-rest-high-level-client/6.3.2/elasticsearch-rest-high-level-client-6.3.2.jar
7f7700308000-7f7700310000 rw-s 00000000 08:02 5509583                    /tmp/hsperfdata_wictor/10441
7f7700310000-7f7700311000 rw-p 00000000 00:00 0 
7f7700311000-7f7700312000 ---p 00000000 00:00 0 
7f7700312000-7f7700313000 rw-p 00000000 00:00 0 
7f7700313000-7f7700314000 r--p 00025000 08:02 3543524                    /lib/x86_64-linux-gnu/ld-2.23.so
7f7700314000-7f7700315000 rw-p 00026000 08:02 3543524                    /lib/x86_64-linux-gnu/ld-2.23.so
7f7700315000-7f7700316000 rw-p 00000000 00:00 0 
7ffc1e8ec000-7ffc1e90e000 rw-p 00000000 00:00 0                          [stack]
7ffc1e9ce000-7ffc1e9d1000 r--p 00000000 00:00 0                          [vvar]
7ffc1e9d1000-7ffc1e9d3000 r-xp 00000000 00:00 0                          [vdso]
ffffffffff600000-ffffffffff601000 r-xp 00000000 00:00 0                  [vsyscall]

VM Arguments:
java_command: org.cloudsimplus.examples.bigdata.AppDinamico
java_class_path (initial): /home/wictor/Downloads/manoelcampos-cloudsim-plus-38d7106/cloudsim-plus-examples/target/classes:/home/wictor/.m2/repository/org/elasticsearch/client/elasticsearch-rest-high-level-client/6.3.2/elasticsearch-rest-high-level-client-6.3.2.jar:/home/wictor/.m2/repository/org/elasticsearch/plugin/parent-join-client/6.3.2/parent-join-client-6.3.2.jar:/home/wictor/.m2/repository/org/elasticsearch/plugin/aggs-matrix-stats-client/6.3.2/aggs-matrix-stats-client-6.3.2.jar:/home/wictor/.m2/repository/org/elasticsearch/plugin/rank-eval-client/6.3.2/rank-eval-client-6.3.2.jar:/home/wictor/Downloads/manoelcampos-cloudsim-plus-38d7106/cloudsim-plus/target/classes:/home/wictor/.m2/repository/org/apache/commons/commons-math3/3.6.1/commons-math3-3.6.1.jar:/home/wictor/.m2/repository/org/apache/commons/commons-lang3/3.7/commons-lang3-3.7.jar:/home/wictor/.m2/repository/com/google/code/gson/gson/2.8.2/gson-2.8.2.jar:/home/wictor/.m2/repository/ch/qos/logback/logback-core/1.3.0-alpha4/logback-core-1.3.0-alpha4.jar:/home/wictor/.m2/repository/ch/qos/logback/logback-classic/1.3.0-alpha4/logback-classic-1.3.0-alpha4.jar:/home/wictor/.m2/repository/com/sun/mail/javax.mail/1.6.0/javax.mail-1.6.0.jar:/home/wictor/.m2/repository/javax/activation/activation/1.1/activation-1.1.jar:/home/wictor/.m2/repository/org/slf4j/slf4j-api/1.8.0-beta2/slf4j-api-1.8.0-beta2.jar:/home/wictor/.m2/repository/org/elasticsearch/elasticsearch/6.3.2/elasticsearch-6.3.2.jar:/home/wictor/.m2/repository/org/elasticsearch/elasticsearch-core/6.3.2/elasticsearch-core-6.3.2.jar:/home/wictor/.m2/repository/org/elasticsearch/elasticsearch-secure-sm/6.3.2/elasticsearch-secure-sm-6.3.2.jar:/home/wictor/.m2/repository/org/elasticsearch/elasticsearch-x-content/6.3.2/elasticsearch-x-content-6.3.2.jar:/home/wictor/.m2/repository/org/yaml/snakeyaml/1.17/snakeyaml-1.17.jar:/home/wictor/.m2/repository/com/fasterxml/jackson/core/jackson-core/2.8.10/jackson-core-2.8.10.jar:/home/wictor/.m2/repository/com/fas
Launcher Type: SUN_STANDARD

Environment Variables:
JAVA_HOME=/home/wictor/jdk1.8.0_111
PATH=/home/wictor/bin:/home/wictor/.local/bin:/usr/local/sbin:/usr/local/bin:/usr/sbin:/usr/bin:/sbin:/bin:/usr/games:/usr/local/games:/snap/bin:/usr/lib/jvm/java-10-oracle/bin:/usr/lib/jvm/java-10-oracle/db/bin
LD_LIBRARY_PATH=/home/wictor/jdk1.8.0_111/jre/lib/amd64:/home/wictor/jdk1.8.0_111/jre/lib/i386:
SHELL=/bin/bash
DISPLAY=:0

Signal Handlers:
SIGSEGV: [libjvm.so+0xac64b0], sa_mask[0]=11111111011111111101111111111110, sa_flags=SA_RESTART|SA_SIGINFO
SIGBUS: [libjvm.so+0xac64b0], sa_mask[0]=11111111011111111101111111111110, sa_flags=SA_RESTART|SA_SIGINFO
SIGFPE: [libjvm.so+0x91f950], sa_mask[0]=11111111011111111101111111111110, sa_flags=SA_RESTART|SA_SIGINFO
SIGPIPE: [libjvm.so+0x91f950], sa_mask[0]=11111111011111111101111111111110, sa_flags=SA_RESTART|SA_SIGINFO
SIGXFSZ: [libjvm.so+0x91f950], sa_mask[0]=11111111011111111101111111111110, sa_flags=SA_RESTART|SA_SIGINFO
SIGILL: [libjvm.so+0x91f950], sa_mask[0]=11111111011111111101111111111110, sa_flags=SA_RESTART|SA_SIGINFO
SIGUSR1: SIG_DFL, sa_mask[0]=00000000000000000000000000000000, sa_flags=none
SIGUSR2: [libjvm.so+0x920f80], sa_mask[0]=00100000000000000000000000000000, sa_flags=SA_RESTART|SA_SIGINFO
SIGHUP: [libjvm.so+0x922380], sa_mask[0]=11111111011111111101111111111110, sa_flags=SA_RESTART|SA_SIGINFO
SIGINT: SIG_IGN, sa_mask[0]=00000000000000000000000000000000, sa_flags=none
SIGTERM: [libjvm.so+0x922380], sa_mask[0]=11111111011111111101111111111110, sa_flags=SA_RESTART|SA_SIGINFO
SIGQUIT: [libjvm.so+0x922380], sa_mask[0]=11111111011111111101111111111110, sa_flags=SA_RESTART|SA_SIGINFO


---------------  S Y S T E M  ---------------

OS:DISTRIB_ID=Ubuntu
DISTRIB_RELEASE=16.04
DISTRIB_CODENAME=xenial
DISTRIB_DESCRIPTION="Ubuntu 16.04.5 LTS"

uname:Linux 4.15.0-34-generic #37~16.04.1-Ubuntu SMP Tue Aug 28 10:44:06 UTC 2018 x86_64
libc:glibc 2.23 NPTL 2.23 
rlimit: STACK 8192k, CORE 0k, NPROC 14393, NOFILE 1048576, AS infinity
load average:1,35 1,53 1,18

/proc/meminfo:
MemTotal:        3922456 kB
MemFree:          127900 kB
MemAvailable:      77512 kB
Buffers:            1092 kB
Cached:           367708 kB
SwapCached:         5084 kB
Active:          2899968 kB
Inactive:         615040 kB
Active(anon):    2854660 kB
Inactive(anon):   570924 kB
Active(file):      45308 kB
Inactive(file):    44116 kB
Unevictable:        2956 kB
Mlocked:            2956 kB
SwapTotal:       4076540 kB
SwapFree:            792 kB
Dirty:               504 kB
Writeback:             0 kB
AnonPages:       3148040 kB
Mapped:           283184 kB
Shmem:            279008 kB
Slab:             106920 kB
SReclaimable:      48072 kB
SUnreclaim:        58848 kB
KernelStack:       15744 kB
PageTables:        71392 kB
NFS_Unstable:          0 kB
Bounce:                0 kB
WritebackTmp:          0 kB
CommitLimit:     6037768 kB
Committed_AS:   15145984 kB
VmallocTotal:   34359738367 kB
VmallocUsed:           0 kB
VmallocChunk:          0 kB
HardwareCorrupted:     0 kB
AnonHugePages:         0 kB
ShmemHugePages:        0 kB
ShmemPmdMapped:        0 kB
CmaTotal:              0 kB
CmaFree:               0 kB
HugePages_Total:       0
HugePages_Free:        0
HugePages_Rsvd:        0
HugePages_Surp:        0
Hugepagesize:       2048 kB
DirectMap4k:      852264 kB
DirectMap2M:     3225600 kB


CPU:total 8 (4 cores per cpu, 2 threads per core) family 6 model 58 stepping 9, cmov, cx8, fxsr, mmx, sse, sse2, sse3, ssse3, sse4.1, sse4.2, popcnt, avx, aes, clmul, erms, ht, tsc, tscinvbit, tscinv

/proc/cpuinfo:
processor	: 0
vendor_id	: GenuineIntel
cpu family	: 6
model		: 58
model name	: Intel(R) Core(TM) i7-3610QM CPU @ 2.30GHz
stepping	: 9
microcode	: 0x20
cpu MHz		: 1355.165
cache size	: 6144 KB
physical id	: 0
siblings	: 8
core id		: 0
cpu cores	: 4
apicid		: 0
initial apicid	: 0
fpu		: yes
fpu_exception	: yes
cpuid level	: 13
wp		: yes
flags		: fpu vme de pse tsc msr pae mce cx8 apic sep mtrr pge mca cmov pat pse36 clflush dts acpi mmx fxsr sse sse2 ss ht tm pbe syscall nx rdtscp lm constant_tsc arch_perfmon pebs bts rep_good nopl xtopology nonstop_tsc cpuid aperfmperf pni pclmulqdq dtes64 monitor ds_cpl vmx est tm2 ssse3 cx16 xtpr pdcm pcid sse4_1 sse4_2 x2apic popcnt tsc_deadline_timer aes xsave avx f16c rdrand lahf_lm cpuid_fault epb pti ssbd ibrs ibpb stibp tpr_shadow vnmi flexpriority ept vpid fsgsbase smep erms xsaveopt dtherm ida arat pln pts flush_l1d
bugs		: cpu_meltdown spectre_v1 spectre_v2 spec_store_bypass l1tf
bogomips	: 4589.84
clflush size	: 64
cache_alignment	: 64
address sizes	: 36 bits physical, 48 bits virtual
power management:

processor	: 1
vendor_id	: GenuineIntel
cpu family	: 6
model		: 58
model name	: Intel(R) Core(TM) i7-3610QM CPU @ 2.30GHz
stepping	: 9
microcode	: 0x20
cpu MHz		: 1246.258
cache size	: 6144 KB
physical id	: 0
siblings	: 8
core id		: 1
cpu cores	: 4
apicid		: 2
initial apicid	: 2
fpu		: yes
fpu_exception	: yes
cpuid level	: 13
wp		: yes
flags		: fpu vme de pse tsc msr pae mce cx8 apic sep mtrr pge mca cmov pat pse36 clflush dts acpi mmx fxsr sse sse2 ss ht tm pbe syscall nx rdtscp lm constant_tsc arch_perfmon pebs bts rep_good nopl xtopology nonstop_tsc cpuid aperfmperf pni pclmulqdq dtes64 monitor ds_cpl vmx est tm2 ssse3 cx16 xtpr pdcm pcid sse4_1 sse4_2 x2apic popcnt tsc_deadline_timer aes xsave avx f16c rdrand lahf_lm cpuid_fault epb pti ssbd ibrs ibpb stibp tpr_shadow vnmi flexpriority ept vpid fsgsbase smep erms xsaveopt dtherm ida arat pln pts flush_l1d
bugs		: cpu_meltdown spectre_v1 spectre_v2 spec_store_bypass l1tf
bogomips	: 4589.84
clflush size	: 64
cache_alignment	: 64
address sizes	: 36 bits physical, 48 bits virtual
power management:

processor	: 2
vendor_id	: GenuineIntel
cpu family	: 6
model		: 58
model name	: Intel(R) Core(TM) i7-3610QM CPU @ 2.30GHz
stepping	: 9
microcode	: 0x20
cpu MHz		: 1405.344
cache size	: 6144 KB
physical id	: 0
siblings	: 8
core id		: 2
cpu cores	: 4
apicid		: 4
initial apicid	: 4
fpu		: yes
fpu_exception	: yes
cpuid level	: 13
wp		: yes
flags		: fpu vme de pse tsc msr pae mce cx8 apic sep mtrr pge mca cmov pat pse36 clflush dts acpi mmx fxsr sse sse2 ss ht tm pbe syscall nx rdtscp lm constant_tsc arch_perfmon pebs bts rep_good nopl xtopology nonstop_tsc cpuid aperfmperf pni pclmulqdq dtes64 monitor ds_cpl vmx est tm2 ssse3 cx16 xtpr pdcm pcid sse4_1 sse4_2 x2apic popcnt tsc_deadline_timer aes xsave avx f16c rdrand lahf_lm cpuid_fault epb pti ssbd ibrs ibpb stibp tpr_shadow vnmi flexpriority ept vpid fsgsbase smep erms xsaveopt dtherm ida arat pln pts flush_l1d
bugs		: cpu_meltdown spectre_v1 spectre_v2 spec_store_bypass l1tf
bogomips	: 4589.84
clflush size	: 64
cache_alignment	: 64
address sizes	: 36 bits physical, 48 bits virtual
power management:

processor	: 3
vendor_id	: GenuineIntel
cpu family	: 6
model		: 58
model name	: Intel(R) Core(TM) i7-3610QM CPU @ 2.30GHz
stepping	: 9
microcode	: 0x20
cpu MHz		: 1539.884
cache size	: 6144 KB
physical id	: 0
siblings	: 8
core id		: 3
cpu cores	: 4
apicid		: 6
initial apicid	: 6
fpu		: yes
fpu_exception	: yes
cpuid level	: 13
wp		: yes
flags		: fpu vme de pse tsc msr pae mce cx8 apic sep mtrr pge mca cmov pat pse36 clflush dts acpi mmx fxsr sse sse2 ss ht tm pbe syscall nx rdtscp lm constant_tsc arch_perfmon pebs bts rep_good nopl xtopology nonstop_tsc cpuid aperfmperf pni pclmulqdq dtes64 monitor ds_cpl vmx est tm2 ssse3 cx16 xtpr pdcm pcid sse4_1 sse4_2 x2apic popcnt tsc_deadline_timer aes xsave avx f16c rdrand lahf_lm cpuid_fault epb pti ssbd ibrs ibpb stibp tpr_shadow vnmi flexpriority ept vpid fsgsbase smep erms xsaveopt dtherm ida arat pln pts flush_l1d
bugs		: cpu_meltdown spectre_v1 spectre_v2 spec_store_bypass l1tf
bogomips	: 4589.84
clflush size	: 64
cache_alignment	: 64
address sizes	: 36 bits physical, 48 bits virtual
power management:

processor	: 4
vendor_id	: GenuineIntel
cpu family	: 6
model		: 58
model name	: Intel(R) Core(TM) i7-3610QM CPU @ 2.30GHz
stepping	: 9
microcode	: 0x20
cpu MHz		: 1279.719
cache size	: 6144 KB
physical id	: 0
siblings	: 8
core id		: 0
cpu cores	: 4
apicid		: 1
initial apicid	: 1
fpu		: yes
fpu_exception	: yes
cpuid level	: 13
wp		: yes
flags		: fpu vme de pse tsc msr pae mce cx8 apic sep mtrr pge mca cmov pat pse36 clflush dts acpi mmx fxsr sse sse2 ss ht tm pbe syscall nx rdtscp lm constant_tsc arch_perfmon pebs bts rep_good nopl xtopology nonstop_tsc cpuid aperfmperf pni pclmulqdq dtes64 monitor ds_cpl vmx est tm2 ssse3 cx16 xtpr pdcm pcid sse4_1 sse4_2 x2apic popcnt tsc_deadline_timer aes xsave avx f16c rdrand lahf_lm cpuid_fault epb pti ssbd ibrs ibpb stibp tpr_shadow vnmi flexpriority ept vpid fsgsbase smep erms xsaveopt dtherm ida arat pln pts flush_l1d
bugs		: cpu_meltdown spectre_v1 spectre_v2 spec_store_bypass l1tf
bogomips	: 4589.84
clflush size	: 64
cache_alignment	: 64
address sizes	: 36 bits physical, 48 bits virtual
power management:

processor	: 5
vendor_id	: GenuineIntel
cpu family	: 6
model		: 58
model name	: Intel(R) Core(TM) i7-3610QM CPU @ 2.30GHz
stepping	: 9
microcode	: 0x20
cpu MHz		: 1688.462
cache size	: 6144 KB
physical id	: 0
siblings	: 8
core id		: 1
cpu cores	: 4
apicid		: 3
initial apicid	: 3
fpu		: yes
fpu_exception	: yes
cpuid level	: 13
wp		: yes
flags		: fpu vme de pse tsc msr pae mce cx8 apic sep mtrr pge mca cmov pat pse36 clflush dts acpi mmx fxsr sse sse2 ss ht tm pbe syscall nx rdtscp lm constant_tsc arch_perfmon pebs bts rep_good nopl xtopology nonstop_tsc cpuid aperfmperf pni pclmulqdq dtes64 monitor ds_cpl vmx est tm2 ssse3 cx16 xtpr pdcm pcid sse4_1 sse4_2 x2apic popcnt tsc_deadline_timer aes xsave avx f16c rdrand lahf_lm cpuid_fault epb pti ssbd ibrs ibpb stibp tpr_shadow vnmi flexpriority ept vpid fsgsbase smep erms xsaveopt dtherm ida arat pln pts flush_l1d
bugs		: cpu_meltdown spectre_v1 spectre_v2 spec_store_bypass l1tf
bogomips	: 4589.84
clflush size	: 64
cache_alignment	: 64
address sizes	: 36 bits physical, 48 bits virtual
power management:

processor	: 6
vendor_id	: GenuineIntel
cpu family	: 6
model		: 58
model name	: Intel(R) Core(TM) i7-3610QM CPU @ 2.30GHz
stepping	: 9
microcode	: 0x20
cpu MHz		: 1322.613
cache size	: 6144 KB
physical id	: 0
siblings	: 8
core id		: 2
cpu cores	: 4
apicid		: 5
initial apicid	: 5
fpu		: yes
fpu_exception	: yes
cpuid level	: 13
wp		: yes
flags		: fpu vme de pse tsc msr pae mce cx8 apic sep mtrr pge mca cmov pat pse36 clflush dts acpi mmx fxsr sse sse2 ss ht tm pbe syscall nx rdtscp lm constant_tsc arch_perfmon pebs bts rep_good nopl xtopology nonstop_tsc cpuid aperfmperf pni pclmulqdq dtes64 monitor ds_cpl vmx est tm2 ssse3 cx16 xtpr pdcm pcid sse4_1 sse4_2 x2apic popcnt tsc_deadline_timer aes xsave avx f16c rdrand lahf_lm cpuid_fault epb pti ssbd ibrs ibpb stibp tpr_shadow vnmi flexpriority ept vpid fsgsbase smep erms xsaveopt dtherm ida arat pln pts flush_l1d
bugs		: cpu_meltdown spectre_v1 spectre_v2 spec_store_bypass l1tf
bogomips	: 4589.84
clflush size	: 64
cache_alignment	: 64
address sizes	: 36 bits physical, 48 bits virtual
power management:

processor	: 7
vendor_id	: GenuineIntel
cpu family	: 6
model		: 58
model name	: Intel(R) Core(TM) i7-3610QM CPU @ 2.30GHz
stepping	: 9
microcode	: 0x20
cpu MHz		: 1348.664
cache size	: 6144 KB
physical id	: 0
siblings	: 8
core id		: 3
cpu cores	: 4
apicid		: 7
initial apicid	: 7
fpu		: yes
fpu_exception	: yes
cpuid level	: 13
wp		: yes
flags		: fpu vme de pse tsc msr pae mce cx8 apic sep mtrr pge mca cmov pat pse36 clflush dts acpi mmx fxsr sse sse2 ss ht tm pbe syscall nx rdtscp lm constant_tsc arch_perfmon pebs bts rep_good nopl xtopology nonstop_tsc cpuid aperfmperf pni pclmulqdq dtes64 monitor ds_cpl vmx est tm2 ssse3 cx16 xtpr pdcm pcid sse4_1 sse4_2 x2apic popcnt tsc_deadline_timer aes xsave avx f16c rdrand lahf_lm cpuid_fault epb pti ssbd ibrs ibpb stibp tpr_shadow vnmi flexpriority ept vpid fsgsbase smep erms xsaveopt dtherm ida arat pln pts flush_l1d
bugs		: cpu_meltdown spectre_v1 spectre_v2 spec_store_bypass l1tf
bogomips	: 4589.84
clflush size	: 64
cache_alignment	: 64
address sizes	: 36 bits physical, 48 bits virtual
power management:



Memory: 4k page, physical 3922456k(127032k free), swap 4076540k(1356k free)

vm_info: Java HotSpot(TM) 64-Bit Server VM (25.111-b14) for linux-amd64 JRE (1.8.0_111-b14), built on Sep 22 2016 16:14:03 by "java_re" with gcc 4.3.0 20080428 (Red Hat 4.3.0-8)

time: Tue Oct  2 20:05:56 2018
elapsed time: 757 seconds (0d 0h 12m 37s)

