#
# There is insufficient memory for the Java Runtime Environment to continue.
# Native memory allocation (mmap) failed to map 121634816 bytes for committing reserved memory.
# Possible reasons:
#   The system is out of physical RAM or swap space
#   In 32 bit mode, the process size limit was hit
# Possible solutions:
#   Reduce memory load on the system
#   Increase physical memory or swap space
#   Check if swap backing store is full
#   Use 64 bit Java on a 64 bit OS
#   Decrease Java heap size (-Xmx/-Xms)
#   Decrease number of Java threads
#   Decrease Java thread stack sizes (-Xss)
#   Set larger code cache with -XX:ReservedCodeCacheSize=
# This output file may be truncated or incomplete.
#
#  Out of Memory Error (os_linux.cpp:2627), pid=19591, tid=0x00007f3ba76f6700
#
# JRE version: Java(TM) SE Runtime Environment (8.0_111-b14) (build 1.8.0_111-b14)
# Java VM: Java HotSpot(TM) 64-Bit Server VM (25.111-b14 mixed mode linux-amd64 compressed oops)
# Failed to write core dump. Core dumps have been disabled. To enable core dumping, try "ulimit -c unlimited" before starting Java again
#

---------------  T H R E A D  ---------------

Current thread (0x00007f3bd8082000):  VMThread [stack: 0x00007f3ba75f6000,0x00007f3ba76f7000] [id=19604]

Stack: [0x00007f3ba75f6000,0x00007f3ba76f7000],  sp=0x00007f3ba76f4fa0,  free space=1019k
Native frames: (J=compiled Java code, j=interpreted, Vv=VM code, C=native code)
V  [libjvm.so+0xac5c2a]  VMError::report_and_die()+0x2ba
V  [libjvm.so+0x4fc50b]  report_vm_out_of_memory(char const*, int, unsigned long, VMErrorType, char const*)+0x8b
V  [libjvm.so+0x922ae3]  os::Linux::commit_memory_impl(char*, unsigned long, bool)+0x103
V  [libjvm.so+0x923039]  os::pd_commit_memory(char*, unsigned long, unsigned long, bool)+0x29
V  [libjvm.so+0x91d33a]  os::commit_memory(char*, unsigned long, unsigned long, bool)+0x2a
V  [libjvm.so+0x991ac3]  PSVirtualSpace::expand_by(unsigned long)+0x53
V  [libjvm.so+0x992ec8]  PSYoungGen::resize_generation(unsigned long, unsigned long)+0xf8
V  [libjvm.so+0x992022]  PSYoungGen::resize(unsigned long, unsigned long)+0x22
V  [libjvm.so+0x98f2fb]  PSScavenge::invoke_no_policy()+0xf3b
V  [libjvm.so+0x98fa81]  PSScavenge::invoke()+0x41
V  [libjvm.so+0x9467d0]  ParallelScavengeHeap::failed_mem_allocate(unsigned long)+0x70
V  [libjvm.so+0xac7647]  VM_ParallelGCFailedAllocation::doit()+0x97
V  [libjvm.so+0xacf125]  VM_Operation::evaluate()+0x55
V  [libjvm.so+0xacd4fa]  VMThread::evaluate_operation(VM_Operation*)+0xba
V  [libjvm.so+0xacd87e]  VMThread::loop()+0x1ce
V  [libjvm.so+0xacdcf0]  VMThread::run()+0x70
V  [libjvm.so+0x924ea8]  java_start(Thread*)+0x108

VM_Operation (0x00007f3b78cfa7c0): ParallelGCFailedAllocation, mode: safepoint, requested by thread 0x00007f3b20001000


---------------  P R O C E S S  ---------------

Java Threads: ( => current thread )
  0x00007f3b20001000 JavaThread "Thread-0" [_thread_blocked, id=19731, stack(0x00007f3b78bfb000,0x00007f3b78cfc000)]
  0x00007f3b8c004800 JavaThread "SIGTERM handler" daemon [_thread_blocked, id=19728, stack(0x00007f3b78cfc000,0x00007f3b78dfd000)]
  0x00007f3b8c002800 JavaThread "SIGTERM handler" daemon [_thread_blocked, id=19726, stack(0x00007f3b78dfd000,0x00007f3b78efe000)]
  0x00007f3b8c001000 JavaThread "SIGTERM handler" daemon [_thread_blocked, id=19724, stack(0x00007f3b78efe000,0x00007f3b78fff000)]
  0x00007f3bd800c000 JavaThread "DestroyJavaVM" [_thread_blocked, id=19595, stack(0x00007f3bdeb11000,0x00007f3bdec12000)]
  0x00007f3b480d6000 JavaThread "I/O dispatcher 16" [_thread_blocked, id=19689, stack(0x00007f3ba4091000,0x00007f3ba4192000)]
  0x00007f3b480d4800 JavaThread "I/O dispatcher 15" [_thread_blocked, id=19688, stack(0x00007f3ba4192000,0x00007f3ba4293000)]
  0x00007f3b480d2800 JavaThread "I/O dispatcher 14" [_thread_blocked, id=19687, stack(0x00007f3ba4293000,0x00007f3ba4394000)]
  0x00007f3b480d0800 JavaThread "I/O dispatcher 13" [_thread_blocked, id=19686, stack(0x00007f3ba4394000,0x00007f3ba4495000)]
  0x00007f3b480ce800 JavaThread "I/O dispatcher 12" [_thread_blocked, id=19685, stack(0x00007f3ba4495000,0x00007f3ba4596000)]
  0x00007f3b480cc800 JavaThread "I/O dispatcher 11" [_thread_blocked, id=19684, stack(0x00007f3ba4596000,0x00007f3ba4697000)]
  0x00007f3b480cb000 JavaThread "I/O dispatcher 10" [_thread_blocked, id=19683, stack(0x00007f3ba4697000,0x00007f3ba4798000)]
  0x00007f3b480c9000 JavaThread "I/O dispatcher 9" [_thread_blocked, id=19682, stack(0x00007f3ba4798000,0x00007f3ba4899000)]
  0x00007f3bd85ea800 JavaThread "pool-2-thread-1" [_thread_blocked, id=19681, stack(0x00007f3ba4899000,0x00007f3ba499a000)]
  0x00007f3b700d7800 JavaThread "I/O dispatcher 8" [_thread_blocked, id=19680, stack(0x00007f3ba4b9a000,0x00007f3ba4c9b000)]
  0x00007f3b700d6000 JavaThread "I/O dispatcher 7" [_thread_blocked, id=19679, stack(0x00007f3ba4c9b000,0x00007f3ba4d9c000)]
  0x00007f3b700d4800 JavaThread "I/O dispatcher 6" [_thread_blocked, id=19678, stack(0x00007f3ba4d9c000,0x00007f3ba4e9d000)]
  0x00007f3b700d2800 JavaThread "I/O dispatcher 5" [_thread_blocked, id=19677, stack(0x00007f3ba4e9d000,0x00007f3ba4f9e000)]
  0x00007f3b700d1000 JavaThread "I/O dispatcher 4" [_thread_blocked, id=19676, stack(0x00007f3ba4f9e000,0x00007f3ba509f000)]
  0x00007f3b700cf000 JavaThread "I/O dispatcher 3" [_thread_blocked, id=19675, stack(0x00007f3ba509f000,0x00007f3ba51a0000)]
  0x00007f3b700cd800 JavaThread "I/O dispatcher 2" [_thread_blocked, id=19674, stack(0x00007f3ba51a0000,0x00007f3ba52a1000)]
  0x00007f3b70002800 JavaThread "I/O dispatcher 1" [_thread_blocked, id=19673, stack(0x00007f3ba52a1000,0x00007f3ba53a2000)]
  0x00007f3bd85cd800 JavaThread "pool-1-thread-1" [_thread_blocked, id=19672, stack(0x00007f3ba53a2000,0x00007f3ba54a3000)]
  0x00007f3bd80cd000 JavaThread "Service Thread" daemon [_thread_blocked, id=19612, stack(0x00007f3ba642f000,0x00007f3ba6530000)]
  0x00007f3bd80ca000 JavaThread "C1 CompilerThread3" daemon [_thread_blocked, id=19611, stack(0x00007f3ba6530000,0x00007f3ba6631000)]
  0x00007f3bd80c7800 JavaThread "C2 CompilerThread2" daemon [_thread_blocked, id=19610, stack(0x00007f3ba6631000,0x00007f3ba6732000)]
  0x00007f3bd80c6000 JavaThread "C2 CompilerThread1" daemon [_thread_blocked, id=19609, stack(0x00007f3ba6732000,0x00007f3ba6833000)]
  0x00007f3bd80c3000 JavaThread "C2 CompilerThread0" daemon [_thread_blocked, id=19608, stack(0x00007f3ba6833000,0x00007f3ba6934000)]
  0x00007f3bd80c1800 JavaThread "Signal Dispatcher" daemon [_thread_blocked, id=19607, stack(0x00007f3ba6934000,0x00007f3ba6a35000)]
  0x00007f3bd808e800 JavaThread "Finalizer" daemon [_thread_blocked, id=19606, stack(0x00007f3ba73f4000,0x00007f3ba74f5000)]
  0x00007f3bd808a000 JavaThread "Reference Handler" daemon [_thread_blocked, id=19605, stack(0x00007f3ba74f5000,0x00007f3ba75f6000)]

Other Threads:
=>0x00007f3bd8082000 VMThread [stack: 0x00007f3ba75f6000,0x00007f3ba76f7000] [id=19604]
  0x00007f3bd80cf800 WatcherThread [stack: 0x00007f3ba632e000,0x00007f3ba642f000] [id=19613]

VM state:at safepoint (normal execution)

VM Mutex/Monitor currently owned by a thread:  ([mutex/lock_event])
[0x00007f3bd80086d0] Threads_lock - owner thread: 0x00007f3bd8082000
[0x00007f3bd8008bd0] Heap_lock - owner thread: 0x00007f3b20001000

Heap:
 PSYoungGen      total 202240K, used 5625K [0x00000000ec100000, 0x00000000f8c00000, 0x0000000100000000)
  eden space 196608K, 0% used [0x00000000ec100000,0x00000000ec100000,0x00000000f8100000)
  from space 5632K, 99% used [0x00000000f8100000,0x00000000f867e790,0x00000000f8680000)
  to   space 5632K, 0% used [0x00000000f8680000,0x00000000f8680000,0x00000000f8c00000)
 ParOldGen       total 40960K, used 15672K [0x00000000c4200000, 0x00000000c6a00000, 0x00000000ec100000)
  object space 40960K, 38% used [0x00000000c4200000,0x00000000c514e208,0x00000000c6a00000)
 Metaspace       used 15657K, capacity 16298K, committed 16512K, reserved 1062912K
  class space    used 1881K, capacity 2081K, committed 2176K, reserved 1048576K

Card table byte_map: [0x00007f3bc8633000,0x00007f3bc8813000] byte_map_base: 0x00007f3bc8012000

Marking Bits: (ParMarkBitMap*) 0x00007f3bddfdf220
 Begin Bits: [0x00007f3bc5efb000, 0x00007f3bc6df3000)
 End Bits:   [0x00007f3bc6df3000, 0x00007f3bc7ceb000)

Polling page: 0x00007f3bdec30000

CodeCache: size=245760Kb used=8621Kb max_used=8621Kb free=237138Kb
 bounds [0x00007f3bc8bd3000, 0x00007f3bc9453000, 0x00007f3bd7bd3000]
 total_blobs=2985 nmethods=2608 adapters=290
 compilation: enabled

Compilation events (10 events):
Event: 31,829 Thread 0x00007f3bd80ca000 2610   !   3       org.apache.http.impl.nio.reactor.AbstractIOReactor::processClosedSessions (43 bytes)
Event: 31,830 Thread 0x00007f3bd80ca000 nmethod 2610 0x00007f3bc943d850 code [0x00007f3bc943da20, 0x00007f3bc943e0a8]
Event: 31,830 Thread 0x00007f3bd80ca000 2609   !   3       org.apache.http.impl.nio.reactor.BaseIOReactor::validate (205 bytes)
Event: 31,832 Thread 0x00007f3bd80ca000 nmethod 2609 0x00007f3bc943e2d0 code [0x00007f3bc943e5c0, 0x00007f3bc943fbe8]
Event: 36,795 Thread 0x00007f3bd80ca000 2611       3       sun.nio.ch.EPollSelectorImpl::updateSelectedKeys (150 bytes)
Event: 36,797 Thread 0x00007f3bd80ca000 nmethod 2611 0x00007f3bc9440410 code [0x00007f3bc9440680, 0x00007f3bc9441688]
Event: 36,797 Thread 0x00007f3bd80ca000 2612       3       sun.nio.ch.EPollArrayWrapper::poll (70 bytes)
Event: 36,798 Thread 0x00007f3bd80ca000 nmethod 2612 0x00007f3bc9441f90 code [0x00007f3bc9442140, 0x00007f3bc94425b8]
Event: 40,797 Thread 0x00007f3bd80ca000 2613   !   3       org.apache.http.impl.nio.reactor.AbstractIOReactor::processNewChannels (232 bytes)
Event: 40,798 Thread 0x00007f3bd80ca000 nmethod 2613 0x00007f3bc9442790 code [0x00007f3bc9442ac0, 0x00007f3bc9444118]

GC Heap History (10 events):
Event: 2,768 GC heap after
Heap after GC invocations=6 (full 0):
 PSYoungGen      total 66560K, used 3154K [0x00000000ec100000, 0x00000000f0800000, 0x0000000100000000)
  eden space 61440K, 0% used [0x00000000ec100000,0x00000000ec100000,0x00000000efd00000)
  from space 5120K, 61% used [0x00000000f0300000,0x00000000f0614970,0x00000000f0800000)
  to   space 5632K, 0% used [0x00000000efd00000,0x00000000efd00000,0x00000000f0280000)
 ParOldGen       total 40960K, used 4926K [0x00000000c4200000, 0x00000000c6a00000, 0x00000000ec100000)
  object space 40960K, 12% used [0x00000000c4200000,0x00000000c46cf960,0x00000000c6a00000)
 Metaspace       used 9752K, capacity 10296K, committed 10496K, reserved 1058816K
  class space    used 1143K, capacity 1272K, committed 1280K, reserved 1048576K
}
Event: 3,528 GC heap before
{Heap before GC invocations=7 (full 0):
 PSYoungGen      total 66560K, used 64594K [0x00000000ec100000, 0x00000000f0800000, 0x0000000100000000)
  eden space 61440K, 100% used [0x00000000ec100000,0x00000000efd00000,0x00000000efd00000)
  from space 5120K, 61% used [0x00000000f0300000,0x00000000f0614970,0x00000000f0800000)
  to   space 5632K, 0% used [0x00000000efd00000,0x00000000efd00000,0x00000000f0280000)
 ParOldGen       total 40960K, used 4926K [0x00000000c4200000, 0x00000000c6a00000, 0x00000000ec100000)
  object space 40960K, 12% used [0x00000000c4200000,0x00000000c46cf960,0x00000000c6a00000)
 Metaspace       used 9840K, capacity 10364K, committed 10496K, reserved 1058816K
  class space    used 1143K, capacity 1272K, committed 1280K, reserved 1048576K
Event: 3,533 GC heap after
Heap after GC invocations=7 (full 0):
 PSYoungGen      total 67072K, used 1984K [0x00000000ec100000, 0x00000000f4400000, 0x0000000100000000)
  eden space 61440K, 0% used [0x00000000ec100000,0x00000000ec100000,0x00000000efd00000)
  from space 5632K, 35% used [0x00000000efd00000,0x00000000efef0000,0x00000000f0280000)
  to   space 5632K, 0% used [0x00000000f3e80000,0x00000000f3e80000,0x00000000f4400000)
 ParOldGen       total 40960K, used 7032K [0x00000000c4200000, 0x00000000c6a00000, 0x00000000ec100000)
  object space 40960K, 17% used [0x00000000c4200000,0x00000000c48de090,0x00000000c6a00000)
 Metaspace       used 9840K, capacity 10364K, committed 10496K, reserved 1058816K
  class space    used 1143K, capacity 1272K, committed 1280K, reserved 1048576K
}
Event: 4,748 GC heap before
{Heap before GC invocations=8 (full 0):
 PSYoungGen      total 67072K, used 63424K [0x00000000ec100000, 0x00000000f4400000, 0x0000000100000000)
  eden space 61440K, 100% used [0x00000000ec100000,0x00000000efd00000,0x00000000efd00000)
  from space 5632K, 35% used [0x00000000efd00000,0x00000000efef0000,0x00000000f0280000)
  to   space 5632K, 0% used [0x00000000f3e80000,0x00000000f3e80000,0x00000000f4400000)
 ParOldGen       total 40960K, used 7032K [0x00000000c4200000, 0x00000000c6a00000, 0x00000000ec100000)
  object space 40960K, 17% used [0x00000000c4200000,0x00000000c48de090,0x00000000c6a00000)
 Metaspace       used 9874K, capacity 10364K, committed 10496K, reserved 1058816K
  class space    used 1143K, capacity 1272K, committed 1280K, reserved 1048576K
Event: 4,750 GC heap after
Heap after GC invocations=8 (full 0):
 PSYoungGen      total 128512K, used 2880K [0x00000000ec100000, 0x00000000f4400000, 0x0000000100000000)
  eden space 122880K, 0% used [0x00000000ec100000,0x00000000ec100000,0x00000000f3900000)
  from space 5632K, 51% used [0x00000000f3e80000,0x00000000f4150000,0x00000000f4400000)
  to   space 5632K, 0% used [0x00000000f3900000,0x00000000f3900000,0x00000000f3e80000)
 ParOldGen       total 40960K, used 7184K [0x00000000c4200000, 0x00000000c6a00000, 0x00000000ec100000)
  object space 40960K, 17% used [0x00000000c4200000,0x00000000c4904090,0x00000000c6a00000)
 Metaspace       used 9874K, capacity 10364K, committed 10496K, reserved 1058816K
  class space    used 1143K, capacity 1272K, committed 1280K, reserved 1048576K
}
Event: 7,486 GC heap before
{Heap before GC invocations=9 (full 0):
 PSYoungGen      total 128512K, used 125760K [0x00000000ec100000, 0x00000000f4400000, 0x0000000100000000)
  eden space 122880K, 100% used [0x00000000ec100000,0x00000000f3900000,0x00000000f3900000)
  from space 5632K, 51% used [0x00000000f3e80000,0x00000000f4150000,0x00000000f4400000)
  to   space 5632K, 0% used [0x00000000f3900000,0x00000000f3900000,0x00000000f3e80000)
 ParOldGen       total 40960K, used 7184K [0x00000000c4200000, 0x00000000c6a00000, 0x00000000ec100000)
  object space 40960K, 17% used [0x00000000c4200000,0x00000000c4904090,0x00000000c6a00000)
 Metaspace       used 9890K, capacity 10364K, committed 10496K, reserved 1058816K
  class space    used 1143K, capacity 1272K, committed 1280K, reserved 1048576K
Event: 7,491 GC heap after
Heap after GC invocations=9 (full 0):
 PSYoungGen      total 128512K, used 3680K [0x00000000ec100000, 0x00000000f8c00000, 0x0000000100000000)
  eden space 122880K, 0% used [0x00000000ec100000,0x00000000ec100000,0x00000000f3900000)
  from space 5632K, 65% used [0x00000000f3900000,0x00000000f3c98140,0x00000000f3e80000)
  to   space 5632K, 0% used [0x00000000f8680000,0x00000000f8680000,0x00000000f8c00000)
 ParOldGen       total 40960K, used 7848K [0x00000000c4200000, 0x00000000c6a00000, 0x00000000ec100000)
  object space 40960K, 19% used [0x00000000c4200000,0x00000000c49aa090,0x00000000c6a00000)
 Metaspace       used 9890K, capacity 10364K, committed 10496K, reserved 1058816K
  class space    used 1143K, capacity 1272K, committed 1280K, reserved 1048576K
}
Event: 10,377 GC heap before
{Heap before GC invocations=10 (full 0):
 PSYoungGen      total 128512K, used 126560K [0x00000000ec100000, 0x00000000f8c00000, 0x0000000100000000)
  eden space 122880K, 100% used [0x00000000ec100000,0x00000000f3900000,0x00000000f3900000)
  from space 5632K, 65% used [0x00000000f3900000,0x00000000f3c98140,0x00000000f3e80000)
  to   space 5632K, 0% used [0x00000000f8680000,0x00000000f8680000,0x00000000f8c00000)
 ParOldGen       total 40960K, used 7848K [0x00000000c4200000, 0x00000000c6a00000, 0x00000000ec100000)
  object space 40960K, 19% used [0x00000000c4200000,0x00000000c49aa090,0x00000000c6a00000)
 Metaspace       used 9928K, capacity 10428K, committed 10496K, reserved 1058816K
  class space    used 1143K, capacity 1272K, committed 1280K, reserved 1048576K
Event: 10,381 GC heap after
Heap after GC invocations=10 (full 0):
 PSYoungGen      total 202240K, used 3408K [0x00000000ec100000, 0x00000000f8c00000, 0x0000000100000000)
  eden space 196608K, 0% used [0x00000000ec100000,0x00000000ec100000,0x00000000f8100000)
  from space 5632K, 60% used [0x00000000f8680000,0x00000000f89d4380,0x00000000f8c00000)
  to   space 5632K, 0% used [0x00000000f8100000,0x00000000f8100000,0x00000000f8680000)
 ParOldGen       total 40960K, used 9904K [0x00000000c4200000, 0x00000000c6a00000, 0x00000000ec100000)
  object space 40960K, 24% used [0x00000000c4200000,0x00000000c4bac090,0x00000000c6a00000)
 Metaspace       used 9928K, capacity 10428K, committed 10496K, reserved 1058816K
  class space    used 1143K, capacity 1272K, committed 1280K, reserved 1048576K
}
Event: 75,202 GC heap before
{Heap before GC invocations=11 (full 0):
 PSYoungGen      total 202240K, used 200016K [0x00000000ec100000, 0x00000000f8c00000, 0x0000000100000000)
  eden space 196608K, 100% used [0x00000000ec100000,0x00000000f8100000,0x00000000f8100000)
  from space 5632K, 60% used [0x00000000f8680000,0x00000000f89d4380,0x00000000f8c00000)
  to   space 5632K, 0% used [0x00000000f8100000,0x00000000f8100000,0x00000000f8680000)
 ParOldGen       total 40960K, used 9904K [0x00000000c4200000, 0x00000000c6a00000, 0x00000000ec100000)
  object space 40960K, 24% used [0x00000000c4200000,0x00000000c4bac090,0x00000000c6a00000)
 Metaspace       used 15657K, capacity 16298K, committed 16512K, reserved 1062912K
  class space    used 1881K, capacity 2081K, committed 2176K, reserved 1048576K

Deoptimization events (10 events):
Event: 15,043 Thread 0x00007f3bd800c000 Uncommon trap: reason=class_check action=maybe_recompile pc=0x00007f3bc93250bc method=java.util.regex.Matcher.search(I)Z @ 86
Event: 15,058 Thread 0x00007f3bd800c000 Uncommon trap: reason=unstable_if action=reinterpret pc=0x00007f3bc9251d34 method=com.google.gson.internal.LinkedTreeMap.rebalance(Lcom/google/gson/internal/LinkedTreeMap$Node;Z)V @ 80
Event: 15,060 Thread 0x00007f3bd800c000 Uncommon trap: reason=unstable_if action=reinterpret pc=0x00007f3bc8f41ff0 method=java.util.regex.Pattern$BitClass.isSatisfiedBy(I)Z @ 13
Event: 15,060 Thread 0x00007f3bd800c000 Uncommon trap: reason=unstable_if action=reinterpret pc=0x00007f3bc8f9ecdc method=java.util.Formatter$Flags.parse(Ljava/lang/String;)Ljava/util/Formatter$Flags; @ 19
Event: 15,060 Thread 0x00007f3bd800c000 Uncommon trap: reason=unstable_if action=reinterpret pc=0x00007f3bc8f6e57c method=java.util.Formatter$FormatSpecifier.width(Ljava/lang/String;)I @ 6
Event: 15,060 Thread 0x00007f3bd800c000 Uncommon trap: reason=unstable_if action=reinterpret pc=0x00007f3bc8fca894 method=java.util.Formatter$FormatSpecifier.checkNumeric()V @ 5
Event: 15,060 Thread 0x00007f3bd800c000 Uncommon trap: reason=unstable_if action=reinterpret pc=0x00007f3bc8f7771c method=java.util.Formatter$Flags.parse(Ljava/lang/String;)Ljava/util/Formatter$Flags; @ 19
Event: 15,060 Thread 0x00007f3bd800c000 Uncommon trap: reason=unstable_if action=reinterpret pc=0x00007f3bc8fb7250 method=java.util.Formatter$FormatSpecifier.adjustWidth(ILjava/util/Formatter$Flags;Z)I @ 6
Event: 15,060 Thread 0x00007f3bd800c000 Uncommon trap: reason=unstable_if action=reinterpret pc=0x00007f3bc8f8247c method=java.util.Formatter$FormatSpecifier.justify(Ljava/lang/String;)Ljava/lang/String; @ 5
Event: 15,067 Thread 0x00007f3bd800c000 Uncommon trap: reason=unstable_if action=reinterpret pc=0x00007f3bc8ecb038 method=java.util.Formatter$Flags.contains(Ljava/util/Formatter$Flags;)Z @ 13

Internal exceptions (10 events):
Event: 13,896 Thread 0x00007f3bd800c000 Implicit null exception at 0x00007f3bc91c0d38 to 0x00007f3bc91c107d
Event: 13,950 Thread 0x00007f3bd800c000 Exception <a 'java/lang/NoClassDefFoundError': org/apache/log4j/Category> (0x00000000f3c2dc88) thrown at [/HUDSON3/workspace/8-2-build-linux-amd64/jdk8u111/7883/hotspot/src/share/vm/classfile/systemDictionary.cpp, line 199]
Event: 14,053 Thread 0x00007f3bd800c000 Implicit null exception at 0x00007f3bc8f68c88 to 0x00007f3bc8f68d41
Event: 14,146 Thread 0x00007f3bd800c000 Implicit null exception at 0x00007f3bc8eed1e7 to 0x00007f3bc8eed45d
Event: 14,764 Thread 0x00007f3bd85cd800 Implicit null exception at 0x00007f3bc93c86df to 0x00007f3bc93c8c91
Event: 14,866 Thread 0x00007f3bd800c000 Exception <a 'java/lang/NoSuchMethodError': java.lang.Object.lambda$identity$2(Ljava/lang/Object;)Ljava/lang/Object;> (0x00000000f635ede8) thrown at [/HUDSON3/workspace/8-2-build-linux-amd64/jdk8u111/7883/hotspot/src/share/vm/interpreter/linkResolver.cpp,
Event: 14,890 Thread 0x00007f3bd800c000 Implicit null exception at 0x00007f3bc8fa53f8 to 0x00007f3bc8fa5447
Event: 14,903 Thread 0x00007f3bd800c000 Implicit null exception at 0x00007f3bc8ecb398 to 0x00007f3bc8ecb426
Event: 14,917 Thread 0x00007f3bd800c000 Implicit null exception at 0x00007f3bc933fcef to 0x00007f3bc933fd59
Event: 15,058 Thread 0x00007f3bd800c000 Implicit null exception at 0x00007f3bc92516b1 to 0x00007f3bc9251d0d

Events (10 events):
Event: 75,058 Executing VM operation: RevokeBias
Event: 75,058 Executing VM operation: RevokeBias done
Event: 75,058 loading class java/util/IdentityHashMap$KeyIterator
Event: 75,077 loading class java/util/IdentityHashMap$IdentityHashMapIterator
Event: 75,112 loading class java/util/IdentityHashMap$IdentityHashMapIterator done
Event: 75,112 loading class java/util/IdentityHashMap$KeyIterator done
Event: 75,113 Thread 0x00007f3b20001000 Thread added: 0x00007f3b20001000
Event: 75,113 Executing VM operation: RevokeBias
Event: 75,113 Executing VM operation: RevokeBias done
Event: 75,202 Executing VM operation: ParallelGCFailedAllocation


Dynamic libraries:
00400000-00401000 r-xp 00000000 08:02 4457658                            /home/wictor/jdk1.8.0_111/bin/java
00600000-00601000 rw-p 00000000 08:02 4457658                            /home/wictor/jdk1.8.0_111/bin/java
00fe5000-01006000 rw-p 00000000 00:00 0                                  [heap]
c4200000-c6a00000 rw-p 00000000 00:00 0 
c6a00000-ec100000 ---p 00000000 00:00 0 
ec100000-f8c00000 rw-p 00000000 00:00 0 
100000000-100220000 rw-p 00000000 00:00 0 
100220000-140000000 ---p 00000000 00:00 0 
7f3b18000000-7f3b18021000 rw-p 00000000 00:00 0 
7f3b18021000-7f3b1c000000 ---p 00000000 00:00 0 
7f3b20000000-7f3b20021000 rw-p 00000000 00:00 0 
7f3b20021000-7f3b24000000 ---p 00000000 00:00 0 
7f3b24000000-7f3b24021000 rw-p 00000000 00:00 0 
7f3b24021000-7f3b28000000 ---p 00000000 00:00 0 
7f3b28000000-7f3b28021000 rw-p 00000000 00:00 0 
7f3b28021000-7f3b2c000000 ---p 00000000 00:00 0 
7f3b2c000000-7f3b2c021000 rw-p 00000000 00:00 0 
7f3b2c021000-7f3b30000000 ---p 00000000 00:00 0 
7f3b30000000-7f3b30021000 rw-p 00000000 00:00 0 
7f3b30021000-7f3b34000000 ---p 00000000 00:00 0 
7f3b34000000-7f3b34021000 rw-p 00000000 00:00 0 
7f3b34021000-7f3b38000000 ---p 00000000 00:00 0 
7f3b38000000-7f3b38021000 rw-p 00000000 00:00 0 
7f3b38021000-7f3b3c000000 ---p 00000000 00:00 0 
7f3b3c000000-7f3b3c021000 rw-p 00000000 00:00 0 
7f3b3c021000-7f3b40000000 ---p 00000000 00:00 0 
7f3b40000000-7f3b40021000 rw-p 00000000 00:00 0 
7f3b40021000-7f3b44000000 ---p 00000000 00:00 0 
7f3b44000000-7f3b44021000 rw-p 00000000 00:00 0 
7f3b44021000-7f3b48000000 ---p 00000000 00:00 0 
7f3b48000000-7f3b480d8000 rw-p 00000000 00:00 0 
7f3b480d8000-7f3b4c000000 ---p 00000000 00:00 0 
7f3b4c000000-7f3b4c021000 rw-p 00000000 00:00 0 
7f3b4c021000-7f3b50000000 ---p 00000000 00:00 0 
7f3b50000000-7f3b50021000 rw-p 00000000 00:00 0 
7f3b50021000-7f3b54000000 ---p 00000000 00:00 0 
7f3b54000000-7f3b54021000 rw-p 00000000 00:00 0 
7f3b54021000-7f3b58000000 ---p 00000000 00:00 0 
7f3b58000000-7f3b58021000 rw-p 00000000 00:00 0 
7f3b58021000-7f3b5c000000 ---p 00000000 00:00 0 
7f3b5c000000-7f3b5c021000 rw-p 00000000 00:00 0 
7f3b5c021000-7f3b60000000 ---p 00000000 00:00 0 
7f3b60000000-7f3b60021000 rw-p 00000000 00:00 0 
7f3b60021000-7f3b64000000 ---p 00000000 00:00 0 
7f3b64000000-7f3b64021000 rw-p 00000000 00:00 0 
7f3b64021000-7f3b68000000 ---p 00000000 00:00 0 
7f3b68000000-7f3b68021000 rw-p 00000000 00:00 0 
7f3b68021000-7f3b6c000000 ---p 00000000 00:00 0 
7f3b6c000000-7f3b6c021000 rw-p 00000000 00:00 0 
7f3b6c021000-7f3b70000000 ---p 00000000 00:00 0 
7f3b70000000-7f3b700da000 rw-p 00000000 00:00 0 
7f3b700da000-7f3b74000000 ---p 00000000 00:00 0 
7f3b74000000-7f3b74021000 rw-p 00000000 00:00 0 
7f3b74021000-7f3b78000000 ---p 00000000 00:00 0 
7f3b78bfb000-7f3b78bfe000 ---p 00000000 00:00 0 
7f3b78bfe000-7f3b78cfc000 rw-p 00000000 00:00 0 
7f3b78cfc000-7f3b78cff000 ---p 00000000 00:00 0 
7f3b78cff000-7f3b78dfd000 rw-p 00000000 00:00 0 
7f3b78dfd000-7f3b78e00000 ---p 00000000 00:00 0 
7f3b78e00000-7f3b78efe000 rw-p 00000000 00:00 0 
7f3b78efe000-7f3b78f01000 ---p 00000000 00:00 0 
7f3b78f01000-7f3b7c000000 rw-p 00000000 00:00 0 
7f3b7c000000-7f3b7c3e5000 rw-p 00000000 00:00 0 
7f3b7c3e5000-7f3b80000000 ---p 00000000 00:00 0 
7f3b80000000-7f3b80021000 rw-p 00000000 00:00 0 
7f3b80021000-7f3b84000000 ---p 00000000 00:00 0 
7f3b84000000-7f3b846d9000 rw-p 00000000 00:00 0 
7f3b846d9000-7f3b88000000 ---p 00000000 00:00 0 
7f3b88000000-7f3b88884000 rw-p 00000000 00:00 0 
7f3b88884000-7f3b8c000000 ---p 00000000 00:00 0 
7f3b8c000000-7f3b8c021000 rw-p 00000000 00:00 0 
7f3b8c021000-7f3b90000000 ---p 00000000 00:00 0 
7f3b90000000-7f3b90c1b000 rw-p 00000000 00:00 0 
7f3b90c1b000-7f3b94000000 ---p 00000000 00:00 0 
7f3b94000000-7f3b94021000 rw-p 00000000 00:00 0 
7f3b94021000-7f3b98000000 ---p 00000000 00:00 0 
7f3b98000000-7f3b98021000 rw-p 00000000 00:00 0 
7f3b98021000-7f3b9c000000 ---p 00000000 00:00 0 
7f3b9c000000-7f3b9c28d000 rw-p 00000000 00:00 0 
7f3b9c28d000-7f3ba0000000 ---p 00000000 00:00 0 
7f3ba0000000-7f3ba0021000 rw-p 00000000 00:00 0 
7f3ba0021000-7f3ba4000000 ---p 00000000 00:00 0 
7f3ba4091000-7f3ba4094000 ---p 00000000 00:00 0 
7f3ba4094000-7f3ba4192000 rw-p 00000000 00:00 0 
7f3ba4192000-7f3ba4195000 ---p 00000000 00:00 0 
7f3ba4195000-7f3ba4293000 rw-p 00000000 00:00 0 
7f3ba4293000-7f3ba4296000 ---p 00000000 00:00 0 
7f3ba4296000-7f3ba4394000 rw-p 00000000 00:00 0 
7f3ba4394000-7f3ba4397000 ---p 00000000 00:00 0 
7f3ba4397000-7f3ba4495000 rw-p 00000000 00:00 0 
7f3ba4495000-7f3ba4498000 ---p 00000000 00:00 0 
7f3ba4498000-7f3ba4596000 rw-p 00000000 00:00 0 
7f3ba4596000-7f3ba4599000 ---p 00000000 00:00 0 
7f3ba4599000-7f3ba4697000 rw-p 00000000 00:00 0 
7f3ba4697000-7f3ba469a000 ---p 00000000 00:00 0 
7f3ba469a000-7f3ba4798000 rw-p 00000000 00:00 0 
7f3ba4798000-7f3ba479b000 ---p 00000000 00:00 0 
7f3ba479b000-7f3ba4899000 rw-p 00000000 00:00 0 
7f3ba4899000-7f3ba489c000 ---p 00000000 00:00 0 
7f3ba489c000-7f3ba4b9a000 rw-p 00000000 00:00 0 
7f3ba4b9a000-7f3ba4b9d000 ---p 00000000 00:00 0 
7f3ba4b9d000-7f3ba4c9b000 rw-p 00000000 00:00 0 
7f3ba4c9b000-7f3ba4c9e000 ---p 00000000 00:00 0 
7f3ba4c9e000-7f3ba4d9c000 rw-p 00000000 00:00 0 
7f3ba4d9c000-7f3ba4d9f000 ---p 00000000 00:00 0 
7f3ba4d9f000-7f3ba4e9d000 rw-p 00000000 00:00 0 
7f3ba4e9d000-7f3ba4ea0000 ---p 00000000 00:00 0 
7f3ba4ea0000-7f3ba4f9e000 rw-p 00000000 00:00 0 
7f3ba4f9e000-7f3ba4fa1000 ---p 00000000 00:00 0 
7f3ba4fa1000-7f3ba509f000 rw-p 00000000 00:00 0 
7f3ba509f000-7f3ba50a2000 ---p 00000000 00:00 0 
7f3ba50a2000-7f3ba51a0000 rw-p 00000000 00:00 0 
7f3ba51a0000-7f3ba51a3000 ---p 00000000 00:00 0 
7f3ba51a3000-7f3ba52a1000 rw-p 00000000 00:00 0 
7f3ba52a1000-7f3ba52a4000 ---p 00000000 00:00 0 
7f3ba52a4000-7f3ba53a2000 rw-p 00000000 00:00 0 
7f3ba53a2000-7f3ba53a5000 ---p 00000000 00:00 0 
7f3ba53a5000-7f3ba54a3000 rw-p 00000000 00:00 0 
7f3ba54a3000-7f3ba54b4000 r-xp 00000000 08:02 4457511                    /home/wictor/jdk1.8.0_111/jre/lib/amd64/libnio.so
7f3ba54b4000-7f3ba56b3000 ---p 00011000 08:02 4457511                    /home/wictor/jdk1.8.0_111/jre/lib/amd64/libnio.so
7f3ba56b3000-7f3ba56b4000 rw-p 00010000 08:02 4457511                    /home/wictor/jdk1.8.0_111/jre/lib/amd64/libnio.so
7f3ba56b4000-7f3ba56ca000 r-xp 00000000 08:02 4457512                    /home/wictor/jdk1.8.0_111/jre/lib/amd64/libnet.so
7f3ba56ca000-7f3ba58ca000 ---p 00016000 08:02 4457512                    /home/wictor/jdk1.8.0_111/jre/lib/amd64/libnet.so
7f3ba58ca000-7f3ba58cb000 rw-p 00016000 08:02 4457512                    /home/wictor/jdk1.8.0_111/jre/lib/amd64/libnet.so
7f3ba58cb000-7f3ba58e1000 r-xp 00000000 08:02 3543590                    /lib/x86_64-linux-gnu/libgcc_s.so.1
7f3ba58e1000-7f3ba5ae0000 ---p 00016000 08:02 3543590                    /lib/x86_64-linux-gnu/libgcc_s.so.1
7f3ba5ae0000-7f3ba5ae1000 rw-p 00015000 08:02 3543590                    /lib/x86_64-linux-gnu/libgcc_s.so.1
7f3ba5afc000-7f3ba5b2e000 r-xp 00000000 08:02 4457470                    /home/wictor/jdk1.8.0_111/jre/lib/amd64/libsunec.so
7f3ba5b2e000-7f3ba5d2d000 ---p 00032000 08:02 4457470                    /home/wictor/jdk1.8.0_111/jre/lib/amd64/libsunec.so
7f3ba5d2d000-7f3ba5d33000 rw-p 00031000 08:02 4457470                    /home/wictor/jdk1.8.0_111/jre/lib/amd64/libsunec.so
7f3ba5d33000-7f3ba5f43000 rw-p 00000000 00:00 0 
7f3ba5f43000-7f3ba5f45000 r--s 00009000 08:02 4457529                    /home/wictor/jdk1.8.0_111/jre/lib/ext/sunec.jar
7f3ba5f45000-7f3ba5f49000 r--s 0003a000 08:02 4457472                    /home/wictor/jdk1.8.0_111/jre/lib/ext/sunpkcs11.jar
7f3ba5f49000-7f3ba5f4c000 r--s 0001a000 08:02 4329948                    /home/wictor/jdk1.8.0_111/jre/lib/jce.jar
7f3ba5f4c000-7f3ba5f51000 r--s 00096000 08:02 4329934                    /home/wictor/jdk1.8.0_111/jre/lib/jsse.jar
7f3ba5f51000-7f3ba6151000 rw-p 00000000 00:00 0 
7f3ba6151000-7f3ba615b000 r--s 00115000 08:02 4457332                    /home/wictor/jdk1.8.0_111/jre/lib/ext/localedata.jar
7f3ba615b000-7f3ba6162000 r--s 00000000 08:02 1182551                    /usr/lib/x86_64-linux-gnu/gconv/gconv-modules.cache
7f3ba6162000-7f3ba6183000 r--p 00000000 08:02 1838760                    /usr/share/locale-langpack/pt_BR/LC_MESSAGES/libc.mo
7f3ba6183000-7f3ba6184000 r--s 00003000 08:02 4063295                    /home/wictor/.m2/repository/com/googlecode/json-simple/json-simple/1.1/json-simple-1.1.jar
7f3ba6184000-7f3ba6186000 r--s 0000a000 08:02 5148485                    /home/wictor/.m2/repository/org/json/json/20090211/json-20090211.jar
7f3ba6186000-7f3ba6188000 r--s 0000e000 08:02 5148487                    /home/wictor/.m2/repository/commons-logging/commons-logging/1.1.3/commons-logging-1.1.3.jar
7f3ba6188000-7f3ba618f000 r--s 0003f000 08:02 4199920                    /home/wictor/.m2/repository/commons-codec/commons-codec/1.10/commons-codec-1.10.jar
7f3ba618f000-7f3ba6196000 r--s 00050000 08:02 4199919                    /home/wictor/.m2/repository/org/apache/httpcomponents/httpcore-nio/4.4.5/httpcore-nio-4.4.5.jar
7f3ba6196000-7f3ba619a000 r--s 00028000 08:02 4199916                    /home/wictor/.m2/repository/org/apache/httpcomponents/httpasyncclient/4.1.2/httpasyncclient-4.1.2.jar
7f3ba619a000-7f3ba61a1000 r--s 00049000 08:02 4199914                    /home/wictor/.m2/repository/org/apache/httpcomponents/httpcore/4.4.5/httpcore-4.4.5.jar
7f3ba61a1000-7f3ba61ae000 r--s 000a7000 08:02 4199912                    /home/wictor/.m2/repository/org/apache/httpcomponents/httpclient/4.5.2/httpclient-4.5.2.jar
7f3ba61ae000-7f3ba61b0000 r--s 00008000 08:02 4199911                    /home/wictor/.m2/repository/org/elasticsearch/client/elasticsearch-rest-client/6.3.2/elasticsearch-rest-client-6.3.2.jar
7f3ba61b0000-7f3ba61b4000 r--s 000d5000 08:02 4199908                    /home/wictor/.m2/repository/org/elasticsearch/jna/4.5.1/jna-4.5.1.jar
7f3ba61b4000-7f3ba61b9000 r--s 00036000 08:02 4199907                    /home/wictor/.m2/repository/org/apache/logging/log4j/log4j-api/2.9.1/log4j-api-2.9.1.jar
7f3ba61b9000-7f3ba61bb000 r--s 0001a000 08:02 4199904                    /home/wictor/.m2/repository/org/hdrhistogram/HdrHistogram/2.1.9/HdrHistogram-2.1.9.jar
7f3ba61bb000-7f3ba61bd000 r--s 0000b000 08:02 4199902                    /home/wictor/.m2/repository/com/tdunning/t-digest/3.2/t-digest-3.2.jar
7f3ba61bd000-7f3ba61ce000 r--s 0008a000 08:02 4199900                    /home/wictor/.m2/repository/joda-time/joda-time/2.9.9/joda-time-2.9.9.jar
7f3ba61ce000-7f3ba61e5000 r--s 00100000 08:02 4199899                    /home/wictor/.m2/repository/com/carrotsearch/hppc/0.7.1/hppc-0.7.1.jar
7f3ba61e5000-7f3ba61e8000 r--s 00011000 08:02 5115059                    /home/wictor/.m2/repository/net/sf/jopt-simple/jopt-simple/5.0.2/jopt-simple-5.0.2.jar
7f3ba61e8000-7f3ba61e9000 r--s 00003000 08:02 4199896                    /home/wictor/.m2/repository/org/elasticsearch/elasticsearch-cli/6.3.2/elasticsearch-cli-6.3.2.jar
7f3ba61e9000-7f3ba61ee000 r--s 00039000 08:02 4199894                    /home/wictor/.m2/repository/org/apache/lucene/lucene-suggest/7.3.1/lucene-suggest-7.3.1.jar
7f3ba61ee000-7f3ba61f2000 r--s 00043000 08:02 4199893                    /home/wictor/.m2/repository/org/apache/lucene/lucene-spatial3d/7.3.1/lucene-spatial3d-7.3.1.jar
7f3ba61f2000-7f3ba61f7000 r--s 00035000 08:02 4199890                    /home/wictor/.m2/repository/org/apache/lucene/lucene-spatial-extras/7.3.1/lucene-spatial-extras-7.3.1.jar
7f3ba61f7000-7f3ba61fa000 r--s 0002a000 08:02 4199886                    /home/wictor/.m2/repository/org/apache/lucene/lucene-sandbox/7.3.1/lucene-sandbox-7.3.1.jar
7f3ba61fa000-7f3ba6203000 r--s 00055000 08:02 4199884                    /home/wictor/.m2/repository/org/apache/lucene/lucene-queryparser/7.3.1/lucene-queryparser-7.3.1.jar
7f3ba6203000-7f3ba620a000 r--s 0003a000 08:02 4199882                    /home/wictor/.m2/repository/org/apache/lucene/lucene-queries/7.3.1/lucene-queries-7.3.1.jar
7f3ba620a000-7f3ba620d000 r--s 00014000 08:02 4199880                    /home/wictor/.m2/repository/org/apache/lucene/lucene-misc/7.3.1/lucene-misc-7.3.1.jar
7f3ba620d000-7f3ba620f000 r--s 0000a000 08:02 4199878                    /home/wictor/.m2/repository/org/apache/lucene/lucene-memory/7.3.1/lucene-memory-7.3.1.jar
7f3ba620f000-7f3ba6213000 r--s 00020000 08:02 4199876                    /home/wictor/.m2/repository/org/apache/lucene/lucene-join/7.3.1/lucene-join-7.3.1.jar
7f3ba6213000-7f3ba6217000 r--s 0002c000 08:02 4199874                    /home/wictor/.m2/repository/org/apache/lucene/lucene-highlighter/7.3.1/lucene-highlighter-7.3.1.jar
7f3ba6217000-7f3ba621a000 r--s 00013000 08:02 4199872                    /home/wictor/.m2/repository/org/apache/lucene/lucene-grouping/7.3.1/lucene-grouping-7.3.1.jar
7f3ba621a000-7f3ba621d000 r--s 00016000 08:02 4199871                    /home/wictor/.m2/repository/org/apache/lucene/lucene-backward-codecs/7.3.1/lucene-backward-codecs-7.3.1.jar
7f3ba621d000-7f3ba622f000 r--s 0017b000 08:02 4199869                    /home/wictor/.m2/repository/org/apache/lucene/lucene-analyzers-common/7.3.1/lucene-analyzers-common-7.3.1.jar
7f3ba622f000-7f3ba625e000 r--s 00289000 08:02 4199866                    /home/wictor/.m2/repository/org/apache/lucene/lucene-core/7.3.1/lucene-core-7.3.1.jar
7f3ba625e000-7f3ba6260000 r--s 0000b000 08:02 4199865                    /home/wictor/.m2/repository/com/fasterxml/jackson/dataformat/jackson-dataformat-cbor/2.8.10/jackson-dataformat-cbor-2.8.10.jar
7f3ba6260000-7f3ba6262000 r--s 00011000 08:02 4199861                    /home/wictor/.m2/repository/com/fasterxml/jackson/dataformat/jackson-dataformat-smile/2.8.10/jackson-dataformat-smile-2.8.10.jar
7f3ba6262000-7f3ba6266000 r--s 00042000 08:02 4199859                    /home/wictor/.m2/repository/com/fasterxml/jackson/core/jackson-core/2.8.10/jackson-core-2.8.10.jar
7f3ba6266000-7f3ba6307000 r--s 008f1000 08:02 4199857                    /home/wictor/.m2/repository/org/elasticsearch/elasticsearch/6.3.2/elasticsearch-6.3.2.jar
7f3ba6307000-7f3ba632e000 r--s 001f6000 08:02 5149939                    /home/wictor/.m2/repository/org/apache/commons/commons-math3/3.6.1/commons-math3-3.6.1.jar
7f3ba632e000-7f3ba632f000 ---p 00000000 00:00 0 
7f3ba632f000-7f3ba642f000 rw-p 00000000 00:00 0 
7f3ba642f000-7f3ba6432000 ---p 00000000 00:00 0 
7f3ba6432000-7f3ba6530000 rw-p 00000000 00:00 0 
7f3ba6530000-7f3ba6533000 ---p 00000000 00:00 0 
7f3ba6533000-7f3ba6631000 rw-p 00000000 00:00 0 
7f3ba6631000-7f3ba6634000 ---p 00000000 00:00 0 
7f3ba6634000-7f3ba6732000 rw-p 00000000 00:00 0 
7f3ba6732000-7f3ba6735000 ---p 00000000 00:00 0 
7f3ba6735000-7f3ba6833000 rw-p 00000000 00:00 0 
7f3ba6833000-7f3ba6836000 ---p 00000000 00:00 0 
7f3ba6836000-7f3ba6934000 rw-p 00000000 00:00 0 
7f3ba6934000-7f3ba6937000 ---p 00000000 00:00 0 
7f3ba6937000-7f3ba6a35000 rw-p 00000000 00:00 0 
7f3ba6a35000-7f3ba73f4000 r--p 00000000 08:02 925075                     /usr/lib/locale/locale-archive
7f3ba73f4000-7f3ba73f7000 ---p 00000000 00:00 0 
7f3ba73f7000-7f3ba74f5000 rw-p 00000000 00:00 0 
7f3ba74f5000-7f3ba74f8000 ---p 00000000 00:00 0 
7f3ba74f8000-7f3ba75f6000 rw-p 00000000 00:00 0 
7f3ba75f6000-7f3ba75f7000 ---p 00000000 00:00 0 
7f3ba75f7000-7f3ba8000000 rw-p 00000000 00:00 0 
7f3ba8000000-7f3ba8021000 rw-p 00000000 00:00 0 
7f3ba8021000-7f3bac000000 ---p 00000000 00:00 0 
7f3bac000000-7f3bac021000 rw-p 00000000 00:00 0 
7f3bac021000-7f3bb0000000 ---p 00000000 00:00 0 
7f3bb0000000-7f3bb0021000 rw-p 00000000 00:00 0 
7f3bb0021000-7f3bb4000000 ---p 00000000 00:00 0 
7f3bb4000000-7f3bb4021000 rw-p 00000000 00:00 0 
7f3bb4021000-7f3bb8000000 ---p 00000000 00:00 0 
7f3bb8000000-7f3bb8021000 rw-p 00000000 00:00 0 
7f3bb8021000-7f3bbc000000 ---p 00000000 00:00 0 
7f3bbc000000-7f3bbc021000 rw-p 00000000 00:00 0 
7f3bbc021000-7f3bc0000000 ---p 00000000 00:00 0 
7f3bc0000000-7f3bc0021000 rw-p 00000000 00:00 0 
7f3bc0021000-7f3bc4000000 ---p 00000000 00:00 0 
7f3bc4000000-7f3bc4001000 r--s 00003000 08:02 4199888                    /home/wictor/.m2/repository/org/apache/lucene/lucene-spatial/7.3.1/lucene-spatial-7.3.1.jar
7f3bc4001000-7f3bc4007000 r--s 0003d000 08:02 4199855                    /home/wictor/.m2/repository/org/yaml/snakeyaml/1.17/snakeyaml-1.17.jar
7f3bc4007000-7f3bc400a000 r--s 00019000 08:02 4199854                    /home/wictor/.m2/repository/org/elasticsearch/elasticsearch-x-content/6.3.2/elasticsearch-x-content-6.3.2.jar
7f3bc400a000-7f3bc400c000 r--s 00007000 08:02 4199853                    /home/wictor/.m2/repository/org/elasticsearch/elasticsearch-core/6.3.2/elasticsearch-core-6.3.2.jar
7f3bc400c000-7f3bc400e000 r--s 00009000 08:02 4594330                    /home/wictor/.m2/repository/org/slf4j/slf4j-api/1.8.0-beta2/slf4j-api-1.8.0-beta2.jar
7f3bc400e000-7f3bc4017000 r--s 00097000 08:02 4068785                    /home/wictor/.m2/repository/com/sun/mail/javax.mail/1.6.0/javax.mail-1.6.0.jar
7f3bc4017000-7f3bc401d000 r--s 00035000 08:02 4068782                    /home/wictor/.m2/repository/ch/qos/logback/logback-classic/1.3.0-alpha4/logback-classic-1.3.0-alpha4.jar
7f3bc401d000-7f3bc5344000 rw-p 00000000 00:00 0 
7f3bc5344000-7f3bc551c000 r--s 03d2a000 08:02 4329949                    /home/wictor/jdk1.8.0_111/jre/lib/rt.jar
7f3bc551c000-7f3bc7ceb000 rw-p 00000000 00:00 0 
7f3bc7ceb000-7f3bc7cec000 ---p 00000000 00:00 0 
7f3bc7cec000-7f3bc7dec000 rw-p 00000000 00:00 0 
7f3bc7dec000-7f3bc7ded000 ---p 00000000 00:00 0 
7f3bc7ded000-7f3bc7eed000 rw-p 00000000 00:00 0 
7f3bc7eed000-7f3bc7eee000 ---p 00000000 00:00 0 
7f3bc7eee000-7f3bc7fee000 rw-p 00000000 00:00 0 
7f3bc7fee000-7f3bc7fef000 ---p 00000000 00:00 0 
7f3bc7fef000-7f3bc80ef000 rw-p 00000000 00:00 0 
7f3bc80ef000-7f3bc80f0000 ---p 00000000 00:00 0 
7f3bc80f0000-7f3bc81f0000 rw-p 00000000 00:00 0 
7f3bc81f0000-7f3bc81f1000 ---p 00000000 00:00 0 
7f3bc81f1000-7f3bc82f1000 rw-p 00000000 00:00 0 
7f3bc82f1000-7f3bc82f2000 ---p 00000000 00:00 0 
7f3bc82f2000-7f3bc83f2000 rw-p 00000000 00:00 0 
7f3bc83f2000-7f3bc83f3000 ---p 00000000 00:00 0 
7f3bc83f3000-7f3bc8507000 rw-p 00000000 00:00 0 
7f3bc8507000-7f3bc8633000 ---p 00000000 00:00 0 
7f3bc8633000-7f3bc8647000 rw-p 00000000 00:00 0 
7f3bc8647000-7f3bc8772000 ---p 00000000 00:00 0 
7f3bc8772000-7f3bc87d8000 rw-p 00000000 00:00 0 
7f3bc87d8000-7f3bc8812000 ---p 00000000 00:00 0 
7f3bc8812000-7f3bc8835000 rw-p 00000000 00:00 0 
7f3bc8835000-7f3bc8bd3000 ---p 00000000 00:00 0 
7f3bc8bd3000-7f3bc9453000 rwxp 00000000 00:00 0 
7f3bc9453000-7f3bd7bd3000 ---p 00000000 00:00 0 
7f3bd7bd3000-7f3bd7bed000 r-xp 00000000 08:02 4457510                    /home/wictor/jdk1.8.0_111/jre/lib/amd64/libzip.so
7f3bd7bed000-7f3bd7ded000 ---p 0001a000 08:02 4457510                    /home/wictor/jdk1.8.0_111/jre/lib/amd64/libzip.so
7f3bd7ded000-7f3bd7dee000 rw-p 0001a000 08:02 4457510                    /home/wictor/jdk1.8.0_111/jre/lib/amd64/libzip.so
7f3bd7dee000-7f3bd7df9000 r-xp 00000000 08:02 3543651                    /lib/x86_64-linux-gnu/libnss_files-2.23.so
7f3bd7df9000-7f3bd7ff8000 ---p 0000b000 08:02 3543651                    /lib/x86_64-linux-gnu/libnss_files-2.23.so
7f3bd7ff8000-7f3bd7ff9000 r--p 0000a000 08:02 3543651                    /lib/x86_64-linux-gnu/libnss_files-2.23.so
7f3bd7ff9000-7f3bd7ffa000 rw-p 0000b000 08:02 3543651                    /lib/x86_64-linux-gnu/libnss_files-2.23.so
7f3bd7ffa000-7f3bd8000000 rw-p 00000000 00:00 0 
7f3bd8000000-7f3bd87ef000 rw-p 00000000 00:00 0 
7f3bd87ef000-7f3bdc000000 ---p 00000000 00:00 0 
7f3bdc000000-7f3bdc001000 r--s 00009000 08:02 4199862                    /home/wictor/.m2/repository/com/fasterxml/jackson/dataformat/jackson-dataformat-yaml/2.8.10/jackson-dataformat-yaml-2.8.10.jar
7f3bdc001000-7f3bdc00c000 r--s 00068000 08:02 4068781                    /home/wictor/.m2/repository/ch/qos/logback/logback-core/1.3.0-alpha4/logback-core-1.3.0-alpha4.jar
7f3bdc00c000-7f3bdc0a3000 rw-p 00000000 00:00 0 
7f3bdc0a3000-7f3bdc0ae000 r-xp 00000000 08:02 3543661                    /lib/x86_64-linux-gnu/libnss_nis-2.23.so
7f3bdc0ae000-7f3bdc2ad000 ---p 0000b000 08:02 3543661                    /lib/x86_64-linux-gnu/libnss_nis-2.23.so
7f3bdc2ad000-7f3bdc2ae000 r--p 0000a000 08:02 3543661                    /lib/x86_64-linux-gnu/libnss_nis-2.23.so
7f3bdc2ae000-7f3bdc2af000 rw-p 0000b000 08:02 3543661                    /lib/x86_64-linux-gnu/libnss_nis-2.23.so
7f3bdc2af000-7f3bdc2c5000 r-xp 00000000 08:02 3543645                    /lib/x86_64-linux-gnu/libnsl-2.23.so
7f3bdc2c5000-7f3bdc4c4000 ---p 00016000 08:02 3543645                    /lib/x86_64-linux-gnu/libnsl-2.23.so
7f3bdc4c4000-7f3bdc4c5000 r--p 00015000 08:02 3543645                    /lib/x86_64-linux-gnu/libnsl-2.23.so
7f3bdc4c5000-7f3bdc4c6000 rw-p 00016000 08:02 3543645                    /lib/x86_64-linux-gnu/libnsl-2.23.so
7f3bdc4c6000-7f3bdc4c8000 rw-p 00000000 00:00 0 
7f3bdc4c8000-7f3bdc4d0000 r-xp 00000000 08:02 3543647                    /lib/x86_64-linux-gnu/libnss_compat-2.23.so
7f3bdc4d0000-7f3bdc6cf000 ---p 00008000 08:02 3543647                    /lib/x86_64-linux-gnu/libnss_compat-2.23.so
7f3bdc6cf000-7f3bdc6d0000 r--p 00007000 08:02 3543647                    /lib/x86_64-linux-gnu/libnss_compat-2.23.so
7f3bdc6d0000-7f3bdc6d1000 rw-p 00008000 08:02 3543647                    /lib/x86_64-linux-gnu/libnss_compat-2.23.so
7f3bdc6d1000-7f3bdc6fc000 r-xp 00000000 08:02 4457487                    /home/wictor/jdk1.8.0_111/jre/lib/amd64/libjava.so
7f3bdc6fc000-7f3bdc8fb000 ---p 0002b000 08:02 4457487                    /home/wictor/jdk1.8.0_111/jre/lib/amd64/libjava.so
7f3bdc8fb000-7f3bdc8fd000 rw-p 0002a000 08:02 4457487                    /home/wictor/jdk1.8.0_111/jre/lib/amd64/libjava.so
7f3bdc8fd000-7f3bdc90a000 r-xp 00000000 08:02 4457459                    /home/wictor/jdk1.8.0_111/jre/lib/amd64/libverify.so
7f3bdc90a000-7f3bdcb09000 ---p 0000d000 08:02 4457459                    /home/wictor/jdk1.8.0_111/jre/lib/amd64/libverify.so
7f3bdcb09000-7f3bdcb0b000 rw-p 0000c000 08:02 4457459                    /home/wictor/jdk1.8.0_111/jre/lib/amd64/libverify.so
7f3bdcb0b000-7f3bdcb12000 r-xp 00000000 08:02 3543706                    /lib/x86_64-linux-gnu/librt-2.23.so
7f3bdcb12000-7f3bdcd11000 ---p 00007000 08:02 3543706                    /lib/x86_64-linux-gnu/librt-2.23.so
7f3bdcd11000-7f3bdcd12000 r--p 00006000 08:02 3543706                    /lib/x86_64-linux-gnu/librt-2.23.so
7f3bdcd12000-7f3bdcd13000 rw-p 00007000 08:02 3543706                    /lib/x86_64-linux-gnu/librt-2.23.so
7f3bdcd13000-7f3bdce1b000 r-xp 00000000 08:02 3543622                    /lib/x86_64-linux-gnu/libm-2.23.so
7f3bdce1b000-7f3bdd01a000 ---p 00108000 08:02 3543622                    /lib/x86_64-linux-gnu/libm-2.23.so
7f3bdd01a000-7f3bdd01b000 r--p 00107000 08:02 3543622                    /lib/x86_64-linux-gnu/libm-2.23.so
7f3bdd01b000-7f3bdd01c000 rw-p 00108000 08:02 3543622                    /lib/x86_64-linux-gnu/libm-2.23.so
7f3bdd01c000-7f3bddce9000 r-xp 00000000 08:02 4457387                    /home/wictor/jdk1.8.0_111/jre/lib/amd64/server/libjvm.so
7f3bddce9000-7f3bddee8000 ---p 00ccd000 08:02 4457387                    /home/wictor/jdk1.8.0_111/jre/lib/amd64/server/libjvm.so
7f3bddee8000-7f3bddfc1000 rw-p 00ccc000 08:02 4457387                    /home/wictor/jdk1.8.0_111/jre/lib/amd64/server/libjvm.so
7f3bddfc1000-7f3bde00c000 rw-p 00000000 00:00 0 
7f3bde00c000-7f3bde1cc000 r-xp 00000000 08:02 3543552                    /lib/x86_64-linux-gnu/libc-2.23.so
7f3bde1cc000-7f3bde3cc000 ---p 001c0000 08:02 3543552                    /lib/x86_64-linux-gnu/libc-2.23.so
7f3bde3cc000-7f3bde3d0000 r--p 001c0000 08:02 3543552                    /lib/x86_64-linux-gnu/libc-2.23.so
7f3bde3d0000-7f3bde3d2000 rw-p 001c4000 08:02 3543552                    /lib/x86_64-linux-gnu/libc-2.23.so
7f3bde3d2000-7f3bde3d6000 rw-p 00000000 00:00 0 
7f3bde3d6000-7f3bde3d9000 r-xp 00000000 08:02 3543576                    /lib/x86_64-linux-gnu/libdl-2.23.so
7f3bde3d9000-7f3bde5d8000 ---p 00003000 08:02 3543576                    /lib/x86_64-linux-gnu/libdl-2.23.so
7f3bde5d8000-7f3bde5d9000 r--p 00002000 08:02 3543576                    /lib/x86_64-linux-gnu/libdl-2.23.so
7f3bde5d9000-7f3bde5da000 rw-p 00003000 08:02 3543576                    /lib/x86_64-linux-gnu/libdl-2.23.so
7f3bde5da000-7f3bde5ef000 r-xp 00000000 08:02 4199294                    /home/wictor/jdk1.8.0_111/lib/amd64/jli/libjli.so
7f3bde5ef000-7f3bde7ef000 ---p 00015000 08:02 4199294                    /home/wictor/jdk1.8.0_111/lib/amd64/jli/libjli.so
7f3bde7ef000-7f3bde7f0000 rw-p 00015000 08:02 4199294                    /home/wictor/jdk1.8.0_111/lib/amd64/jli/libjli.so
7f3bde7f0000-7f3bde808000 r-xp 00000000 08:02 3543698                    /lib/x86_64-linux-gnu/libpthread-2.23.so
7f3bde808000-7f3bdea07000 ---p 00018000 08:02 3543698                    /lib/x86_64-linux-gnu/libpthread-2.23.so
7f3bdea07000-7f3bdea08000 r--p 00017000 08:02 3543698                    /lib/x86_64-linux-gnu/libpthread-2.23.so
7f3bdea08000-7f3bdea09000 rw-p 00018000 08:02 3543698                    /lib/x86_64-linux-gnu/libpthread-2.23.so
7f3bdea09000-7f3bdea0d000 rw-p 00000000 00:00 0 
7f3bdea0d000-7f3bdea33000 r-xp 00000000 08:02 3543524                    /lib/x86_64-linux-gnu/ld-2.23.so
7f3bdea33000-7f3bdea34000 r--s 00002000 08:02 4199852                    /home/wictor/.m2/repository/org/elasticsearch/elasticsearch-secure-sm/6.3.2/elasticsearch-secure-sm-6.3.2.jar
7f3bdea34000-7f3bdea39000 r--s 00034000 08:02 4068775                    /home/wictor/.m2/repository/com/google/code/gson/gson/2.8.2/gson-2.8.2.jar
7f3bdea39000-7f3bdeb11000 rw-p 00000000 00:00 0 
7f3bdeb11000-7f3bdeb14000 ---p 00000000 00:00 0 
7f3bdeb14000-7f3bdec16000 rw-p 00000000 00:00 0 
7f3bdec16000-7f3bdec18000 r--s 0000e000 08:02 4068786                    /home/wictor/.m2/repository/javax/activation/activation/1.1/activation-1.1.jar
7f3bdec18000-7f3bdec20000 r--s 00072000 08:02 5149941                    /home/wictor/.m2/repository/org/apache/commons/commons-lang3/3.7/commons-lang3-3.7.jar
7f3bdec20000-7f3bdec22000 r--s 0000f000 08:02 4199926                    /home/wictor/.m2/repository/org/elasticsearch/plugin/rank-eval-client/6.3.2/rank-eval-client-6.3.2.jar
7f3bdec22000-7f3bdec24000 r--s 0000d000 08:02 4199925                    /home/wictor/.m2/repository/org/elasticsearch/plugin/aggs-matrix-stats-client/6.3.2/aggs-matrix-stats-client-6.3.2.jar
7f3bdec24000-7f3bdec26000 r--s 00011000 08:02 4199922                    /home/wictor/.m2/repository/org/elasticsearch/plugin/parent-join-client/6.3.2/parent-join-client-6.3.2.jar
7f3bdec26000-7f3bdec27000 r--s 0000a000 08:02 4199850                    /home/wictor/.m2/repository/org/elasticsearch/client/elasticsearch-rest-high-level-client/6.3.2/elasticsearch-rest-high-level-client-6.3.2.jar
7f3bdec27000-7f3bdec2f000 rw-s 00000000 08:02 5244351                    /tmp/hsperfdata_wictor/19591
7f3bdec2f000-7f3bdec30000 rw-p 00000000 00:00 0 
7f3bdec30000-7f3bdec31000 ---p 00000000 00:00 0 
7f3bdec31000-7f3bdec32000 rw-p 00000000 00:00 0 
7f3bdec32000-7f3bdec33000 r--p 00025000 08:02 3543524                    /lib/x86_64-linux-gnu/ld-2.23.so
7f3bdec33000-7f3bdec34000 rw-p 00026000 08:02 3543524                    /lib/x86_64-linux-gnu/ld-2.23.so
7f3bdec34000-7f3bdec35000 rw-p 00000000 00:00 0 
7ffd7ebf2000-7ffd7ec14000 rw-p 00000000 00:00 0                          [stack]
7ffd7ed5d000-7ffd7ed60000 r--p 00000000 00:00 0                          [vvar]
7ffd7ed60000-7ffd7ed62000 r-xp 00000000 00:00 0                          [vdso]
ffffffffff600000-ffffffffff601000 r-xp 00000000 00:00 0                  [vsyscall]

VM Arguments:
java_command: org.cloudsimplus.examples.bigdata.AppTeste
java_class_path (initial): /home/wictor/Downloads/manoelcampos-cloudsim-plus-38d7106/cloudsim-plus-examples/target/classes:/home/wictor/.m2/repository/org/elasticsearch/client/elasticsearch-rest-high-level-client/6.3.2/elasticsearch-rest-high-level-client-6.3.2.jar:/home/wictor/.m2/repository/org/elasticsearch/plugin/parent-join-client/6.3.2/parent-join-client-6.3.2.jar:/home/wictor/.m2/repository/org/elasticsearch/plugin/aggs-matrix-stats-client/6.3.2/aggs-matrix-stats-client-6.3.2.jar:/home/wictor/.m2/repository/org/elasticsearch/plugin/rank-eval-client/6.3.2/rank-eval-client-6.3.2.jar:/home/wictor/Downloads/manoelcampos-cloudsim-plus-38d7106/cloudsim-plus/target/classes:/home/wictor/.m2/repository/org/apache/commons/commons-math3/3.6.1/commons-math3-3.6.1.jar:/home/wictor/.m2/repository/org/apache/commons/commons-lang3/3.7/commons-lang3-3.7.jar:/home/wictor/.m2/repository/com/google/code/gson/gson/2.8.2/gson-2.8.2.jar:/home/wictor/.m2/repository/ch/qos/logback/logback-core/1.3.0-alpha4/logback-core-1.3.0-alpha4.jar:/home/wictor/.m2/repository/ch/qos/logback/logback-classic/1.3.0-alpha4/logback-classic-1.3.0-alpha4.jar:/home/wictor/.m2/repository/com/sun/mail/javax.mail/1.6.0/javax.mail-1.6.0.jar:/home/wictor/.m2/repository/javax/activation/activation/1.1/activation-1.1.jar:/home/wictor/.m2/repository/org/slf4j/slf4j-api/1.8.0-beta2/slf4j-api-1.8.0-beta2.jar:/home/wictor/.m2/repository/org/elasticsearch/elasticsearch/6.3.2/elasticsearch-6.3.2.jar:/home/wictor/.m2/repository/org/elasticsearch/elasticsearch-core/6.3.2/elasticsearch-core-6.3.2.jar:/home/wictor/.m2/repository/org/elasticsearch/elasticsearch-secure-sm/6.3.2/elasticsearch-secure-sm-6.3.2.jar:/home/wictor/.m2/repository/org/elasticsearch/elasticsearch-x-content/6.3.2/elasticsearch-x-content-6.3.2.jar:/home/wictor/.m2/repository/org/yaml/snakeyaml/1.17/snakeyaml-1.17.jar:/home/wictor/.m2/repository/com/fasterxml/jackson/core/jackson-core/2.8.10/jackson-core-2.8.10.jar:/home/wictor/.m2/repository/com/fas
Launcher Type: SUN_STANDARD

Environment Variables:
JAVA_HOME=/home/wictor/jdk1.8.0_111
PATH=/home/wictor/bin:/home/wictor/.local/bin:/usr/local/sbin:/usr/local/bin:/usr/sbin:/usr/bin:/sbin:/bin:/usr/games:/usr/local/games:/snap/bin:/usr/lib/jvm/java-10-oracle/bin:/usr/lib/jvm/java-10-oracle/db/bin
LD_LIBRARY_PATH=/home/wictor/jdk1.8.0_111/jre/lib/amd64:/home/wictor/jdk1.8.0_111/jre/lib/i386:
SHELL=/bin/bash
DISPLAY=:0

Signal Handlers:
SIGSEGV: [libjvm.so+0xac64b0], sa_mask[0]=11111111011111111101111111111110, sa_flags=SA_RESTART|SA_SIGINFO
SIGBUS: [libjvm.so+0xac64b0], sa_mask[0]=11111111011111111101111111111110, sa_flags=SA_RESTART|SA_SIGINFO
SIGFPE: [libjvm.so+0x91f950], sa_mask[0]=11111111011111111101111111111110, sa_flags=SA_RESTART|SA_SIGINFO
SIGPIPE: [libjvm.so+0x91f950], sa_mask[0]=11111111011111111101111111111110, sa_flags=SA_RESTART|SA_SIGINFO
SIGXFSZ: [libjvm.so+0x91f950], sa_mask[0]=11111111011111111101111111111110, sa_flags=SA_RESTART|SA_SIGINFO
SIGILL: [libjvm.so+0x91f950], sa_mask[0]=11111111011111111101111111111110, sa_flags=SA_RESTART|SA_SIGINFO
SIGUSR1: SIG_DFL, sa_mask[0]=00000000000000000000000000000000, sa_flags=none
SIGUSR2: [libjvm.so+0x920f80], sa_mask[0]=00100000000000000000000000000000, sa_flags=SA_RESTART|SA_SIGINFO
SIGHUP: [libjvm.so+0x922380], sa_mask[0]=11111111011111111101111111111110, sa_flags=SA_RESTART|SA_SIGINFO
SIGINT: SIG_IGN, sa_mask[0]=00000000000000000000000000000000, sa_flags=none
SIGTERM: [libjvm.so+0x922380], sa_mask[0]=11111111011111111101111111111110, sa_flags=SA_RESTART|SA_SIGINFO
SIGQUIT: [libjvm.so+0x922380], sa_mask[0]=11111111011111111101111111111110, sa_flags=SA_RESTART|SA_SIGINFO


---------------  S Y S T E M  ---------------

OS:DISTRIB_ID=Ubuntu
DISTRIB_RELEASE=16.04
DISTRIB_CODENAME=xenial
DISTRIB_DESCRIPTION="Ubuntu 16.04.5 LTS"

uname:Linux 4.15.0-43-generic #46~16.04.1-Ubuntu SMP Fri Dec 7 13:31:08 UTC 2018 x86_64
libc:glibc 2.23 NPTL 2.23 
rlimit: STACK 8192k, CORE 0k, NPROC 14393, NOFILE 1048576, AS infinity
load average:8,31 2,71 1,44

/proc/meminfo:
MemTotal:        3922452 kB
MemFree:          178564 kB
MemAvailable:     130648 kB
Buffers:            1160 kB
Cached:           201156 kB
SwapCached:         7372 kB
Active:          2695304 kB
Inactive:         657160 kB
Active(anon):    2683320 kB
Inactive(anon):   590644 kB
Active(file):      11984 kB
Inactive(file):    66516 kB
Unevictable:         940 kB
Mlocked:             940 kB
SwapTotal:       4076540 kB
SwapFree:            160 kB
Dirty:               216 kB
Writeback:             0 kB
AnonPages:       3147140 kB
Mapped:            89716 kB
Shmem:            123468 kB
Slab:             193064 kB
SReclaimable:      63936 kB
SUnreclaim:       129128 kB
KernelStack:       21504 kB
PageTables:        89568 kB
NFS_Unstable:          0 kB
Bounce:                0 kB
WritebackTmp:          0 kB
CommitLimit:     6037764 kB
Committed_AS:   17814148 kB
VmallocTotal:   34359738367 kB
VmallocUsed:           0 kB
VmallocChunk:          0 kB
HardwareCorrupted:     0 kB
AnonHugePages:         0 kB
ShmemHugePages:        0 kB
ShmemPmdMapped:        0 kB
CmaTotal:              0 kB
CmaFree:               0 kB
HugePages_Total:       0
HugePages_Free:        0
HugePages_Rsvd:        0
HugePages_Surp:        0
Hugepagesize:       2048 kB
DirectMap4k:      518440 kB
DirectMap2M:     3559424 kB


CPU:total 8 (4 cores per cpu, 2 threads per core) family 6 model 58 stepping 9, cmov, cx8, fxsr, mmx, sse, sse2, sse3, ssse3, sse4.1, sse4.2, popcnt, avx, aes, clmul, erms, ht, tsc, tscinvbit, tscinv

/proc/cpuinfo:
processor	: 0
vendor_id	: GenuineIntel
cpu family	: 6
model		: 58
model name	: Intel(R) Core(TM) i7-3610QM CPU @ 2.30GHz
stepping	: 9
microcode	: 0x20
cpu MHz		: 2357.074
cache size	: 6144 KB
physical id	: 0
siblings	: 8
core id		: 0
cpu cores	: 4
apicid		: 0
initial apicid	: 0
fpu		: yes
fpu_exception	: yes
cpuid level	: 13
wp		: yes
flags		: fpu vme de pse tsc msr pae mce cx8 apic sep mtrr pge mca cmov pat pse36 clflush dts acpi mmx fxsr sse sse2 ss ht tm pbe syscall nx rdtscp lm constant_tsc arch_perfmon pebs bts rep_good nopl xtopology nonstop_tsc cpuid aperfmperf pni pclmulqdq dtes64 monitor ds_cpl vmx est tm2 ssse3 cx16 xtpr pdcm pcid sse4_1 sse4_2 x2apic popcnt tsc_deadline_timer aes xsave avx f16c rdrand lahf_lm cpuid_fault epb pti ssbd ibrs ibpb stibp tpr_shadow vnmi flexpriority ept vpid fsgsbase smep erms xsaveopt dtherm ida arat pln pts flush_l1d
bugs		: cpu_meltdown spectre_v1 spectre_v2 spec_store_bypass l1tf
bogomips	: 4589.84
clflush size	: 64
cache_alignment	: 64
address sizes	: 36 bits physical, 48 bits virtual
power management:

processor	: 1
vendor_id	: GenuineIntel
cpu family	: 6
model		: 58
model name	: Intel(R) Core(TM) i7-3610QM CPU @ 2.30GHz
stepping	: 9
microcode	: 0x20
cpu MHz		: 2294.259
cache size	: 6144 KB
physical id	: 0
siblings	: 8
core id		: 1
cpu cores	: 4
apicid		: 2
initial apicid	: 2
fpu		: yes
fpu_exception	: yes
cpuid level	: 13
wp		: yes
flags		: fpu vme de pse tsc msr pae mce cx8 apic sep mtrr pge mca cmov pat pse36 clflush dts acpi mmx fxsr sse sse2 ss ht tm pbe syscall nx rdtscp lm constant_tsc arch_perfmon pebs bts rep_good nopl xtopology nonstop_tsc cpuid aperfmperf pni pclmulqdq dtes64 monitor ds_cpl vmx est tm2 ssse3 cx16 xtpr pdcm pcid sse4_1 sse4_2 x2apic popcnt tsc_deadline_timer aes xsave avx f16c rdrand lahf_lm cpuid_fault epb pti ssbd ibrs ibpb stibp tpr_shadow vnmi flexpriority ept vpid fsgsbase smep erms xsaveopt dtherm ida arat pln pts flush_l1d
bugs		: cpu_meltdown spectre_v1 spectre_v2 spec_store_bypass l1tf
bogomips	: 4589.84
clflush size	: 64
cache_alignment	: 64
address sizes	: 36 bits physical, 48 bits virtual
power management:

processor	: 2
vendor_id	: GenuineIntel
cpu family	: 6
model		: 58
model name	: Intel(R) Core(TM) i7-3610QM CPU @ 2.30GHz
stepping	: 9
microcode	: 0x20
cpu MHz		: 2988.961
cache size	: 6144 KB
physical id	: 0
siblings	: 8
core id		: 2
cpu cores	: 4
apicid		: 4
initial apicid	: 4
fpu		: yes
fpu_exception	: yes
cpuid level	: 13
wp		: yes
flags		: fpu vme de pse tsc msr pae mce cx8 apic sep mtrr pge mca cmov pat pse36 clflush dts acpi mmx fxsr sse sse2 ss ht tm pbe syscall nx rdtscp lm constant_tsc arch_perfmon pebs bts rep_good nopl xtopology nonstop_tsc cpuid aperfmperf pni pclmulqdq dtes64 monitor ds_cpl vmx est tm2 ssse3 cx16 xtpr pdcm pcid sse4_1 sse4_2 x2apic popcnt tsc_deadline_timer aes xsave avx f16c rdrand lahf_lm cpuid_fault epb pti ssbd ibrs ibpb stibp tpr_shadow vnmi flexpriority ept vpid fsgsbase smep erms xsaveopt dtherm ida arat pln pts flush_l1d
bugs		: cpu_meltdown spectre_v1 spectre_v2 spec_store_bypass l1tf
bogomips	: 4589.84
clflush size	: 64
cache_alignment	: 64
address sizes	: 36 bits physical, 48 bits virtual
power management:

processor	: 3
vendor_id	: GenuineIntel
cpu family	: 6
model		: 58
model name	: Intel(R) Core(TM) i7-3610QM CPU @ 2.30GHz
stepping	: 9
microcode	: 0x20
cpu MHz		: 2388.323
cache size	: 6144 KB
physical id	: 0
siblings	: 8
core id		: 3
cpu cores	: 4
apicid		: 6
initial apicid	: 6
fpu		: yes
fpu_exception	: yes
cpuid level	: 13
wp		: yes
flags		: fpu vme de pse tsc msr pae mce cx8 apic sep mtrr pge mca cmov pat pse36 clflush dts acpi mmx fxsr sse sse2 ss ht tm pbe syscall nx rdtscp lm constant_tsc arch_perfmon pebs bts rep_good nopl xtopology nonstop_tsc cpuid aperfmperf pni pclmulqdq dtes64 monitor ds_cpl vmx est tm2 ssse3 cx16 xtpr pdcm pcid sse4_1 sse4_2 x2apic popcnt tsc_deadline_timer aes xsave avx f16c rdrand lahf_lm cpuid_fault epb pti ssbd ibrs ibpb stibp tpr_shadow vnmi flexpriority ept vpid fsgsbase smep erms xsaveopt dtherm ida arat pln pts flush_l1d
bugs		: cpu_meltdown spectre_v1 spectre_v2 spec_store_bypass l1tf
bogomips	: 4589.84
clflush size	: 64
cache_alignment	: 64
address sizes	: 36 bits physical, 48 bits virtual
power management:

processor	: 4
vendor_id	: GenuineIntel
cpu family	: 6
model		: 58
model name	: Intel(R) Core(TM) i7-3610QM CPU @ 2.30GHz
stepping	: 9
microcode	: 0x20
cpu MHz		: 2559.177
cache size	: 6144 KB
physical id	: 0
siblings	: 8
core id		: 0
cpu cores	: 4
apicid		: 1
initial apicid	: 1
fpu		: yes
fpu_exception	: yes
cpuid level	: 13
wp		: yes
flags		: fpu vme de pse tsc msr pae mce cx8 apic sep mtrr pge mca cmov pat pse36 clflush dts acpi mmx fxsr sse sse2 ss ht tm pbe syscall nx rdtscp lm constant_tsc arch_perfmon pebs bts rep_good nopl xtopology nonstop_tsc cpuid aperfmperf pni pclmulqdq dtes64 monitor ds_cpl vmx est tm2 ssse3 cx16 xtpr pdcm pcid sse4_1 sse4_2 x2apic popcnt tsc_deadline_timer aes xsave avx f16c rdrand lahf_lm cpuid_fault epb pti ssbd ibrs ibpb stibp tpr_shadow vnmi flexpriority ept vpid fsgsbase smep erms xsaveopt dtherm ida arat pln pts flush_l1d
bugs		: cpu_meltdown spectre_v1 spectre_v2 spec_store_bypass l1tf
bogomips	: 4589.84
clflush size	: 64
cache_alignment	: 64
address sizes	: 36 bits physical, 48 bits virtual
power management:

processor	: 5
vendor_id	: GenuineIntel
cpu family	: 6
model		: 58
model name	: Intel(R) Core(TM) i7-3610QM CPU @ 2.30GHz
stepping	: 9
microcode	: 0x20
cpu MHz		: 2132.050
cache size	: 6144 KB
physical id	: 0
siblings	: 8
core id		: 1
cpu cores	: 4
apicid		: 3
initial apicid	: 3
fpu		: yes
fpu_exception	: yes
cpuid level	: 13
wp		: yes
flags		: fpu vme de pse tsc msr pae mce cx8 apic sep mtrr pge mca cmov pat pse36 clflush dts acpi mmx fxsr sse sse2 ss ht tm pbe syscall nx rdtscp lm constant_tsc arch_perfmon pebs bts rep_good nopl xtopology nonstop_tsc cpuid aperfmperf pni pclmulqdq dtes64 monitor ds_cpl vmx est tm2 ssse3 cx16 xtpr pdcm pcid sse4_1 sse4_2 x2apic popcnt tsc_deadline_timer aes xsave avx f16c rdrand lahf_lm cpuid_fault epb pti ssbd ibrs ibpb stibp tpr_shadow vnmi flexpriority ept vpid fsgsbase smep erms xsaveopt dtherm ida arat pln pts flush_l1d
bugs		: cpu_meltdown spectre_v1 spectre_v2 spec_store_bypass l1tf
bogomips	: 4589.84
clflush size	: 64
cache_alignment	: 64
address sizes	: 36 bits physical, 48 bits virtual
power management:

processor	: 6
vendor_id	: GenuineIntel
cpu family	: 6
model		: 58
model name	: Intel(R) Core(TM) i7-3610QM CPU @ 2.30GHz
stepping	: 9
microcode	: 0x20
cpu MHz		: 2259.260
cache size	: 6144 KB
physical id	: 0
siblings	: 8
core id		: 2
cpu cores	: 4
apicid		: 5
initial apicid	: 5
fpu		: yes
fpu_exception	: yes
cpuid level	: 13
wp		: yes
flags		: fpu vme de pse tsc msr pae mce cx8 apic sep mtrr pge mca cmov pat pse36 clflush dts acpi mmx fxsr sse sse2 ss ht tm pbe syscall nx rdtscp lm constant_tsc arch_perfmon pebs bts rep_good nopl xtopology nonstop_tsc cpuid aperfmperf pni pclmulqdq dtes64 monitor ds_cpl vmx est tm2 ssse3 cx16 xtpr pdcm pcid sse4_1 sse4_2 x2apic popcnt tsc_deadline_timer aes xsave avx f16c rdrand lahf_lm cpuid_fault epb pti ssbd ibrs ibpb stibp tpr_shadow vnmi flexpriority ept vpid fsgsbase smep erms xsaveopt dtherm ida arat pln pts flush_l1d
bugs		: cpu_meltdown spectre_v1 spectre_v2 spec_store_bypass l1tf
bogomips	: 4589.84
clflush size	: 64
cache_alignment	: 64
address sizes	: 36 bits physical, 48 bits virtual
power management:

processor	: 7
vendor_id	: GenuineIntel
cpu family	: 6
model		: 58
model name	: Intel(R) Core(TM) i7-3610QM CPU @ 2.30GHz
stepping	: 9
microcode	: 0x20
cpu MHz		: 2261.251
cache size	: 6144 KB
physical id	: 0
siblings	: 8
core id		: 3
cpu cores	: 4
apicid		: 7
initial apicid	: 7
fpu		: yes
fpu_exception	: yes
cpuid level	: 13
wp		: yes
flags		: fpu vme de pse tsc msr pae mce cx8 apic sep mtrr pge mca cmov pat pse36 clflush dts acpi mmx fxsr sse sse2 ss ht tm pbe syscall nx rdtscp lm constant_tsc arch_perfmon pebs bts rep_good nopl xtopology nonstop_tsc cpuid aperfmperf pni pclmulqdq dtes64 monitor ds_cpl vmx est tm2 ssse3 cx16 xtpr pdcm pcid sse4_1 sse4_2 x2apic popcnt tsc_deadline_timer aes xsave avx f16c rdrand lahf_lm cpuid_fault epb pti ssbd ibrs ibpb stibp tpr_shadow vnmi flexpriority ept vpid fsgsbase smep erms xsaveopt dtherm ida arat pln pts flush_l1d
bugs		: cpu_meltdown spectre_v1 spectre_v2 spec_store_bypass l1tf
bogomips	: 4589.84
clflush size	: 64
cache_alignment	: 64
address sizes	: 36 bits physical, 48 bits virtual
power management:



Memory: 4k page, physical 3922452k(177572k free), swap 4076540k(164k free)

vm_info: Java HotSpot(TM) 64-Bit Server VM (25.111-b14) for linux-amd64 JRE (1.8.0_111-b14), built on Sep 22 2016 16:14:03 by "java_re" with gcc 4.3.0 20080428 (Red Hat 4.3.0-8)

time: Thu Jan 10 12:19:13 2019
elapsed time: 76 seconds (0d 0h 1m 16s)

