#
# There is insufficient memory for the Java Runtime Environment to continue.
# Native memory allocation (mmap) failed to map 204996608 bytes for committing reserved memory.
# Possible reasons:
#   The system is out of physical RAM or swap space
#   In 32 bit mode, the process size limit was hit
# Possible solutions:
#   Reduce memory load on the system
#   Increase physical memory or swap space
#   Check if swap backing store is full
#   Use 64 bit Java on a 64 bit OS
#   Decrease Java heap size (-Xmx/-Xms)
#   Decrease number of Java threads
#   Decrease Java thread stack sizes (-Xss)
#   Set larger code cache with -XX:ReservedCodeCacheSize=
# This output file may be truncated or incomplete.
#
#  Out of Memory Error (os_linux.cpp:2627), pid=25945, tid=0x00007f53bdc3f700
#
# JRE version: Java(TM) SE Runtime Environment (8.0_111-b14) (build 1.8.0_111-b14)
# Java VM: Java HotSpot(TM) 64-Bit Server VM (25.111-b14 mixed mode linux-amd64 compressed oops)
# Failed to write core dump. Core dumps have been disabled. To enable core dumping, try "ulimit -c unlimited" before starting Java again
#

---------------  T H R E A D  ---------------

Current thread (0x00007f53d4082800):  VMThread [stack: 0x00007f53bdb3f000,0x00007f53bdc40000] [id=25958]

Stack: [0x00007f53bdb3f000,0x00007f53bdc40000],  sp=0x00007f53bdc3e2a0,  free space=1020k
Native frames: (J=compiled Java code, j=interpreted, Vv=VM code, C=native code)
V  [libjvm.so+0xac5c2a]  VMError::report_and_die()+0x2ba
V  [libjvm.so+0x4fc50b]  report_vm_out_of_memory(char const*, int, unsigned long, VMErrorType, char const*)+0x8b
V  [libjvm.so+0x922ae3]  os::Linux::commit_memory_impl(char*, unsigned long, bool)+0x103
V  [libjvm.so+0x923039]  os::pd_commit_memory(char*, unsigned long, unsigned long, bool)+0x29
V  [libjvm.so+0x91d33a]  os::commit_memory(char*, unsigned long, unsigned long, bool)+0x2a
V  [libjvm.so+0x991ac3]  PSVirtualSpace::expand_by(unsigned long)+0x53
V  [libjvm.so+0x992ec8]  PSYoungGen::resize_generation(unsigned long, unsigned long)+0xf8
V  [libjvm.so+0x992022]  PSYoungGen::resize(unsigned long, unsigned long)+0x22
V  [libjvm.so+0x98f2fb]  PSScavenge::invoke_no_policy()+0xf3b
V  [libjvm.so+0x98fa81]  PSScavenge::invoke()+0x41
V  [libjvm.so+0x9467d0]  ParallelScavengeHeap::failed_mem_allocate(unsigned long)+0x70
V  [libjvm.so+0xac7647]  VM_ParallelGCFailedAllocation::doit()+0x97
V  [libjvm.so+0xacf125]  VM_Operation::evaluate()+0x55
V  [libjvm.so+0xacd4fa]  VMThread::evaluate_operation(VM_Operation*)+0xba
V  [libjvm.so+0xacd87e]  VMThread::loop()+0x1ce
V  [libjvm.so+0xacdcf0]  VMThread::run()+0x70
V  [libjvm.so+0x924ea8]  java_start(Thread*)+0x108

VM_Operation (0x00007f53dbb84e30): ParallelGCFailedAllocation, mode: safepoint, requested by thread 0x00007f53d400c800


---------------  P R O C E S S  ---------------

Java Threads: ( => current thread )
  0x00007f53540d7800 JavaThread "I/O dispatcher 8" [_thread_blocked, id=25981, stack(0x00007f53b44f6000,0x00007f53b45f7000)]
  0x00007f53540d6000 JavaThread "I/O dispatcher 7" [_thread_blocked, id=25980, stack(0x00007f53b45f7000,0x00007f53b46f8000)]
  0x00007f53540d4800 JavaThread "I/O dispatcher 6" [_thread_blocked, id=25979, stack(0x00007f53b46f8000,0x00007f53b47f9000)]
  0x00007f53540d2800 JavaThread "I/O dispatcher 5" [_thread_blocked, id=25978, stack(0x00007f53b47f9000,0x00007f53b48fa000)]
  0x00007f53540d1000 JavaThread "I/O dispatcher 4" [_thread_blocked, id=25977, stack(0x00007f53b48fa000,0x00007f53b49fb000)]
  0x00007f53540cf000 JavaThread "I/O dispatcher 3" [_thread_blocked, id=25976, stack(0x00007f53b49fb000,0x00007f53b4afc000)]
  0x00007f53540cd800 JavaThread "I/O dispatcher 2" [_thread_blocked, id=25975, stack(0x00007f53b4afc000,0x00007f53b4bfd000)]
  0x00007f5354002800 JavaThread "I/O dispatcher 1" [_thread_blocked, id=25974, stack(0x00007f53b4bfd000,0x00007f53b4cfe000)]
  0x00007f53d4647800 JavaThread "pool-1-thread-1" [_thread_blocked, id=25973, stack(0x00007f53b4cfe000,0x00007f53b4dff000)]
  0x00007f53d40d5000 JavaThread "Service Thread" daemon [_thread_blocked, id=25966, stack(0x00007f53bd05d000,0x00007f53bd15e000)]
  0x00007f53d40ca000 JavaThread "C1 CompilerThread3" daemon [_thread_blocked, id=25965, stack(0x00007f53bd15e000,0x00007f53bd25f000)]
  0x00007f53d40c7800 JavaThread "C2 CompilerThread2" daemon [_thread_blocked, id=25964, stack(0x00007f53bd25f000,0x00007f53bd360000)]
  0x00007f53d40c6000 JavaThread "C2 CompilerThread1" daemon [_thread_blocked, id=25963, stack(0x00007f53bd360000,0x00007f53bd461000)]
  0x00007f53d40c3000 JavaThread "C2 CompilerThread0" daemon [_thread_blocked, id=25962, stack(0x00007f53bd461000,0x00007f53bd562000)]
  0x00007f53d40c1800 JavaThread "Signal Dispatcher" daemon [_thread_blocked, id=25961, stack(0x00007f53bd562000,0x00007f53bd663000)]
  0x00007f53d408e800 JavaThread "Finalizer" daemon [_thread_blocked, id=25960, stack(0x00007f53bd93d000,0x00007f53bda3e000)]
  0x00007f53d408a000 JavaThread "Reference Handler" daemon [_thread_blocked, id=25959, stack(0x00007f53bda3e000,0x00007f53bdb3f000)]
  0x00007f53d400c800 JavaThread "main" [_thread_blocked, id=25949, stack(0x00007f53dba86000,0x00007f53dbb87000)]

Other Threads:
=>0x00007f53d4082800 VMThread [stack: 0x00007f53bdb3f000,0x00007f53bdc40000] [id=25958]
  0x00007f53d40d8000 WatcherThread [stack: 0x00007f53bcf5c000,0x00007f53bd05d000] [id=25967]

VM state:at safepoint (normal execution)

VM Mutex/Monitor currently owned by a thread:  ([mutex/lock_event])
[0x00007f53d40088b0] Threads_lock - owner thread: 0x00007f53d4082800
[0x00007f53d4008db0] Heap_lock - owner thread: 0x00007f53d400c800

Heap:
 PSYoungGen      total 321536K, used 6627K [0x000000078bf00000, 0x000000079ff80000, 0x00000007c0000000)
  eden space 314880K, 0% used [0x000000078bf00000,0x000000078bf00000,0x000000079f280000)
  from space 6656K, 99% used [0x000000079f280000,0x000000079f8f8ee8,0x000000079f900000)
  to   space 6144K, 0% used [0x000000079f980000,0x000000079f980000,0x000000079ff80000)
 ParOldGen       total 40960K, used 33095K [0x0000000723c00000, 0x0000000726400000, 0x000000078bf00000)
  object space 40960K, 80% used [0x0000000723c00000,0x0000000725c51f70,0x0000000726400000)
 Metaspace       used 20347K, capacity 21132K, committed 21296K, reserved 1069056K
  class space    used 2405K, capacity 2660K, committed 2688K, reserved 1048576K

Card table byte_map: [0x00007f53d8348000,0x00007f53d882b000] byte_map_base: 0x00007f53d4a2a000

Marking Bits: (ParMarkBitMap*) 0x00007f53daf54220
 Begin Bits: [0x00007f53831e0000, 0x00007f53858f0000)
 End Bits:   [0x00007f53858f0000, 0x00007f5388000000)

Polling page: 0x00007f53dbba5000

CodeCache: size=245760Kb used=9133Kb max_used=9852Kb free=236626Kb
 bounds [0x00007f53c5000000, 0x00007f53c5a20000, 0x00007f53d4000000]
 total_blobs=3101 nmethods=2656 adapters=358
 compilation: enabled

Compilation events (10 events):
Event: 31,459 Thread 0x00007f53d40c6000 3195       4       java.text.DontCareFieldPosition$1::formatted (1 bytes)
Event: 31,460 Thread 0x00007f53d40c6000 nmethod 3195 0x00007f53c516c9d0 code [0x00007f53c516cb20, 0x00007f53c516cb78]
Event: 31,462 Thread 0x00007f53d40c3000 nmethod 3398 0x00007f53c57ee610 code [0x00007f53c57ee900, 0x00007f53c57efb50]
Event: 36,780 Thread 0x00007f53d40ca000 3403       3       java.util.concurrent.ConcurrentLinkedQueue::poll (85 bytes)
Event: 37,480 Thread 0x00007f53d40c3000 3405       4       org.elasticsearch.common.xcontent.json.JsonXContentParser::currentToken (12 bytes)
Event: 38,152 Thread 0x00007f53d40c6000 3406       4       org.elasticsearch.common.xcontent.json.JsonXContentParser::nextToken (12 bytes)
Event: 47,493 Thread 0x00007f53d40c7800 nmethod 3337 0x00007f53c59f67d0 code [0x00007f53c59f7720, 0x00007f53c5a04398]
Event: 48,341 Thread 0x00007f53d40c7800 3409       4       java.lang.Long::valueOf (36 bytes)
Event: 50,071 Thread 0x00007f53d40ca000 nmethod 3403 0x00007f53c5366710 code [0x00007f53c53668e0, 0x00007f53c53672b0]
Event: 50,352 Thread 0x00007f53d40ca000 3417 %     3       org.elasticsearch.action.bulk.BulkItemResponse::fromXContent @ 215 (425 bytes)

GC Heap History (10 events):
Event: 4,090 GC heap after
Heap after GC invocations=8 (full 0):
 PSYoungGen      total 130048K, used 3190K [0x000000078bf00000, 0x0000000794500000, 0x00000007c0000000)
  eden space 122880K, 0% used [0x000000078bf00000,0x000000078bf00000,0x0000000793700000)
  from space 7168K, 44% used [0x0000000793e00000,0x000000079411dbb8,0x0000000794500000)
  to   space 7168K, 0% used [0x0000000793700000,0x0000000793700000,0x0000000793e00000)
 ParOldGen       total 40960K, used 8988K [0x0000000723c00000, 0x0000000726400000, 0x000000078bf00000)
  object space 40960K, 21% used [0x0000000723c00000,0x00000007244c7170,0x0000000726400000)
 Metaspace       used 10119K, capacity 10564K, committed 10752K, reserved 1058816K
  class space    used 1161K, capacity 1274K, committed 1280K, reserved 1048576K
}
Event: 5,826 GC heap before
{Heap before GC invocations=9 (full 0):
 PSYoungGen      total 130048K, used 126070K [0x000000078bf00000, 0x0000000794500000, 0x00000007c0000000)
  eden space 122880K, 100% used [0x000000078bf00000,0x0000000793700000,0x0000000793700000)
  from space 7168K, 44% used [0x0000000793e00000,0x000000079411dbb8,0x0000000794500000)
  to   space 7168K, 0% used [0x0000000793700000,0x0000000793700000,0x0000000793e00000)
 ParOldGen       total 40960K, used 8988K [0x0000000723c00000, 0x0000000726400000, 0x000000078bf00000)
  object space 40960K, 21% used [0x0000000723c00000,0x00000007244c7170,0x0000000726400000)
 Metaspace       used 10159K, capacity 10692K, committed 10752K, reserved 1058816K
  class space    used 1161K, capacity 1274K, committed 1280K, reserved 1048576K
Event: 5,833 GC heap after
Heap after GC invocations=9 (full 0):
 PSYoungGen      total 130048K, used 4262K [0x000000078bf00000, 0x0000000798d00000, 0x00000007c0000000)
  eden space 122880K, 0% used [0x000000078bf00000,0x000000078bf00000,0x0000000793700000)
  from space 7168K, 59% used [0x0000000793700000,0x0000000793b29bb8,0x0000000793e00000)
  to   space 7168K, 0% used [0x0000000798600000,0x0000000798600000,0x0000000798d00000)
 ParOldGen       total 40960K, used 9708K [0x0000000723c00000, 0x0000000726400000, 0x000000078bf00000)
  object space 40960K, 23% used [0x0000000723c00000,0x000000072457b180,0x0000000726400000)
 Metaspace       used 10159K, capacity 10692K, committed 10752K, reserved 1058816K
  class space    used 1161K, capacity 1274K, committed 1280K, reserved 1048576K
}
Event: 8,519 GC heap before
{Heap before GC invocations=10 (full 0):
 PSYoungGen      total 130048K, used 127142K [0x000000078bf00000, 0x0000000798d00000, 0x00000007c0000000)
  eden space 122880K, 100% used [0x000000078bf00000,0x0000000793700000,0x0000000793700000)
  from space 7168K, 59% used [0x0000000793700000,0x0000000793b29bb8,0x0000000793e00000)
  to   space 7168K, 0% used [0x0000000798600000,0x0000000798600000,0x0000000798d00000)
 ParOldGen       total 40960K, used 9708K [0x0000000723c00000, 0x0000000726400000, 0x000000078bf00000)
  object space 40960K, 23% used [0x0000000723c00000,0x000000072457b180,0x0000000726400000)
 Metaspace       used 10159K, capacity 10692K, committed 10752K, reserved 1058816K
  class space    used 1161K, capacity 1274K, committed 1280K, reserved 1048576K
Event: 8,524 GC heap after
Heap after GC invocations=10 (full 0):
 PSYoungGen      total 202752K, used 4224K [0x000000078bf00000, 0x0000000798c00000, 0x00000007c0000000)
  eden space 196608K, 0% used [0x000000078bf00000,0x000000078bf00000,0x0000000797f00000)
  from space 6144K, 68% used [0x0000000798600000,0x0000000798a20290,0x0000000798c00000)
  to   space 6656K, 0% used [0x0000000797f00000,0x0000000797f00000,0x0000000798580000)
 ParOldGen       total 40960K, used 12051K [0x0000000723c00000, 0x0000000726400000, 0x000000078bf00000)
  object space 40960K, 29% used [0x0000000723c00000,0x00000007247c4d28,0x0000000726400000)
 Metaspace       used 10159K, capacity 10692K, committed 10752K, reserved 1058816K
  class space    used 1161K, capacity 1274K, committed 1280K, reserved 1048576K
}
Event: 14,731 GC heap before
{Heap before GC invocations=11 (full 0):
 PSYoungGen      total 202752K, used 200832K [0x000000078bf00000, 0x0000000798c00000, 0x00000007c0000000)
  eden space 196608K, 100% used [0x000000078bf00000,0x0000000797f00000,0x0000000797f00000)
  from space 6144K, 68% used [0x0000000798600000,0x0000000798a20290,0x0000000798c00000)
  to   space 6656K, 0% used [0x0000000797f00000,0x0000000797f00000,0x0000000798580000)
 ParOldGen       total 40960K, used 12051K [0x0000000723c00000, 0x0000000726400000, 0x000000078bf00000)
  object space 40960K, 29% used [0x0000000723c00000,0x00000007247c4d28,0x0000000726400000)
 Metaspace       used 10159K, capacity 10692K, committed 10752K, reserved 1058816K
  class space    used 1161K, capacity 1274K, committed 1280K, reserved 1048576K
Event: 14,748 GC heap after
Heap after GC invocations=11 (full 0):
 PSYoungGen      total 203264K, used 4624K [0x000000078bf00000, 0x00000007a0080000, 0x00000007c0000000)
  eden space 196608K, 0% used [0x000000078bf00000,0x000000078bf00000,0x0000000797f00000)
  from space 6656K, 69% used [0x0000000797f00000,0x0000000798384350,0x0000000798580000)
  to   space 7168K, 0% used [0x000000079f980000,0x000000079f980000,0x00000007a0080000)
 ParOldGen       total 40960K, used 16139K [0x0000000723c00000, 0x0000000726400000, 0x000000078bf00000)
  object space 40960K, 39% used [0x0000000723c00000,0x0000000724bc2d78,0x0000000726400000)
 Metaspace       used 10159K, capacity 10692K, committed 10752K, reserved 1058816K
  class space    used 1161K, capacity 1274K, committed 1280K, reserved 1048576K
}
Event: 20,644 GC heap before
{Heap before GC invocations=12 (full 0):
 PSYoungGen      total 203264K, used 201232K [0x000000078bf00000, 0x00000007a0080000, 0x00000007c0000000)
  eden space 196608K, 100% used [0x000000078bf00000,0x0000000797f00000,0x0000000797f00000)
  from space 6656K, 69% used [0x0000000797f00000,0x0000000798384350,0x0000000798580000)
  to   space 7168K, 0% used [0x000000079f980000,0x000000079f980000,0x00000007a0080000)
 ParOldGen       total 40960K, used 16139K [0x0000000723c00000, 0x0000000726400000, 0x000000078bf00000)
  object space 40960K, 39% used [0x0000000723c00000,0x0000000724bc2d78,0x0000000726400000)
 Metaspace       used 10159K, capacity 10692K, committed 10752K, reserved 1058816K
  class space    used 1161K, capacity 1274K, committed 1280K, reserved 1048576K
Event: 20,664 GC heap after
Heap after GC invocations=12 (full 0):
 PSYoungGen      total 321024K, used 4185K [0x000000078bf00000, 0x000000079ff80000, 0x00000007c0000000)
  eden space 314880K, 0% used [0x000000078bf00000,0x000000078bf00000,0x000000079f280000)
  from space 6144K, 68% used [0x000000079f980000,0x000000079fd96660,0x000000079ff80000)
  to   space 6656K, 0% used [0x000000079f280000,0x000000079f280000,0x000000079f900000)
 ParOldGen       total 40960K, used 20660K [0x0000000723c00000, 0x0000000726400000, 0x000000078bf00000)
  object space 40960K, 50% used [0x0000000723c00000,0x000000072502d1f8,0x0000000726400000)
 Metaspace       used 10159K, capacity 10692K, committed 10752K, reserved 1058816K
  class space    used 1161K, capacity 1274K, committed 1280K, reserved 1048576K
}
Event: 52,392 GC heap before
{Heap before GC invocations=13 (full 0):
 PSYoungGen      total 321024K, used 319065K [0x000000078bf00000, 0x000000079ff80000, 0x00000007c0000000)
  eden space 314880K, 100% used [0x000000078bf00000,0x000000079f280000,0x000000079f280000)
  from space 6144K, 68% used [0x000000079f980000,0x000000079fd96660,0x000000079ff80000)
  to   space 6656K, 0% used [0x000000079f280000,0x000000079f280000,0x000000079f900000)
 ParOldGen       total 40960K, used 20660K [0x0000000723c00000, 0x0000000726400000, 0x000000078bf00000)
  object space 40960K, 50% used [0x0000000723c00000,0x000000072502d1f8,0x0000000726400000)
 Metaspace       used 20347K, capacity 21132K, committed 21296K, reserved 1069056K
  class space    used 2405K, capacity 2660K, committed 2688K, reserved 1048576K

Deoptimization events (10 events):
Event: 30,556 Thread 0x00007f53d400c800 Uncommon trap: reason=unstable_if action=reinterpret pc=0x00007f53c52b367c method=java.util.ArrayList.<init>(I)V @ 5
Event: 30,567 Thread 0x00007f53d400c800 Uncommon trap: reason=unstable_if action=reinterpret pc=0x00007f53c55ca834 method=java.util.concurrent.atomic.AtomicBoolean.get()Z @ 4
Event: 30,616 Thread 0x00007f53d400c800 Uncommon trap: reason=class_check action=maybe_recompile pc=0x00007f53c569cfc4 method=java.util.AbstractCollection.isEmpty()Z @ 1
Event: 30,617 Thread 0x00007f53d400c800 Uncommon trap: reason=predicate action=maybe_recompile pc=0x00007f53c5907c68 method=java.lang.String.regionMatches(ZILjava/lang/String;II)Z @ 63
Event: 30,618 Thread 0x00007f53d400c800 Uncommon trap: reason=unstable_if action=reinterpret pc=0x00007f53c580aa68 method=java.lang.CharacterDataLatin1.digit(II)I @ 82
Event: 31,043 Thread 0x00007f5354002800 Uncommon trap: reason=unstable_if action=reinterpret pc=0x00007f53c5491088 method=com.fasterxml.jackson.core.json.UTF8StreamJsonParser._parsePosNumber(I)Lcom/fasterxml/jackson/core/JsonToken; @ 46
Event: 31,043 Thread 0x00007f5354002800 Uncommon trap: reason=unstable_if action=reinterpret pc=0x00007f53c5802b68 method=com.fasterxml.jackson.core.json.UTF8StreamJsonParser._nextAfterName()Lcom/fasterxml/jackson/core/JsonToken; @ 19
Event: 31,106 Thread 0x00007f5354002800 Uncommon trap: reason=unstable_if action=reinterpret pc=0x00007f53c56665e4 method=com.fasterxml.jackson.core.json.UTF8StreamJsonParser._skipWSOrEnd()I @ 8
Event: 31,262 Thread 0x00007f53d400c800 Uncommon trap: reason=class_check action=maybe_recompile pc=0x00007f53c569cfc4 method=java.util.AbstractCollection.isEmpty()Z @ 1
Event: 51,557 Thread 0x00007f53d400c800 Uncommon trap: reason=class_check action=maybe_recompile pc=0x00007f53c569cfc4 method=java.util.AbstractCollection.isEmpty()Z @ 1

Internal exceptions (10 events):
Event: 28,460 Thread 0x00007f53d400c800 Implicit null exception at 0x00007f53c53dc248 to 0x00007f53c53dc311
Event: 28,955 Thread 0x00007f53d400c800 Implicit null exception at 0x00007f53c54db60c to 0x00007f53c54db661
Event: 29,388 Thread 0x00007f53d4647800 Implicit null exception at 0x00007f53c58aed6b to 0x00007f53c58af329
Event: 29,499 Thread 0x00007f53d400c800 Exception <a 'java/lang/NoSuchMethodError': java.lang.Object.lambda$identity$2(Ljava/lang/Object;)Ljava/lang/Object;> (0x0000000796b8cde0) thrown at [/HUDSON3/workspace/8-2-build-linux-amd64/jdk8u111/7883/hotspot/src/share/vm/interpreter/linkResolver.cpp,
Event: 29,595 Thread 0x00007f53d400c800 Implicit null exception at 0x00007f53c5426ea6 to 0x00007f53c5426f45
Event: 29,807 Thread 0x00007f53d400c800 Implicit null exception at 0x00007f53c56d94c2 to 0x00007f53c56d9b69
Event: 30,342 Thread 0x00007f53d400c800 Implicit null exception at 0x00007f53c554039a to 0x00007f53c5540741
Event: 30,342 Thread 0x00007f53d400c800 Implicit null exception at 0x00007f53c58aca98 to 0x00007f53c58ad3ad
Event: 30,342 Thread 0x00007f53d400c800 Implicit null exception at 0x00007f53c543e0f5 to 0x00007f53c543e481
Event: 30,343 Thread 0x00007f53d400c800 Implicit null exception at 0x00007f53c57eb7ef to 0x00007f53c57eb859

Events (10 events):
Event: 31,263 Executing VM operation: RevokeBias
Event: 31,263 Executing VM operation: RevokeBias done
Event: 31,450 loading class java/util/concurrent/locks/LockSupport
Event: 31,541 loading class java/util/concurrent/locks/LockSupport done
Event: 32,155 Executing VM operation: RevokeBias
Event: 33,262 Executing VM operation: RevokeBias done
Event: 51,408 Thread 0x00007f53d400c800 Uncommon trap: trap_request=0xffffffde fr.pc=0x00007f53c569cfc4
Event: 51,567 Thread 0x00007f53d400c800 DEOPT PACKING pc=0x00007f53c569cfc4 sp=0x00007f53dbb84420
Event: 51,576 Thread 0x00007f53d400c800 DEOPT UNPACKING pc=0x00007f53c5005229 sp=0x00007f53dbb843d8 mode 2
Event: 52,317 Executing VM operation: ParallelGCFailedAllocation


Dynamic libraries:
00400000-00401000 r-xp 00000000 08:02 4457658                            /home/wictor/jdk1.8.0_111/bin/java
00600000-00601000 rw-p 00000000 08:02 4457658                            /home/wictor/jdk1.8.0_111/bin/java
024f6000-02517000 rw-p 00000000 00:00 0                                  [heap]
723c00000-726400000 rw-p 00000000 00:00 0 
726400000-78bf00000 ---p 00000000 00:00 0 
78bf00000-79ff80000 rw-p 00000000 00:00 0 
7ac300000-7c0000000 ---p 00000000 00:00 0 
7c0000000-7c02a0000 rw-p 00000000 00:00 0 
7c02a0000-800000000 ---p 00000000 00:00 0 
7f5334000000-7f5334021000 rw-p 00000000 00:00 0 
7f5334021000-7f5338000000 ---p 00000000 00:00 0 
7f533c000000-7f533c021000 rw-p 00000000 00:00 0 
7f533c021000-7f5340000000 ---p 00000000 00:00 0 
7f5340000000-7f5340021000 rw-p 00000000 00:00 0 
7f5340021000-7f5344000000 ---p 00000000 00:00 0 
7f5344000000-7f5344021000 rw-p 00000000 00:00 0 
7f5344021000-7f5348000000 ---p 00000000 00:00 0 
7f5348000000-7f5348021000 rw-p 00000000 00:00 0 
7f5348021000-7f534c000000 ---p 00000000 00:00 0 
7f534c000000-7f534c021000 rw-p 00000000 00:00 0 
7f534c021000-7f5350000000 ---p 00000000 00:00 0 
7f5350000000-7f5350021000 rw-p 00000000 00:00 0 
7f5350021000-7f5354000000 ---p 00000000 00:00 0 
7f5354000000-7f53540e0000 rw-p 00000000 00:00 0 
7f53540e0000-7f5358000000 ---p 00000000 00:00 0 
7f5358000000-7f53580e5000 rw-p 00000000 00:00 0 
7f53580e5000-7f535c000000 ---p 00000000 00:00 0 
7f535c000000-7f535c021000 rw-p 00000000 00:00 0 
7f535c021000-7f5360000000 ---p 00000000 00:00 0 
7f5360000000-7f5360021000 rw-p 00000000 00:00 0 
7f5360021000-7f5364000000 ---p 00000000 00:00 0 
7f5364000000-7f53657ea000 rw-p 00000000 00:00 0 
7f53657ea000-7f5368000000 ---p 00000000 00:00 0 
7f5368000000-7f536849d000 rw-p 00000000 00:00 0 
7f536849d000-7f536c000000 ---p 00000000 00:00 0 
7f536c000000-7f536d823000 rw-p 00000000 00:00 0 
7f536d823000-7f5370000000 ---p 00000000 00:00 0 
7f5370000000-7f53718ba000 rw-p 00000000 00:00 0 
7f53718ba000-7f5374000000 ---p 00000000 00:00 0 
7f5374000000-7f5374021000 rw-p 00000000 00:00 0 
7f5374021000-7f5378000000 ---p 00000000 00:00 0 
7f5378000000-7f5378021000 rw-p 00000000 00:00 0 
7f5378021000-7f537c000000 ---p 00000000 00:00 0 
7f537c000000-7f537c021000 rw-p 00000000 00:00 0 
7f537c021000-7f5380000000 ---p 00000000 00:00 0 
7f53831e0000-7f5388000000 rw-p 00000000 00:00 0 
7f5388000000-7f5388021000 rw-p 00000000 00:00 0 
7f5388021000-7f538c000000 ---p 00000000 00:00 0 
7f538c000000-7f538c28d000 rw-p 00000000 00:00 0 
7f538c28d000-7f5390000000 ---p 00000000 00:00 0 
7f5390000000-7f5390021000 rw-p 00000000 00:00 0 
7f5390021000-7f5394000000 ---p 00000000 00:00 0 
7f5398000000-7f5398021000 rw-p 00000000 00:00 0 
7f5398021000-7f539c000000 ---p 00000000 00:00 0 
7f53a0000000-7f53a0021000 rw-p 00000000 00:00 0 
7f53a0021000-7f53a4000000 ---p 00000000 00:00 0 
7f53a8000000-7f53a8021000 rw-p 00000000 00:00 0 
7f53a8021000-7f53ac000000 ---p 00000000 00:00 0 
7f53afe00000-7f53b0000000 rw-p 00000000 00:00 0 
7f53b0000000-7f53b0021000 rw-p 00000000 00:00 0 
7f53b0021000-7f53b4000000 ---p 00000000 00:00 0 
7f53b40f6000-7f53b4122000 rw-p 00000000 00:00 0 
7f53b4122000-7f53b42f6000 ---p 00000000 00:00 0 
7f53b42f6000-7f53b44f6000 rw-p 00000000 00:00 0 
7f53b44f6000-7f53b44f9000 ---p 00000000 00:00 0 
7f53b44f9000-7f53b45f7000 rw-p 00000000 00:00 0 
7f53b45f7000-7f53b45fa000 ---p 00000000 00:00 0 
7f53b45fa000-7f53b46f8000 rw-p 00000000 00:00 0 
7f53b46f8000-7f53b46fb000 ---p 00000000 00:00 0 
7f53b46fb000-7f53b47f9000 rw-p 00000000 00:00 0 
7f53b47f9000-7f53b47fc000 ---p 00000000 00:00 0 
7f53b47fc000-7f53b48fa000 rw-p 00000000 00:00 0 
7f53b48fa000-7f53b48fd000 ---p 00000000 00:00 0 
7f53b48fd000-7f53b49fb000 rw-p 00000000 00:00 0 
7f53b49fb000-7f53b49fe000 ---p 00000000 00:00 0 
7f53b49fe000-7f53b4afc000 rw-p 00000000 00:00 0 
7f53b4afc000-7f53b4aff000 ---p 00000000 00:00 0 
7f53b4aff000-7f53b4bfd000 rw-p 00000000 00:00 0 
7f53b4bfd000-7f53b4c00000 ---p 00000000 00:00 0 
7f53b4c00000-7f53b4cfe000 rw-p 00000000 00:00 0 
7f53b4cfe000-7f53b4d01000 ---p 00000000 00:00 0 
7f53b4d01000-7f53b4fff000 rw-p 00000000 00:00 0 
7f53b4fff000-7f53b8000000 rw-p 00000000 00:00 0 
7f53b8000000-7f53b8021000 rw-p 00000000 00:00 0 
7f53b8021000-7f53bc000000 ---p 00000000 00:00 0 
7f53bc0b1000-7f53bc0c2000 r-xp 00000000 08:02 4457511                    /home/wictor/jdk1.8.0_111/jre/lib/amd64/libnio.so
7f53bc0c2000-7f53bc2c1000 ---p 00011000 08:02 4457511                    /home/wictor/jdk1.8.0_111/jre/lib/amd64/libnio.so
7f53bc2c1000-7f53bc2c2000 rw-p 00010000 08:02 4457511                    /home/wictor/jdk1.8.0_111/jre/lib/amd64/libnio.so
7f53bc2c2000-7f53bc2d8000 r-xp 00000000 08:02 4457512                    /home/wictor/jdk1.8.0_111/jre/lib/amd64/libnet.so
7f53bc2d8000-7f53bc4d8000 ---p 00016000 08:02 4457512                    /home/wictor/jdk1.8.0_111/jre/lib/amd64/libnet.so
7f53bc4d8000-7f53bc4d9000 rw-p 00016000 08:02 4457512                    /home/wictor/jdk1.8.0_111/jre/lib/amd64/libnet.so
7f53bc4d9000-7f53bc4ef000 r-xp 00000000 08:02 3543590                    /lib/x86_64-linux-gnu/libgcc_s.so.1
7f53bc4ef000-7f53bc6ee000 ---p 00016000 08:02 3543590                    /lib/x86_64-linux-gnu/libgcc_s.so.1
7f53bc6ee000-7f53bc6ef000 rw-p 00015000 08:02 3543590                    /lib/x86_64-linux-gnu/libgcc_s.so.1
7f53bc70a000-7f53bc73c000 r-xp 00000000 08:02 4457470                    /home/wictor/jdk1.8.0_111/jre/lib/amd64/libsunec.so
7f53bc73c000-7f53bc93b000 ---p 00032000 08:02 4457470                    /home/wictor/jdk1.8.0_111/jre/lib/amd64/libsunec.so
7f53bc93b000-7f53bc941000 rw-p 00031000 08:02 4457470                    /home/wictor/jdk1.8.0_111/jre/lib/amd64/libsunec.so
7f53bc941000-7f53bc951000 rw-p 00000000 00:00 0 
7f53bc951000-7f53bc953000 r--s 00009000 08:02 4457529                    /home/wictor/jdk1.8.0_111/jre/lib/ext/sunec.jar
7f53bc953000-7f53bc957000 r--s 0003a000 08:02 4457472                    /home/wictor/jdk1.8.0_111/jre/lib/ext/sunpkcs11.jar
7f53bc957000-7f53bc95a000 r--s 0001a000 08:02 4329948                    /home/wictor/jdk1.8.0_111/jre/lib/jce.jar
7f53bc95a000-7f53bc95f000 r--s 00096000 08:02 4329934                    /home/wictor/jdk1.8.0_111/jre/lib/jsse.jar
7f53bc95f000-7f53bcb5f000 rw-p 00000000 00:00 0 
7f53bcb5f000-7f53bcd5f000 rw-p 00000000 00:00 0 
7f53bcd5f000-7f53bcd69000 r--s 00115000 08:02 4457332                    /home/wictor/jdk1.8.0_111/jre/lib/ext/localedata.jar
7f53bcd69000-7f53bcd70000 r--s 00000000 08:02 1192000                    /usr/lib/x86_64-linux-gnu/gconv/gconv-modules.cache
7f53bcd70000-7f53bcd91000 r--p 00000000 08:02 1838760                    /usr/share/locale-langpack/pt_BR/LC_MESSAGES/libc.mo
7f53bcd91000-7f53bcd92000 r--s 00003000 08:02 4063295                    /home/wictor/.m2/repository/com/googlecode/json-simple/json-simple/1.1/json-simple-1.1.jar
7f53bcd92000-7f53bcd94000 r--s 0000a000 08:02 5148485                    /home/wictor/.m2/repository/org/json/json/20090211/json-20090211.jar
7f53bcd94000-7f53bcd96000 r--s 0000e000 08:02 5148487                    /home/wictor/.m2/repository/commons-logging/commons-logging/1.1.3/commons-logging-1.1.3.jar
7f53bcd96000-7f53bcd9d000 r--s 0003f000 08:02 4199920                    /home/wictor/.m2/repository/commons-codec/commons-codec/1.10/commons-codec-1.10.jar
7f53bcd9d000-7f53bcda4000 r--s 00050000 08:02 4199919                    /home/wictor/.m2/repository/org/apache/httpcomponents/httpcore-nio/4.4.5/httpcore-nio-4.4.5.jar
7f53bcda4000-7f53bcda8000 r--s 00028000 08:02 4199916                    /home/wictor/.m2/repository/org/apache/httpcomponents/httpasyncclient/4.1.2/httpasyncclient-4.1.2.jar
7f53bcda8000-7f53bcdaf000 r--s 00049000 08:02 4199914                    /home/wictor/.m2/repository/org/apache/httpcomponents/httpcore/4.4.5/httpcore-4.4.5.jar
7f53bcdaf000-7f53bcdbc000 r--s 000a7000 08:02 4199912                    /home/wictor/.m2/repository/org/apache/httpcomponents/httpclient/4.5.2/httpclient-4.5.2.jar
7f53bcdbc000-7f53bcdbe000 r--s 0000d000 08:02 4202491                    /home/wictor/.m2/repository/org/elasticsearch/client/elasticsearch-rest-client/6.5.4/elasticsearch-rest-client-6.5.4.jar
7f53bcdbe000-7f53bcdc2000 r--s 000d5000 08:02 4199908                    /home/wictor/.m2/repository/org/elasticsearch/jna/4.5.1/jna-4.5.1.jar
7f53bcdc2000-7f53bcdc8000 r--s 0003b000 08:02 4202488                    /home/wictor/.m2/repository/org/apache/logging/log4j/log4j-api/2.11.1/log4j-api-2.11.1.jar
7f53bcdc8000-7f53bcdca000 r--s 0001a000 08:02 4199904                    /home/wictor/.m2/repository/org/hdrhistogram/HdrHistogram/2.1.9/HdrHistogram-2.1.9.jar
7f53bcdca000-7f53bcdcc000 r--s 0000b000 08:02 4199902                    /home/wictor/.m2/repository/com/tdunning/t-digest/3.2/t-digest-3.2.jar
7f53bcdcc000-7f53bcddd000 r--s 0008c000 08:02 4202487                    /home/wictor/.m2/repository/joda-time/joda-time/2.10.1/joda-time-2.10.1.jar
7f53bcddd000-7f53bcdf4000 r--s 00100000 08:02 4199899                    /home/wictor/.m2/repository/com/carrotsearch/hppc/0.7.1/hppc-0.7.1.jar
7f53bcdf4000-7f53bcdf7000 r--s 00011000 08:02 5115059                    /home/wictor/.m2/repository/net/sf/jopt-simple/jopt-simple/5.0.2/jopt-simple-5.0.2.jar
7f53bcdf7000-7f53bcdf8000 r--s 00003000 08:02 4202484                    /home/wictor/.m2/repository/org/elasticsearch/elasticsearch-cli/6.5.4/elasticsearch-cli-6.5.4.jar
7f53bcdf8000-7f53bcdfd000 r--s 00038000 08:02 4202483                    /home/wictor/.m2/repository/org/apache/lucene/lucene-suggest/7.5.0/lucene-suggest-7.5.0.jar
7f53bcdfd000-7f53bce01000 r--s 00046000 08:02 4202481                    /home/wictor/.m2/repository/org/apache/lucene/lucene-spatial3d/7.5.0/lucene-spatial3d-7.5.0.jar
7f53bce01000-7f53bce06000 r--s 00035000 08:02 4202478                    /home/wictor/.m2/repository/org/apache/lucene/lucene-spatial-extras/7.5.0/lucene-spatial-extras-7.5.0.jar
7f53bce06000-7f53bce07000 r--s 00003000 08:02 4202477                    /home/wictor/.m2/repository/org/apache/lucene/lucene-spatial/7.5.0/lucene-spatial-7.5.0.jar
7f53bce07000-7f53bce0c000 r--s 0003c000 08:02 4202474                    /home/wictor/.m2/repository/org/apache/lucene/lucene-sandbox/7.5.0/lucene-sandbox-7.5.0.jar
7f53bce0c000-7f53bce16000 r--s 00054000 08:02 4202471                    /home/wictor/.m2/repository/org/apache/lucene/lucene-queryparser/7.5.0/lucene-queryparser-7.5.0.jar
7f53bce16000-7f53bce1d000 r--s 0003a000 08:02 4202470                    /home/wictor/.m2/repository/org/apache/lucene/lucene-queries/7.5.0/lucene-queries-7.5.0.jar
7f53bce1d000-7f53bce20000 r--s 00015000 08:02 4202472                    /home/wictor/.m2/repository/org/apache/lucene/lucene-misc/7.5.0/lucene-misc-7.5.0.jar
7f53bce20000-7f53bce22000 r--s 0000b000 08:02 4202466                    /home/wictor/.m2/repository/org/apache/lucene/lucene-memory/7.5.0/lucene-memory-7.5.0.jar
7f53bce22000-7f53bce26000 r--s 00020000 08:02 4202464                    /home/wictor/.m2/repository/org/apache/lucene/lucene-join/7.5.0/lucene-join-7.5.0.jar
7f53bce26000-7f53bce2b000 r--s 0002e000 08:02 4202463                    /home/wictor/.m2/repository/org/apache/lucene/lucene-highlighter/7.5.0/lucene-highlighter-7.5.0.jar
7f53bce2b000-7f53bce2e000 r--s 00013000 08:02 4202460                    /home/wictor/.m2/repository/org/apache/lucene/lucene-grouping/7.5.0/lucene-grouping-7.5.0.jar
7f53bce2e000-7f53bce31000 r--s 00016000 08:02 4202456                    /home/wictor/.m2/repository/org/apache/lucene/lucene-backward-codecs/7.5.0/lucene-backward-codecs-7.5.0.jar
7f53bce31000-7f53bce43000 r--s 00182000 08:02 4202457                    /home/wictor/.m2/repository/org/apache/lucene/lucene-analyzers-common/7.5.0/lucene-analyzers-common-7.5.0.jar
7f53bce43000-7f53bce75000 r--s 002b9000 08:02 4202459                    /home/wictor/.m2/repository/org/apache/lucene/lucene-core/7.5.0/lucene-core-7.5.0.jar
7f53bce75000-7f53bce77000 r--s 0000b000 08:02 4202455                    /home/wictor/.m2/repository/com/fasterxml/jackson/dataformat/jackson-dataformat-cbor/2.8.11/jackson-dataformat-cbor-2.8.11.jar
7f53bce77000-7f53bce78000 r--s 00009000 08:02 4202449                    /home/wictor/.m2/repository/com/fasterxml/jackson/dataformat/jackson-dataformat-yaml/2.8.11/jackson-dataformat-yaml-2.8.11.jar
7f53bce78000-7f53bce7a000 r--s 00011000 08:02 4202448                    /home/wictor/.m2/repository/com/fasterxml/jackson/dataformat/jackson-dataformat-smile/2.8.11/jackson-dataformat-smile-2.8.11.jar
7f53bce7a000-7f53bce7e000 r--s 00042000 08:02 4202444                    /home/wictor/.m2/repository/com/fasterxml/jackson/core/jackson-core/2.8.11/jackson-core-2.8.11.jar
7f53bce7e000-7f53bce84000 r--s 0003d000 08:02 4199855                    /home/wictor/.m2/repository/org/yaml/snakeyaml/1.17/snakeyaml-1.17.jar
7f53bce84000-7f53bce87000 r--s 00019000 08:02 4202445                    /home/wictor/.m2/repository/org/elasticsearch/elasticsearch-x-content/6.5.4/elasticsearch-x-content-6.5.4.jar
7f53bce87000-7f53bcf2a000 r--s 00953000 08:02 4202450                    /home/wictor/.m2/repository/org/elasticsearch/elasticsearch/6.5.4/elasticsearch-6.5.4.jar
7f53bcf2a000-7f53bcf2c000 r--s 00009000 08:02 4594330                    /home/wictor/.m2/repository/org/slf4j/slf4j-api/1.8.0-beta2/slf4j-api-1.8.0-beta2.jar
7f53bcf2c000-7f53bcf35000 r--s 00097000 08:02 4068785                    /home/wictor/.m2/repository/com/sun/mail/javax.mail/1.6.0/javax.mail-1.6.0.jar
7f53bcf35000-7f53bcf5c000 r--s 001f6000 08:02 5149939                    /home/wictor/.m2/repository/org/apache/commons/commons-math3/3.6.1/commons-math3-3.6.1.jar
7f53bcf5c000-7f53bcf5d000 ---p 00000000 00:00 0 
7f53bcf5d000-7f53bd05d000 rw-p 00000000 00:00 0 
7f53bd05d000-7f53bd060000 ---p 00000000 00:00 0 
7f53bd060000-7f53bd15e000 rw-p 00000000 00:00 0 
7f53bd15e000-7f53bd161000 ---p 00000000 00:00 0 
7f53bd161000-7f53bd25f000 rw-p 00000000 00:00 0 
7f53bd25f000-7f53bd262000 ---p 00000000 00:00 0 
7f53bd262000-7f53bd360000 rw-p 00000000 00:00 0 
7f53bd360000-7f53bd363000 ---p 00000000 00:00 0 
7f53bd363000-7f53bd461000 rw-p 00000000 00:00 0 
7f53bd461000-7f53bd464000 ---p 00000000 00:00 0 
7f53bd464000-7f53bd562000 rw-p 00000000 00:00 0 
7f53bd562000-7f53bd565000 ---p 00000000 00:00 0 
7f53bd565000-7f53bd663000 rw-p 00000000 00:00 0 
7f53bd663000-7f53bd93d000 r--p 00000000 08:02 920035                     /usr/lib/locale/locale-archive
7f53bd93d000-7f53bd940000 ---p 00000000 00:00 0 
7f53bd940000-7f53bda3e000 rw-p 00000000 00:00 0 
7f53bda3e000-7f53bda41000 ---p 00000000 00:00 0 
7f53bda41000-7f53bdb3f000 rw-p 00000000 00:00 0 
7f53bdb3f000-7f53bdb40000 ---p 00000000 00:00 0 
7f53bdb40000-7f53c0000000 rw-p 00000000 00:00 0 
7f53c0000000-7f53c0021000 rw-p 00000000 00:00 0 
7f53c0021000-7f53c4000000 ---p 00000000 00:00 0 
7f53c4000000-7f53c4001000 r--s 00002000 08:02 4202442                    /home/wictor/.m2/repository/org/elasticsearch/elasticsearch-secure-sm/6.5.4/elasticsearch-secure-sm-6.5.4.jar
7f53c4001000-7f53c4003000 r--s 0000e000 08:02 4068786                    /home/wictor/.m2/repository/javax/activation/activation/1.1/activation-1.1.jar
7f53c4003000-7f53c400e000 r--s 00068000 08:02 4068781                    /home/wictor/.m2/repository/ch/qos/logback/logback-core/1.3.0-alpha4/logback-core-1.3.0-alpha4.jar
7f53c400e000-7f53c4016000 r--s 00072000 08:02 5149941                    /home/wictor/.m2/repository/org/apache/commons/commons-lang3/3.7/commons-lang3-3.7.jar
7f53c4016000-7f53c40c8000 rw-p 00000000 00:00 0 
7f53c40c8000-7f53c42a0000 r--s 03d2a000 08:02 4329949                    /home/wictor/jdk1.8.0_111/jre/lib/rt.jar
7f53c42a0000-7f53c47f8000 rw-p 00000000 00:00 0 
7f53c47f8000-7f53c47f9000 ---p 00000000 00:00 0 
7f53c47f9000-7f53c48f9000 rw-p 00000000 00:00 0 
7f53c48f9000-7f53c48fa000 ---p 00000000 00:00 0 
7f53c48fa000-7f53c49fa000 rw-p 00000000 00:00 0 
7f53c49fa000-7f53c49fb000 ---p 00000000 00:00 0 
7f53c49fb000-7f53c4afb000 rw-p 00000000 00:00 0 
7f53c4afb000-7f53c4afc000 ---p 00000000 00:00 0 
7f53c4afc000-7f53c4bfc000 rw-p 00000000 00:00 0 
7f53c4bfc000-7f53c4bfd000 ---p 00000000 00:00 0 
7f53c4bfd000-7f53c4cfd000 rw-p 00000000 00:00 0 
7f53c4cfd000-7f53c4cfe000 ---p 00000000 00:00 0 
7f53c4cfe000-7f53c4dfe000 rw-p 00000000 00:00 0 
7f53c4dfe000-7f53c4dff000 ---p 00000000 00:00 0 
7f53c4dff000-7f53c4eff000 rw-p 00000000 00:00 0 
7f53c4eff000-7f53c4f00000 ---p 00000000 00:00 0 
7f53c4f00000-7f53c5000000 rw-p 00000000 00:00 0 
7f53c5000000-7f53c5a20000 rwxp 00000000 00:00 0 
7f53c5a20000-7f53d4000000 ---p 00000000 00:00 0 
7f53d4000000-7f53d488f000 rw-p 00000000 00:00 0 
7f53d488f000-7f53d8000000 ---p 00000000 00:00 0 
7f53d8000000-7f53d8006000 r--s 00035000 08:02 4068782                    /home/wictor/.m2/repository/ch/qos/logback/logback-classic/1.3.0-alpha4/logback-classic-1.3.0-alpha4.jar
7f53d8006000-7f53d801a000 rw-p 00000000 00:00 0 
7f53d801a000-7f53d8348000 ---p 00000000 00:00 0 
7f53d8348000-7f53d835c000 rw-p 00000000 00:00 0 
7f53d835c000-7f53d8689000 ---p 00000000 00:00 0 
7f53d8689000-7f53d872a000 rw-p 00000000 00:00 0 
7f53d872a000-7f53d882a000 ---p 00000000 00:00 0 
7f53d882a000-7f53d8854000 rw-p 00000000 00:00 0 
7f53d8854000-7f53d8beb000 ---p 00000000 00:00 0 
7f53d8beb000-7f53d8c05000 r-xp 00000000 08:02 4457510                    /home/wictor/jdk1.8.0_111/jre/lib/amd64/libzip.so
7f53d8c05000-7f53d8e05000 ---p 0001a000 08:02 4457510                    /home/wictor/jdk1.8.0_111/jre/lib/amd64/libzip.so
7f53d8e05000-7f53d8e06000 rw-p 0001a000 08:02 4457510                    /home/wictor/jdk1.8.0_111/jre/lib/amd64/libzip.so
7f53d8e06000-7f53d8e11000 r-xp 00000000 08:02 3539137                    /lib/x86_64-linux-gnu/libnss_files-2.23.so
7f53d8e11000-7f53d9010000 ---p 0000b000 08:02 3539137                    /lib/x86_64-linux-gnu/libnss_files-2.23.so
7f53d9010000-7f53d9011000 r--p 0000a000 08:02 3539137                    /lib/x86_64-linux-gnu/libnss_files-2.23.so
7f53d9011000-7f53d9012000 rw-p 0000b000 08:02 3539137                    /lib/x86_64-linux-gnu/libnss_files-2.23.so
7f53d9012000-7f53d9018000 rw-p 00000000 00:00 0 
7f53d9018000-7f53d9023000 r-xp 00000000 08:02 3539130                    /lib/x86_64-linux-gnu/libnss_nis-2.23.so
7f53d9023000-7f53d9222000 ---p 0000b000 08:02 3539130                    /lib/x86_64-linux-gnu/libnss_nis-2.23.so
7f53d9222000-7f53d9223000 r--p 0000a000 08:02 3539130                    /lib/x86_64-linux-gnu/libnss_nis-2.23.so
7f53d9223000-7f53d9224000 rw-p 0000b000 08:02 3539130                    /lib/x86_64-linux-gnu/libnss_nis-2.23.so
7f53d9224000-7f53d923a000 r-xp 00000000 08:02 3539135                    /lib/x86_64-linux-gnu/libnsl-2.23.so
7f53d923a000-7f53d9439000 ---p 00016000 08:02 3539135                    /lib/x86_64-linux-gnu/libnsl-2.23.so
7f53d9439000-7f53d943a000 r--p 00015000 08:02 3539135                    /lib/x86_64-linux-gnu/libnsl-2.23.so
7f53d943a000-7f53d943b000 rw-p 00016000 08:02 3539135                    /lib/x86_64-linux-gnu/libnsl-2.23.so
7f53d943b000-7f53d943d000 rw-p 00000000 00:00 0 
7f53d943d000-7f53d9445000 r-xp 00000000 08:02 3539141                    /lib/x86_64-linux-gnu/libnss_compat-2.23.so
7f53d9445000-7f53d9644000 ---p 00008000 08:02 3539141                    /lib/x86_64-linux-gnu/libnss_compat-2.23.so
7f53d9644000-7f53d9645000 r--p 00007000 08:02 3539141                    /lib/x86_64-linux-gnu/libnss_compat-2.23.so
7f53d9645000-7f53d9646000 rw-p 00008000 08:02 3539141                    /lib/x86_64-linux-gnu/libnss_compat-2.23.so
7f53d9646000-7f53d9671000 r-xp 00000000 08:02 4457487                    /home/wictor/jdk1.8.0_111/jre/lib/amd64/libjava.so
7f53d9671000-7f53d9870000 ---p 0002b000 08:02 4457487                    /home/wictor/jdk1.8.0_111/jre/lib/amd64/libjava.so
7f53d9870000-7f53d9872000 rw-p 0002a000 08:02 4457487                    /home/wictor/jdk1.8.0_111/jre/lib/amd64/libjava.so
7f53d9872000-7f53d987f000 r-xp 00000000 08:02 4457459                    /home/wictor/jdk1.8.0_111/jre/lib/amd64/libverify.so
7f53d987f000-7f53d9a7e000 ---p 0000d000 08:02 4457459                    /home/wictor/jdk1.8.0_111/jre/lib/amd64/libverify.so
7f53d9a7e000-7f53d9a80000 rw-p 0000c000 08:02 4457459                    /home/wictor/jdk1.8.0_111/jre/lib/amd64/libverify.so
7f53d9a80000-7f53d9a87000 r-xp 00000000 08:02 3539123                    /lib/x86_64-linux-gnu/librt-2.23.so
7f53d9a87000-7f53d9c86000 ---p 00007000 08:02 3539123                    /lib/x86_64-linux-gnu/librt-2.23.so
7f53d9c86000-7f53d9c87000 r--p 00006000 08:02 3539123                    /lib/x86_64-linux-gnu/librt-2.23.so
7f53d9c87000-7f53d9c88000 rw-p 00007000 08:02 3539123                    /lib/x86_64-linux-gnu/librt-2.23.so
7f53d9c88000-7f53d9d90000 r-xp 00000000 08:02 3539143                    /lib/x86_64-linux-gnu/libm-2.23.so
7f53d9d90000-7f53d9f8f000 ---p 00108000 08:02 3539143                    /lib/x86_64-linux-gnu/libm-2.23.so
7f53d9f8f000-7f53d9f90000 r--p 00107000 08:02 3539143                    /lib/x86_64-linux-gnu/libm-2.23.so
7f53d9f90000-7f53d9f91000 rw-p 00108000 08:02 3539143                    /lib/x86_64-linux-gnu/libm-2.23.so
7f53d9f91000-7f53dac5e000 r-xp 00000000 08:02 4457387                    /home/wictor/jdk1.8.0_111/jre/lib/amd64/server/libjvm.so
7f53dac5e000-7f53dae5d000 ---p 00ccd000 08:02 4457387                    /home/wictor/jdk1.8.0_111/jre/lib/amd64/server/libjvm.so
7f53dae5d000-7f53daf36000 rw-p 00ccc000 08:02 4457387                    /home/wictor/jdk1.8.0_111/jre/lib/amd64/server/libjvm.so
7f53daf36000-7f53daf81000 rw-p 00000000 00:00 0 
7f53daf81000-7f53db141000 r-xp 00000000 08:02 3539140                    /lib/x86_64-linux-gnu/libc-2.23.so
7f53db141000-7f53db341000 ---p 001c0000 08:02 3539140                    /lib/x86_64-linux-gnu/libc-2.23.so
7f53db341000-7f53db345000 r--p 001c0000 08:02 3539140                    /lib/x86_64-linux-gnu/libc-2.23.so
7f53db345000-7f53db347000 rw-p 001c4000 08:02 3539140                    /lib/x86_64-linux-gnu/libc-2.23.so
7f53db347000-7f53db34b000 rw-p 00000000 00:00 0 
7f53db34b000-7f53db34e000 r-xp 00000000 08:02 3539125                    /lib/x86_64-linux-gnu/libdl-2.23.so
7f53db34e000-7f53db54d000 ---p 00003000 08:02 3539125                    /lib/x86_64-linux-gnu/libdl-2.23.so
7f53db54d000-7f53db54e000 r--p 00002000 08:02 3539125                    /lib/x86_64-linux-gnu/libdl-2.23.so
7f53db54e000-7f53db54f000 rw-p 00003000 08:02 3539125                    /lib/x86_64-linux-gnu/libdl-2.23.so
7f53db54f000-7f53db564000 r-xp 00000000 08:02 4199294                    /home/wictor/jdk1.8.0_111/lib/amd64/jli/libjli.so
7f53db564000-7f53db764000 ---p 00015000 08:02 4199294                    /home/wictor/jdk1.8.0_111/lib/amd64/jli/libjli.so
7f53db764000-7f53db765000 rw-p 00015000 08:02 4199294                    /home/wictor/jdk1.8.0_111/lib/amd64/jli/libjli.so
7f53db765000-7f53db77d000 r-xp 00000000 08:02 3539127                    /lib/x86_64-linux-gnu/libpthread-2.23.so
7f53db77d000-7f53db97c000 ---p 00018000 08:02 3539127                    /lib/x86_64-linux-gnu/libpthread-2.23.so
7f53db97c000-7f53db97d000 r--p 00017000 08:02 3539127                    /lib/x86_64-linux-gnu/libpthread-2.23.so
7f53db97d000-7f53db97e000 rw-p 00018000 08:02 3539127                    /lib/x86_64-linux-gnu/libpthread-2.23.so
7f53db97e000-7f53db982000 rw-p 00000000 00:00 0 
7f53db982000-7f53db9a8000 r-xp 00000000 08:02 3539126                    /lib/x86_64-linux-gnu/ld-2.23.so
7f53db9a8000-7f53db9a9000 r--s 00008000 08:02 4202443                    /home/wictor/.m2/repository/org/elasticsearch/elasticsearch-core/6.5.4/elasticsearch-core-6.5.4.jar
7f53db9a9000-7f53db9ae000 r--s 00034000 08:02 4068775                    /home/wictor/.m2/repository/com/google/code/gson/gson/2.8.2/gson-2.8.2.jar
7f53db9ae000-7f53db9b1000 r--s 00016000 08:02 4068266                    /home/wictor/.m2/repository/com/github/spullara/mustache/java/compiler/0.9.3/compiler-0.9.3.jar
7f53db9b1000-7f53dba86000 rw-p 00000000 00:00 0 
7f53dba86000-7f53dba89000 ---p 00000000 00:00 0 
7f53dba89000-7f53dbb8b000 rw-p 00000000 00:00 0 
7f53dbb8b000-7f53dbb8d000 r--s 0000d000 08:02 4202433                    /home/wictor/.m2/repository/org/elasticsearch/plugin/lang-mustache-client/6.5.4/lang-mustache-client-6.5.4.jar
7f53dbb8d000-7f53dbb8f000 r--s 00011000 08:02 4202435                    /home/wictor/.m2/repository/org/elasticsearch/plugin/rank-eval-client/6.5.4/rank-eval-client-6.5.4.jar
7f53dbb8f000-7f53dbb91000 r--s 0000d000 08:02 4202436                    /home/wictor/.m2/repository/org/elasticsearch/plugin/aggs-matrix-stats-client/6.5.4/aggs-matrix-stats-client-6.5.4.jar
7f53dbb91000-7f53dbb93000 r--s 00011000 08:02 4202434                    /home/wictor/.m2/repository/org/elasticsearch/plugin/parent-join-client/6.5.4/parent-join-client-6.5.4.jar
7f53dbb93000-7f53dbb9c000 r--s 00086000 08:02 4202432                    /home/wictor/.m2/repository/org/elasticsearch/client/elasticsearch-rest-high-level-client/6.5.4/elasticsearch-rest-high-level-client-6.5.4.jar
7f53dbb9c000-7f53dbba4000 rw-s 00000000 08:02 5637923                    /tmp/hsperfdata_wictor/25945
7f53dbba4000-7f53dbba5000 rw-p 00000000 00:00 0 
7f53dbba5000-7f53dbba6000 ---p 00000000 00:00 0 
7f53dbba6000-7f53dbba7000 rw-p 00000000 00:00 0 
7f53dbba7000-7f53dbba8000 r--p 00025000 08:02 3539126                    /lib/x86_64-linux-gnu/ld-2.23.so
7f53dbba8000-7f53dbba9000 rw-p 00026000 08:02 3539126                    /lib/x86_64-linux-gnu/ld-2.23.so
7f53dbba9000-7f53dbbaa000 rw-p 00000000 00:00 0 
7fff36749000-7fff3676c000 rw-p 00000000 00:00 0                          [stack]
7fff367b3000-7fff367b6000 r--p 00000000 00:00 0                          [vvar]
7fff367b6000-7fff367b8000 r-xp 00000000 00:00 0                          [vdso]
ffffffffff600000-ffffffffff601000 r-xp 00000000 00:00 0                  [vsyscall]

VM Arguments:
jvm_args: -Xmx2500m 
java_command: org.cloudsimplus.examples.bigdata.AppTeste
java_class_path (initial): /home/wictor/Downloads/manoelcampos-cloudsim-plus-38d7106/cloudsim-plus-examples/target/classes:/home/wictor/.m2/repository/org/elasticsearch/client/elasticsearch-rest-high-level-client/6.5.4/elasticsearch-rest-high-level-client-6.5.4.jar:/home/wictor/.m2/repository/org/elasticsearch/plugin/parent-join-client/6.5.4/parent-join-client-6.5.4.jar:/home/wictor/.m2/repository/org/elasticsearch/plugin/aggs-matrix-stats-client/6.5.4/aggs-matrix-stats-client-6.5.4.jar:/home/wictor/.m2/repository/org/elasticsearch/plugin/rank-eval-client/6.5.4/rank-eval-client-6.5.4.jar:/home/wictor/.m2/repository/org/elasticsearch/plugin/lang-mustache-client/6.5.4/lang-mustache-client-6.5.4.jar:/home/wictor/.m2/repository/com/github/spullara/mustache/java/compiler/0.9.3/compiler-0.9.3.jar:/home/wictor/Downloads/manoelcampos-cloudsim-plus-38d7106/cloudsim-plus/target/classes:/home/wictor/.m2/repository/org/apache/commons/commons-math3/3.6.1/commons-math3-3.6.1.jar:/home/wictor/.m2/repository/org/apache/commons/commons-lang3/3.7/commons-lang3-3.7.jar:/home/wictor/.m2/repository/com/google/code/gson/gson/2.8.2/gson-2.8.2.jar:/home/wictor/.m2/repository/ch/qos/logback/logback-core/1.3.0-alpha4/logback-core-1.3.0-alpha4.jar:/home/wictor/.m2/repository/ch/qos/logback/logback-classic/1.3.0-alpha4/logback-classic-1.3.0-alpha4.jar:/home/wictor/.m2/repository/com/sun/mail/javax.mail/1.6.0/javax.mail-1.6.0.jar:/home/wictor/.m2/repository/javax/activation/activation/1.1/activation-1.1.jar:/home/wictor/.m2/repository/org/slf4j/slf4j-api/1.8.0-beta2/slf4j-api-1.8.0-beta2.jar:/home/wictor/.m2/repository/org/elasticsearch/elasticsearch/6.5.4/elasticsearch-6.5.4.jar:/home/wictor/.m2/repository/org/elasticsearch/elasticsearch-core/6.5.4/elasticsearch-core-6.5.4.jar:/home/wictor/.m2/repository/org/elasticsearch/elasticsearch-secure-sm/6.5.4/elasticsearch-secure-sm-6.5.4.jar:/home/wictor/.m2/repository/org/elasticsearch/elasticsearch-x-content/6.5.4/elasticsearch-x-content-6.5.4.ja
Launcher Type: SUN_STANDARD

Environment Variables:
JAVA_HOME=/home/wictor/jdk1.8.0_111
PATH=/home/wictor/bin:/home/wictor/.local/bin:/usr/local/sbin:/usr/local/bin:/usr/sbin:/usr/bin:/sbin:/bin:/usr/games:/usr/local/games:/snap/bin:/usr/lib/jvm/java-10-oracle/bin:/usr/lib/jvm/java-10-oracle/db/bin
LD_LIBRARY_PATH=/home/wictor/jdk1.8.0_111/jre/lib/amd64:/home/wictor/jdk1.8.0_111/jre/lib/i386:
SHELL=/bin/bash
DISPLAY=:0

Signal Handlers:
SIGSEGV: [libjvm.so+0xac64b0], sa_mask[0]=11111111011111111101111111111110, sa_flags=SA_RESTART|SA_SIGINFO
SIGBUS: [libjvm.so+0xac64b0], sa_mask[0]=11111111011111111101111111111110, sa_flags=SA_RESTART|SA_SIGINFO
SIGFPE: [libjvm.so+0x91f950], sa_mask[0]=11111111011111111101111111111110, sa_flags=SA_RESTART|SA_SIGINFO
SIGPIPE: [libjvm.so+0x91f950], sa_mask[0]=11111111011111111101111111111110, sa_flags=SA_RESTART|SA_SIGINFO
SIGXFSZ: [libjvm.so+0x91f950], sa_mask[0]=11111111011111111101111111111110, sa_flags=SA_RESTART|SA_SIGINFO
SIGILL: [libjvm.so+0x91f950], sa_mask[0]=11111111011111111101111111111110, sa_flags=SA_RESTART|SA_SIGINFO
SIGUSR1: SIG_DFL, sa_mask[0]=00000000000000000000000000000000, sa_flags=none
SIGUSR2: [libjvm.so+0x920f80], sa_mask[0]=00100000000000000000000000000000, sa_flags=SA_RESTART|SA_SIGINFO
SIGHUP: [libjvm.so+0x922380], sa_mask[0]=11111111011111111101111111111110, sa_flags=SA_RESTART|SA_SIGINFO
SIGINT: SIG_IGN, sa_mask[0]=00000000000000000000000000000000, sa_flags=none
SIGTERM: [libjvm.so+0x922380], sa_mask[0]=11111111011111111101111111111110, sa_flags=SA_RESTART|SA_SIGINFO
SIGQUIT: [libjvm.so+0x922380], sa_mask[0]=11111111011111111101111111111110, sa_flags=SA_RESTART|SA_SIGINFO


---------------  S Y S T E M  ---------------

OS:DISTRIB_ID=Ubuntu
DISTRIB_RELEASE=16.04
DISTRIB_CODENAME=xenial
DISTRIB_DESCRIPTION="Ubuntu 16.04.6 LTS"

uname:Linux 4.15.0-46-generic #49~16.04.1-Ubuntu SMP Tue Feb 12 17:45:24 UTC 2019 x86_64
libc:glibc 2.23 NPTL 2.23 
rlimit: STACK 8192k, CORE 0k, NPROC 14393, NOFILE 1048576, AS infinity
load average:28,65 8,76 3,86

/proc/meminfo:
MemTotal:        3922448 kB
MemFree:          102736 kB
MemAvailable:      29952 kB
Buffers:             508 kB
Cached:           183076 kB
SwapCached:         4976 kB
Active:          2841216 kB
Inactive:         610760 kB
Active(anon):    2834184 kB
Inactive(anon):   590392 kB
Active(file):       7032 kB
Inactive(file):    20368 kB
Unevictable:         976 kB
Mlocked:             976 kB
SwapTotal:       4076540 kB
SwapFree:              8 kB
Dirty:               104 kB
Writeback:             0 kB
AnonPages:       3266892 kB
Mapped:            79052 kB
Shmem:            156040 kB
Slab:             190112 kB
SReclaimable:      65304 kB
SUnreclaim:       124808 kB
KernelStack:       20016 kB
PageTables:        82552 kB
NFS_Unstable:          0 kB
Bounce:                0 kB
WritebackTmp:          0 kB
CommitLimit:     6037764 kB
Committed_AS:   17580132 kB
VmallocTotal:   34359738367 kB
VmallocUsed:           0 kB
VmallocChunk:          0 kB
HardwareCorrupted:     0 kB
AnonHugePages:         0 kB
ShmemHugePages:        0 kB
ShmemPmdMapped:        0 kB
CmaTotal:              0 kB
CmaFree:               0 kB
HugePages_Total:       0
HugePages_Free:        0
HugePages_Rsvd:        0
HugePages_Surp:        0
Hugepagesize:       2048 kB
DirectMap4k:      487720 kB
DirectMap2M:     3590144 kB


CPU:total 8 (4 cores per cpu, 2 threads per core) family 6 model 58 stepping 9, cmov, cx8, fxsr, mmx, sse, sse2, sse3, ssse3, sse4.1, sse4.2, popcnt, avx, aes, clmul, erms, ht, tsc, tscinvbit, tscinv

/proc/cpuinfo:
processor	: 0
vendor_id	: GenuineIntel
cpu family	: 6
model		: 58
model name	: Intel(R) Core(TM) i7-3610QM CPU @ 2.30GHz
stepping	: 9
microcode	: 0x20
cpu MHz		: 3192.191
cache size	: 6144 KB
physical id	: 0
siblings	: 8
core id		: 0
cpu cores	: 4
apicid		: 0
initial apicid	: 0
fpu		: yes
fpu_exception	: yes
cpuid level	: 13
wp		: yes
flags		: fpu vme de pse tsc msr pae mce cx8 apic sep mtrr pge mca cmov pat pse36 clflush dts acpi mmx fxsr sse sse2 ss ht tm pbe syscall nx rdtscp lm constant_tsc arch_perfmon pebs bts rep_good nopl xtopology nonstop_tsc cpuid aperfmperf pni pclmulqdq dtes64 monitor ds_cpl vmx est tm2 ssse3 cx16 xtpr pdcm pcid sse4_1 sse4_2 x2apic popcnt tsc_deadline_timer aes xsave avx f16c rdrand lahf_lm cpuid_fault epb pti ssbd ibrs ibpb stibp tpr_shadow vnmi flexpriority ept vpid fsgsbase smep erms xsaveopt dtherm ida arat pln pts flush_l1d
bugs		: cpu_meltdown spectre_v1 spectre_v2 spec_store_bypass l1tf
bogomips	: 4589.45
clflush size	: 64
cache_alignment	: 64
address sizes	: 36 bits physical, 48 bits virtual
power management:

processor	: 1
vendor_id	: GenuineIntel
cpu family	: 6
model		: 58
model name	: Intel(R) Core(TM) i7-3610QM CPU @ 2.30GHz
stepping	: 9
microcode	: 0x20
cpu MHz		: 1321.392
cache size	: 6144 KB
physical id	: 0
siblings	: 8
core id		: 1
cpu cores	: 4
apicid		: 2
initial apicid	: 2
fpu		: yes
fpu_exception	: yes
cpuid level	: 13
wp		: yes
flags		: fpu vme de pse tsc msr pae mce cx8 apic sep mtrr pge mca cmov pat pse36 clflush dts acpi mmx fxsr sse sse2 ss ht tm pbe syscall nx rdtscp lm constant_tsc arch_perfmon pebs bts rep_good nopl xtopology nonstop_tsc cpuid aperfmperf pni pclmulqdq dtes64 monitor ds_cpl vmx est tm2 ssse3 cx16 xtpr pdcm pcid sse4_1 sse4_2 x2apic popcnt tsc_deadline_timer aes xsave avx f16c rdrand lahf_lm cpuid_fault epb pti ssbd ibrs ibpb stibp tpr_shadow vnmi flexpriority ept vpid fsgsbase smep erms xsaveopt dtherm ida arat pln pts flush_l1d
bugs		: cpu_meltdown spectre_v1 spectre_v2 spec_store_bypass l1tf
bogomips	: 4589.45
clflush size	: 64
cache_alignment	: 64
address sizes	: 36 bits physical, 48 bits virtual
power management:

processor	: 2
vendor_id	: GenuineIntel
cpu family	: 6
model		: 58
model name	: Intel(R) Core(TM) i7-3610QM CPU @ 2.30GHz
stepping	: 9
microcode	: 0x20
cpu MHz		: 3153.123
cache size	: 6144 KB
physical id	: 0
siblings	: 8
core id		: 2
cpu cores	: 4
apicid		: 4
initial apicid	: 4
fpu		: yes
fpu_exception	: yes
cpuid level	: 13
wp		: yes
flags		: fpu vme de pse tsc msr pae mce cx8 apic sep mtrr pge mca cmov pat pse36 clflush dts acpi mmx fxsr sse sse2 ss ht tm pbe syscall nx rdtscp lm constant_tsc arch_perfmon pebs bts rep_good nopl xtopology nonstop_tsc cpuid aperfmperf pni pclmulqdq dtes64 monitor ds_cpl vmx est tm2 ssse3 cx16 xtpr pdcm pcid sse4_1 sse4_2 x2apic popcnt tsc_deadline_timer aes xsave avx f16c rdrand lahf_lm cpuid_fault epb pti ssbd ibrs ibpb stibp tpr_shadow vnmi flexpriority ept vpid fsgsbase smep erms xsaveopt dtherm ida arat pln pts flush_l1d
bugs		: cpu_meltdown spectre_v1 spectre_v2 spec_store_bypass l1tf
bogomips	: 4589.45
clflush size	: 64
cache_alignment	: 64
address sizes	: 36 bits physical, 48 bits virtual
power management:

processor	: 3
vendor_id	: GenuineIntel
cpu family	: 6
model		: 58
model name	: Intel(R) Core(TM) i7-3610QM CPU @ 2.30GHz
stepping	: 9
microcode	: 0x20
cpu MHz		: 1707.030
cache size	: 6144 KB
physical id	: 0
siblings	: 8
core id		: 3
cpu cores	: 4
apicid		: 6
initial apicid	: 6
fpu		: yes
fpu_exception	: yes
cpuid level	: 13
wp		: yes
flags		: fpu vme de pse tsc msr pae mce cx8 apic sep mtrr pge mca cmov pat pse36 clflush dts acpi mmx fxsr sse sse2 ss ht tm pbe syscall nx rdtscp lm constant_tsc arch_perfmon pebs bts rep_good nopl xtopology nonstop_tsc cpuid aperfmperf pni pclmulqdq dtes64 monitor ds_cpl vmx est tm2 ssse3 cx16 xtpr pdcm pcid sse4_1 sse4_2 x2apic popcnt tsc_deadline_timer aes xsave avx f16c rdrand lahf_lm cpuid_fault epb pti ssbd ibrs ibpb stibp tpr_shadow vnmi flexpriority ept vpid fsgsbase smep erms xsaveopt dtherm ida arat pln pts flush_l1d
bugs		: cpu_meltdown spectre_v1 spectre_v2 spec_store_bypass l1tf
bogomips	: 4589.45
clflush size	: 64
cache_alignment	: 64
address sizes	: 36 bits physical, 48 bits virtual
power management:

processor	: 4
vendor_id	: GenuineIntel
cpu family	: 6
model		: 58
model name	: Intel(R) Core(TM) i7-3610QM CPU @ 2.30GHz
stepping	: 9
microcode	: 0x20
cpu MHz		: 3132.279
cache size	: 6144 KB
physical id	: 0
siblings	: 8
core id		: 0
cpu cores	: 4
apicid		: 1
initial apicid	: 1
fpu		: yes
fpu_exception	: yes
cpuid level	: 13
wp		: yes
flags		: fpu vme de pse tsc msr pae mce cx8 apic sep mtrr pge mca cmov pat pse36 clflush dts acpi mmx fxsr sse sse2 ss ht tm pbe syscall nx rdtscp lm constant_tsc arch_perfmon pebs bts rep_good nopl xtopology nonstop_tsc cpuid aperfmperf pni pclmulqdq dtes64 monitor ds_cpl vmx est tm2 ssse3 cx16 xtpr pdcm pcid sse4_1 sse4_2 x2apic popcnt tsc_deadline_timer aes xsave avx f16c rdrand lahf_lm cpuid_fault epb pti ssbd ibrs ibpb stibp tpr_shadow vnmi flexpriority ept vpid fsgsbase smep erms xsaveopt dtherm ida arat pln pts flush_l1d
bugs		: cpu_meltdown spectre_v1 spectre_v2 spec_store_bypass l1tf
bogomips	: 4589.45
clflush size	: 64
cache_alignment	: 64
address sizes	: 36 bits physical, 48 bits virtual
power management:

processor	: 5
vendor_id	: GenuineIntel
cpu family	: 6
model		: 58
model name	: Intel(R) Core(TM) i7-3610QM CPU @ 2.30GHz
stepping	: 9
microcode	: 0x20
cpu MHz		: 3130.612
cache size	: 6144 KB
physical id	: 0
siblings	: 8
core id		: 1
cpu cores	: 4
apicid		: 3
initial apicid	: 3
fpu		: yes
fpu_exception	: yes
cpuid level	: 13
wp		: yes
flags		: fpu vme de pse tsc msr pae mce cx8 apic sep mtrr pge mca cmov pat pse36 clflush dts acpi mmx fxsr sse sse2 ss ht tm pbe syscall nx rdtscp lm constant_tsc arch_perfmon pebs bts rep_good nopl xtopology nonstop_tsc cpuid aperfmperf pni pclmulqdq dtes64 monitor ds_cpl vmx est tm2 ssse3 cx16 xtpr pdcm pcid sse4_1 sse4_2 x2apic popcnt tsc_deadline_timer aes xsave avx f16c rdrand lahf_lm cpuid_fault epb pti ssbd ibrs ibpb stibp tpr_shadow vnmi flexpriority ept vpid fsgsbase smep erms xsaveopt dtherm ida arat pln pts flush_l1d
bugs		: cpu_meltdown spectre_v1 spectre_v2 spec_store_bypass l1tf
bogomips	: 4589.45
clflush size	: 64
cache_alignment	: 64
address sizes	: 36 bits physical, 48 bits virtual
power management:

processor	: 6
vendor_id	: GenuineIntel
cpu family	: 6
model		: 58
model name	: Intel(R) Core(TM) i7-3610QM CPU @ 2.30GHz
stepping	: 9
microcode	: 0x20
cpu MHz		: 1835.830
cache size	: 6144 KB
physical id	: 0
siblings	: 8
core id		: 2
cpu cores	: 4
apicid		: 5
initial apicid	: 5
fpu		: yes
fpu_exception	: yes
cpuid level	: 13
wp		: yes
flags		: fpu vme de pse tsc msr pae mce cx8 apic sep mtrr pge mca cmov pat pse36 clflush dts acpi mmx fxsr sse sse2 ss ht tm pbe syscall nx rdtscp lm constant_tsc arch_perfmon pebs bts rep_good nopl xtopology nonstop_tsc cpuid aperfmperf pni pclmulqdq dtes64 monitor ds_cpl vmx est tm2 ssse3 cx16 xtpr pdcm pcid sse4_1 sse4_2 x2apic popcnt tsc_deadline_timer aes xsave avx f16c rdrand lahf_lm cpuid_fault epb pti ssbd ibrs ibpb stibp tpr_shadow vnmi flexpriority ept vpid fsgsbase smep erms xsaveopt dtherm ida arat pln pts flush_l1d
bugs		: cpu_meltdown spectre_v1 spectre_v2 spec_store_bypass l1tf
bogomips	: 4589.45
clflush size	: 64
cache_alignment	: 64
address sizes	: 36 bits physical, 48 bits virtual
power management:

processor	: 7
vendor_id	: GenuineIntel
cpu family	: 6
model		: 58
model name	: Intel(R) Core(TM) i7-3610QM CPU @ 2.30GHz
stepping	: 9
microcode	: 0x20
cpu MHz		: 1801.132
cache size	: 6144 KB
physical id	: 0
siblings	: 8
core id		: 3
cpu cores	: 4
apicid		: 7
initial apicid	: 7
fpu		: yes
fpu_exception	: yes
cpuid level	: 13
wp		: yes
flags		: fpu vme de pse tsc msr pae mce cx8 apic sep mtrr pge mca cmov pat pse36 clflush dts acpi mmx fxsr sse sse2 ss ht tm pbe syscall nx rdtscp lm constant_tsc arch_perfmon pebs bts rep_good nopl xtopology nonstop_tsc cpuid aperfmperf pni pclmulqdq dtes64 monitor ds_cpl vmx est tm2 ssse3 cx16 xtpr pdcm pcid sse4_1 sse4_2 x2apic popcnt tsc_deadline_timer aes xsave avx f16c rdrand lahf_lm cpuid_fault epb pti ssbd ibrs ibpb stibp tpr_shadow vnmi flexpriority ept vpid fsgsbase smep erms xsaveopt dtherm ida arat pln pts flush_l1d
bugs		: cpu_meltdown spectre_v1 spectre_v2 spec_store_bypass l1tf
bogomips	: 4589.45
clflush size	: 64
cache_alignment	: 64
address sizes	: 36 bits physical, 48 bits virtual
power management:



Memory: 4k page, physical 3922448k(110176k free), swap 4076540k(4k free)

vm_info: Java HotSpot(TM) 64-Bit Server VM (25.111-b14) for linux-amd64 JRE (1.8.0_111-b14), built on Sep 22 2016 16:14:03 by "java_re" with gcc 4.3.0 20080428 (Red Hat 4.3.0-8)

time: Mon Mar 11 19:58:08 2019
elapsed time: 90 seconds (0d 0h 1m 30s)

